<?xml version="1.0" encoding="UTF-8" ?>
<testsuite tests="34" failures="0" name="fr.devsquad.minutemed.database.JPADataManagerUnitTest" time="13.996" errors="34" skipped="0">
  <properties>
    <property name="java.runtime.name" value="Java(TM) SE Runtime Environment"/>
    <property name="sun.boot.library.path" value="C:\Program Files\Java\jdk1.8.0_144\jre\bin"/>
    <property name="java.vm.version" value="25.144-b01"/>
    <property name="java.vm.vendor" value="Oracle Corporation"/>
    <property name="java.vendor.url" value="http://java.oracle.com/"/>
    <property name="path.separator" value=";"/>
    <property name="guice.disable.misplaced.annotation.check" value="true"/>
    <property name="java.vm.name" value="Java HotSpot(TM) 64-Bit Server VM"/>
    <property name="file.encoding.pkg" value="sun.io"/>
    <property name="user.script" value=""/>
    <property name="user.country" value="FR"/>
    <property name="sun.java.launcher" value="SUN_STANDARD"/>
    <property name="sun.os.patch.level" value=""/>
    <property name="java.vm.specification.name" value="Java Virtual Machine Specification"/>
    <property name="user.dir" value="C:\Users\home\Desktop\MinuteMed"/>
    <property name="java.runtime.version" value="1.8.0_144-b01"/>
    <property name="netbeans.deploy" value="true"/>
    <property name="java.awt.graphicsenv" value="sun.awt.Win32GraphicsEnvironment"/>
    <property name="java.endorsed.dirs" value="C:\Program Files\Java\jdk1.8.0_144\jre\lib\endorsed"/>
    <property name="os.arch" value="amd64"/>
    <property name="java.io.tmpdir" value="C:\Users\home\AppData\Local\Temp\"/>
    <property name="line.separator" value="
"/>
    <property name="java.vm.specification.vendor" value="Oracle Corporation"/>
    <property name="user.variant" value=""/>
    <property name="os.name" value="Windows 10"/>
    <property name="maven.ext.class.path" value="C:\Program Files\NetBeans 8.2\java\maven-nblib\netbeans-eventspy.jar"/>
    <property name="classworlds.conf" value="C:\Program Files\NetBeans 8.2\java\maven\bin\m2.conf"/>
    <property name="sun.jnu.encoding" value="Cp1252"/>
    <property name="java.library.path" value="C:\Program Files\Java\jdk1.8.0_144\bin;C:\WINDOWS\Sun\Java\bin;C:\WINDOWS\system32;C:\WINDOWS;C:\ProgramData\Oracle\Java\javapath;C:\Program Files (x86)\Intel\iCLS Client\;C:\Program Files\Intel\iCLS Client\;C:\Windows\system32;C:\Windows;C:\Windows\System32\Wbem;C:\Windows\System32\WindowsPowerShell\v1.0\;C:\Program Files (x86)\Intel\Intel(R) Management Engine Components\DAL;C:\Program Files\Intel\Intel(R) Management Engine Components\DAL;C:\Program Files (x86)\Intel\Intel(R) Management Engine Components\IPT;C:\Program Files\Intel\Intel(R) Management Engine Components\IPT;C:\Program Files (x86)\NVIDIA Corporation\PhysX\Common;C:\WINDOWS\system32;C:\WINDOWS;C:\WINDOWS\System32\Wbem;C:\WINDOWS\System32\WindowsPowerShell\v1.0\;C:\Program Files (x86)\Skype\Phone\;C:\Users\home\AppData\Local\Microsoft\WindowsApps;C:\Users\home\Documents\apache-maven-3.5.2\bin;C:\Program Files\Java\jdk1.8.0_144;C:\Program Files\Java\jre1.8.0_144;;."/>
    <property name="java.specification.name" value="Java Platform API Specification"/>
    <property name="java.class.version" value="52.0"/>
    <property name="sun.management.compiler" value="HotSpot 64-Bit Tiered Compilers"/>
    <property name="os.version" value="10.0"/>
    <property name="user.home" value="C:\Users\home"/>
    <property name="user.timezone" value="GMT+01:00"/>
    <property name="java.awt.printerjob" value="sun.awt.windows.WPrinterJob"/>
    <property name="java.specification.version" value="1.8"/>
    <property name="file.encoding" value="UTF-8"/>
    <property name="user.name" value="home"/>
    <property name="java.class.path" value="C:\Program Files\NetBeans 8.2\java\maven\boot\plexus-classworlds-2.4.jar"/>
    <property name="java.vm.specification.version" value="1.8"/>
    <property name="sun.arch.data.model" value="64"/>
    <property name="java.home" value="C:\Program Files\Java\jdk1.8.0_144\jre"/>
    <property name="sun.java.command" value="org.codehaus.plexus.classworlds.launcher.Launcher -Dnetbeans.deploy=true -Dmaven.ext.class.path=C:\Program Files\NetBeans 8.2\java\maven-nblib\netbeans-eventspy.jar -Dfile.encoding=UTF-8 package"/>
    <property name="java.specification.vendor" value="Oracle Corporation"/>
    <property name="user.language" value="fr"/>
    <property name="awt.toolkit" value="sun.awt.windows.WToolkit"/>
    <property name="java.vm.info" value="mixed mode"/>
    <property name="java.version" value="1.8.0_144"/>
    <property name="java.ext.dirs" value="C:\Program Files\Java\jdk1.8.0_144\jre\lib\ext;C:\WINDOWS\Sun\Java\lib\ext"/>
    <property name="sun.boot.class.path" value="C:\Program Files\Java\jdk1.8.0_144\jre\lib\resources.jar;C:\Program Files\Java\jdk1.8.0_144\jre\lib\rt.jar;C:\Program Files\Java\jdk1.8.0_144\jre\lib\sunrsasign.jar;C:\Program Files\Java\jdk1.8.0_144\jre\lib\jsse.jar;C:\Program Files\Java\jdk1.8.0_144\jre\lib\jce.jar;C:\Program Files\Java\jdk1.8.0_144\jre\lib\charsets.jar;C:\Program Files\Java\jdk1.8.0_144\jre\lib\jfr.jar;C:\Program Files\Java\jdk1.8.0_144\jre\classes"/>
    <property name="java.vendor" value="Oracle Corporation"/>
    <property name="maven.home" value="C:\Program Files\NetBeans 8.2\java\maven"/>
    <property name="file.separator" value="\"/>
    <property name="java.vendor.url.bug" value="http://bugreport.sun.com/bugreport/"/>
    <property name="sun.cpu.endian" value="little"/>
    <property name="sun.io.unicode.encoding" value="UnicodeLittle"/>
    <property name="sun.desktop" value="windows"/>
    <property name="sun.cpu.isalist" value="amd64"/>
  </properties>
  <testcase classname="fr.devsquad.minutemed.database.JPADataManagerUnitTest" name="testGetService" time="3.02">
    <error message="Exception [EclipseLink-7060] (Eclipse Persistence Services - 2.5.2.v20140319-9ad6abd): org.eclipse.persistence.exceptions.ValidationException
Exception Description: Cannot acquire data source [java:app/APHP].
Internal Exception: javax.naming.NamingException: Lookup failed for &apos;java:app/APHP&apos; in SerialContext[myEnv={java.naming.factory.initial=com.sun.enterprise.naming.impl.SerialInitContextFactory, java.naming.factory.state=com.sun.corba.ee.impl.presentation.rmi.JNDIStateFactoryImpl, java.naming.factory.url.pkgs=com.sun.enterprise.naming} [Root exception is javax.naming.NamingException: Invocation exception: Got null ComponentInvocation ]" type="javax.persistence.PersistenceException">javax.persistence.PersistenceException: Exception [EclipseLink-7060] (Eclipse Persistence Services - 2.5.2.v20140319-9ad6abd): org.eclipse.persistence.exceptions.ValidationException
Exception Description: Cannot acquire data source [java:app/APHP].
Internal Exception: javax.naming.NamingException: Lookup failed for &apos;java:app/APHP&apos; in SerialContext[myEnv={java.naming.factory.initial=com.sun.enterprise.naming.impl.SerialInitContextFactory, java.naming.factory.state=com.sun.corba.ee.impl.presentation.rmi.JNDIStateFactoryImpl, java.naming.factory.url.pkgs=com.sun.enterprise.naming} [Root exception is javax.naming.NamingException: Invocation exception: Got null ComponentInvocation ]
	at org.eclipse.persistence.internal.jpa.EntityManagerSetupImpl.deploy(EntityManagerSetupImpl.java:766)
	at org.eclipse.persistence.internal.jpa.EntityManagerFactoryDelegate.getAbstractSession(EntityManagerFactoryDelegate.java:204)
	at org.eclipse.persistence.internal.jpa.EntityManagerFactoryDelegate.getDatabaseSession(EntityManagerFactoryDelegate.java:182)
	at org.eclipse.persistence.internal.jpa.EntityManagerFactoryImpl.getDatabaseSession(EntityManagerFactoryImpl.java:527)
	at org.eclipse.persistence.jpa.PersistenceProvider.createEntityManagerFactoryImpl(PersistenceProvider.java:140)
	at org.eclipse.persistence.jpa.PersistenceProvider.createEntityManagerFactory(PersistenceProvider.java:177)
	at javax.persistence.Persistence.createEntityManagerFactory(Persistence.java:79)
	at javax.persistence.Persistence.createEntityManagerFactory(Persistence.java:54)
	at fr.devsquad.minutemed.database.JPADataManager.&lt;init&gt;(JPADataManager.java:41)
	at fr.devsquad.minutemed.database.JPADataManagerUnitTest.testGetService(JPADataManagerUnitTest.java:351)
	at sun.reflect.NativeMethodAccessorImpl.invoke0(Native Method)
	at sun.reflect.NativeMethodAccessorImpl.invoke(NativeMethodAccessorImpl.java:62)
	at sun.reflect.DelegatingMethodAccessorImpl.invoke(DelegatingMethodAccessorImpl.java:43)
	at java.lang.reflect.Method.invoke(Method.java:498)
	at org.junit.runners.model.FrameworkMethod$1.runReflectiveCall(FrameworkMethod.java:50)
	at org.junit.internal.runners.model.ReflectiveCallable.run(ReflectiveCallable.java:12)
	at org.junit.runners.model.FrameworkMethod.invokeExplosively(FrameworkMethod.java:47)
	at org.junit.internal.runners.statements.InvokeMethod.evaluate(InvokeMethod.java:17)
	at org.junit.runners.ParentRunner.runLeaf(ParentRunner.java:325)
	at org.junit.runners.BlockJUnit4ClassRunner.runChild(BlockJUnit4ClassRunner.java:78)
	at org.junit.runners.BlockJUnit4ClassRunner.runChild(BlockJUnit4ClassRunner.java:57)
	at org.junit.runners.ParentRunner$3.run(ParentRunner.java:290)
	at org.junit.runners.ParentRunner$1.schedule(ParentRunner.java:71)
	at org.junit.runners.ParentRunner.runChildren(ParentRunner.java:288)
	at org.junit.runners.ParentRunner.access$000(ParentRunner.java:58)
	at org.junit.runners.ParentRunner$2.evaluate(ParentRunner.java:268)
	at org.junit.runners.ParentRunner.run(ParentRunner.java:363)
	at org.mockito.internal.runners.JUnit45AndHigherRunnerImpl.run(JUnit45AndHigherRunnerImpl.java:37)
	at org.mockito.runners.MockitoJUnitRunner.run(MockitoJUnitRunner.java:62)
	at org.apache.maven.surefire.junit4.JUnit4TestSet.execute(JUnit4TestSet.java:53)
	at org.apache.maven.surefire.junit4.JUnit4Provider.executeTestSet(JUnit4Provider.java:123)
	at org.apache.maven.surefire.junit4.JUnit4Provider.invoke(JUnit4Provider.java:104)
	at sun.reflect.NativeMethodAccessorImpl.invoke0(Native Method)
	at sun.reflect.NativeMethodAccessorImpl.invoke(NativeMethodAccessorImpl.java:62)
	at sun.reflect.DelegatingMethodAccessorImpl.invoke(DelegatingMethodAccessorImpl.java:43)
	at java.lang.reflect.Method.invoke(Method.java:498)
	at org.apache.maven.surefire.util.ReflectionUtils.invokeMethodWithArray(ReflectionUtils.java:164)
	at org.apache.maven.surefire.booter.ProviderFactory$ProviderProxy.invoke(ProviderFactory.java:110)
	at org.apache.maven.surefire.booter.SurefireStarter.invokeProvider(SurefireStarter.java:175)
	at org.apache.maven.surefire.booter.SurefireStarter.runSuitesInProcessWhenForked(SurefireStarter.java:107)
	at org.apache.maven.surefire.booter.ForkedBooter.main(ForkedBooter.java:68)
Caused by: Exception [EclipseLink-7060] (Eclipse Persistence Services - 2.5.2.v20140319-9ad6abd): org.eclipse.persistence.exceptions.ValidationException
Exception Description: Cannot acquire data source [java:app/APHP].
Internal Exception: javax.naming.NamingException: Lookup failed for &apos;java:app/APHP&apos; in SerialContext[myEnv={java.naming.factory.initial=com.sun.enterprise.naming.impl.SerialInitContextFactory, java.naming.factory.state=com.sun.corba.ee.impl.presentation.rmi.JNDIStateFactoryImpl, java.naming.factory.url.pkgs=com.sun.enterprise.naming} [Root exception is javax.naming.NamingException: Invocation exception: Got null ComponentInvocation ]
	at org.eclipse.persistence.exceptions.ValidationException.cannotAcquireDataSource(ValidationException.java:520)
	at org.eclipse.persistence.sessions.JNDIConnector.connect(JNDIConnector.java:109)
	at org.eclipse.persistence.sessions.DatasourceLogin.connectToDatasource(DatasourceLogin.java:162)
	at org.eclipse.persistence.internal.sessions.DatabaseSessionImpl.setOrDetectDatasource(DatabaseSessionImpl.java:204)
	at org.eclipse.persistence.internal.sessions.DatabaseSessionImpl.loginAndDetectDatasource(DatabaseSessionImpl.java:741)
	at org.eclipse.persistence.internal.jpa.EntityManagerFactoryProvider.login(EntityManagerFactoryProvider.java:239)
	at org.eclipse.persistence.internal.jpa.EntityManagerSetupImpl.deploy(EntityManagerSetupImpl.java:685)
	... 40 more
Caused by: javax.naming.NamingException: Lookup failed for &apos;java:app/APHP&apos; in SerialContext[myEnv={java.naming.factory.initial=com.sun.enterprise.naming.impl.SerialInitContextFactory, java.naming.factory.state=com.sun.corba.ee.impl.presentation.rmi.JNDIStateFactoryImpl, java.naming.factory.url.pkgs=com.sun.enterprise.naming} [Root exception is javax.naming.NamingException: Invocation exception: Got null ComponentInvocation ]
	at com.sun.enterprise.naming.impl.SerialContext.lookup(SerialContext.java:491)
	at com.sun.enterprise.naming.impl.SerialContext.lookup(SerialContext.java:438)
	at com.sun.enterprise.naming.impl.SerialContext.lookup(SerialContext.java:622)
	at javax.naming.InitialContext.lookup(InitialContext.java:421)
	at org.eclipse.persistence.sessions.JNDIConnector.connect(JNDIConnector.java:103)
	... 45 more
Caused by: javax.naming.NamingException: Invocation exception: Got null ComponentInvocation 
	at com.sun.enterprise.naming.impl.GlassfishNamingManagerImpl.getComponentId(GlassfishNamingManagerImpl.java:842)
	at com.sun.enterprise.naming.impl.GlassfishNamingManagerImpl.lookup(GlassfishNamingManagerImpl.java:714)
	at com.sun.enterprise.naming.impl.JavaURLContext.lookup(JavaURLContext.java:167)
	at com.sun.enterprise.naming.impl.SerialContext.lookup(SerialContext.java:471)
	... 49 more
</error>
    <system-out>[EL Info]: 2018-02-01 15:06:31.568--ServerSession(918312414)--EclipseLink, version: Eclipse Persistence Services - 2.5.2.v20140319-9ad6abd
[EL Severe]: ejb: 2018-02-01 15:06:32.788--ServerSession(918312414)--Exception [EclipseLink-7060] (Eclipse Persistence Services - 2.5.2.v20140319-9ad6abd): org.eclipse.persistence.exceptions.ValidationException
Exception Description: Cannot acquire data source [java:app/APHP].
Internal Exception: javax.naming.NamingException: Lookup failed for &apos;java:app/APHP&apos; in SerialContext[myEnv={java.naming.factory.initial=com.sun.enterprise.naming.impl.SerialInitContextFactory, java.naming.factory.state=com.sun.corba.ee.impl.presentation.rmi.JNDIStateFactoryImpl, java.naming.factory.url.pkgs=com.sun.enterprise.naming} [Root exception is javax.naming.NamingException: Invocation exception: Got null ComponentInvocation ]
</system-out>
    <system-err>févr. 01, 2018 3:06:31 PM org.hibernate.validator.internal.util.Version &lt;clinit&gt;
INFO: HV000001: Hibernate Validator 5.0.0.Final
</system-err>
  </testcase>
  <testcase classname="fr.devsquad.minutemed.database.JPADataManagerUnitTest" name="testGetAllCareUnits" time="0.336">
    <error message="Exception [EclipseLink-7060] (Eclipse Persistence Services - 2.5.2.v20140319-9ad6abd): org.eclipse.persistence.exceptions.ValidationException
Exception Description: Cannot acquire data source [java:app/APHP].
Internal Exception: javax.naming.NamingException: Lookup failed for &apos;java:app/APHP&apos; in SerialContext[myEnv={java.naming.factory.initial=com.sun.enterprise.naming.impl.SerialInitContextFactory, java.naming.factory.state=com.sun.corba.ee.impl.presentation.rmi.JNDIStateFactoryImpl, java.naming.factory.url.pkgs=com.sun.enterprise.naming} [Root exception is javax.naming.NamingException: Invocation exception: Got null ComponentInvocation ]" type="javax.persistence.PersistenceException">javax.persistence.PersistenceException: Exception [EclipseLink-7060] (Eclipse Persistence Services - 2.5.2.v20140319-9ad6abd): org.eclipse.persistence.exceptions.ValidationException
Exception Description: Cannot acquire data source [java:app/APHP].
Internal Exception: javax.naming.NamingException: Lookup failed for &apos;java:app/APHP&apos; in SerialContext[myEnv={java.naming.factory.initial=com.sun.enterprise.naming.impl.SerialInitContextFactory, java.naming.factory.state=com.sun.corba.ee.impl.presentation.rmi.JNDIStateFactoryImpl, java.naming.factory.url.pkgs=com.sun.enterprise.naming} [Root exception is javax.naming.NamingException: Invocation exception: Got null ComponentInvocation ]
	at org.eclipse.persistence.internal.jpa.EntityManagerSetupImpl.deploy(EntityManagerSetupImpl.java:766)
	at org.eclipse.persistence.internal.jpa.EntityManagerFactoryDelegate.getAbstractSession(EntityManagerFactoryDelegate.java:204)
	at org.eclipse.persistence.internal.jpa.EntityManagerFactoryDelegate.getDatabaseSession(EntityManagerFactoryDelegate.java:182)
	at org.eclipse.persistence.internal.jpa.EntityManagerFactoryImpl.getDatabaseSession(EntityManagerFactoryImpl.java:527)
	at org.eclipse.persistence.jpa.PersistenceProvider.createEntityManagerFactoryImpl(PersistenceProvider.java:140)
	at org.eclipse.persistence.jpa.PersistenceProvider.createEntityManagerFactory(PersistenceProvider.java:177)
	at javax.persistence.Persistence.createEntityManagerFactory(Persistence.java:79)
	at javax.persistence.Persistence.createEntityManagerFactory(Persistence.java:54)
	at fr.devsquad.minutemed.database.JPADataManager.&lt;init&gt;(JPADataManager.java:41)
	at fr.devsquad.minutemed.database.JPADataManagerUnitTest.testGetAllCareUnits(JPADataManagerUnitTest.java:689)
	at sun.reflect.NativeMethodAccessorImpl.invoke0(Native Method)
	at sun.reflect.NativeMethodAccessorImpl.invoke(NativeMethodAccessorImpl.java:62)
	at sun.reflect.DelegatingMethodAccessorImpl.invoke(DelegatingMethodAccessorImpl.java:43)
	at java.lang.reflect.Method.invoke(Method.java:498)
	at org.junit.runners.model.FrameworkMethod$1.runReflectiveCall(FrameworkMethod.java:50)
	at org.junit.internal.runners.model.ReflectiveCallable.run(ReflectiveCallable.java:12)
	at org.junit.runners.model.FrameworkMethod.invokeExplosively(FrameworkMethod.java:47)
	at org.junit.internal.runners.statements.InvokeMethod.evaluate(InvokeMethod.java:17)
	at org.junit.runners.ParentRunner.runLeaf(ParentRunner.java:325)
	at org.junit.runners.BlockJUnit4ClassRunner.runChild(BlockJUnit4ClassRunner.java:78)
	at org.junit.runners.BlockJUnit4ClassRunner.runChild(BlockJUnit4ClassRunner.java:57)
	at org.junit.runners.ParentRunner$3.run(ParentRunner.java:290)
	at org.junit.runners.ParentRunner$1.schedule(ParentRunner.java:71)
	at org.junit.runners.ParentRunner.runChildren(ParentRunner.java:288)
	at org.junit.runners.ParentRunner.access$000(ParentRunner.java:58)
	at org.junit.runners.ParentRunner$2.evaluate(ParentRunner.java:268)
	at org.junit.runners.ParentRunner.run(ParentRunner.java:363)
	at org.mockito.internal.runners.JUnit45AndHigherRunnerImpl.run(JUnit45AndHigherRunnerImpl.java:37)
	at org.mockito.runners.MockitoJUnitRunner.run(MockitoJUnitRunner.java:62)
	at org.apache.maven.surefire.junit4.JUnit4TestSet.execute(JUnit4TestSet.java:53)
	at org.apache.maven.surefire.junit4.JUnit4Provider.executeTestSet(JUnit4Provider.java:123)
	at org.apache.maven.surefire.junit4.JUnit4Provider.invoke(JUnit4Provider.java:104)
	at sun.reflect.NativeMethodAccessorImpl.invoke0(Native Method)
	at sun.reflect.NativeMethodAccessorImpl.invoke(NativeMethodAccessorImpl.java:62)
	at sun.reflect.DelegatingMethodAccessorImpl.invoke(DelegatingMethodAccessorImpl.java:43)
	at java.lang.reflect.Method.invoke(Method.java:498)
	at org.apache.maven.surefire.util.ReflectionUtils.invokeMethodWithArray(ReflectionUtils.java:164)
	at org.apache.maven.surefire.booter.ProviderFactory$ProviderProxy.invoke(ProviderFactory.java:110)
	at org.apache.maven.surefire.booter.SurefireStarter.invokeProvider(SurefireStarter.java:175)
	at org.apache.maven.surefire.booter.SurefireStarter.runSuitesInProcessWhenForked(SurefireStarter.java:107)
	at org.apache.maven.surefire.booter.ForkedBooter.main(ForkedBooter.java:68)
Caused by: Exception [EclipseLink-7060] (Eclipse Persistence Services - 2.5.2.v20140319-9ad6abd): org.eclipse.persistence.exceptions.ValidationException
Exception Description: Cannot acquire data source [java:app/APHP].
Internal Exception: javax.naming.NamingException: Lookup failed for &apos;java:app/APHP&apos; in SerialContext[myEnv={java.naming.factory.initial=com.sun.enterprise.naming.impl.SerialInitContextFactory, java.naming.factory.state=com.sun.corba.ee.impl.presentation.rmi.JNDIStateFactoryImpl, java.naming.factory.url.pkgs=com.sun.enterprise.naming} [Root exception is javax.naming.NamingException: Invocation exception: Got null ComponentInvocation ]
	at org.eclipse.persistence.exceptions.ValidationException.cannotAcquireDataSource(ValidationException.java:520)
	at org.eclipse.persistence.sessions.JNDIConnector.connect(JNDIConnector.java:109)
	at org.eclipse.persistence.sessions.DatasourceLogin.connectToDatasource(DatasourceLogin.java:162)
	at org.eclipse.persistence.internal.sessions.DatabaseSessionImpl.setOrDetectDatasource(DatabaseSessionImpl.java:204)
	at org.eclipse.persistence.internal.sessions.DatabaseSessionImpl.loginAndDetectDatasource(DatabaseSessionImpl.java:741)
	at org.eclipse.persistence.internal.jpa.EntityManagerFactoryProvider.login(EntityManagerFactoryProvider.java:239)
	at org.eclipse.persistence.internal.jpa.EntityManagerSetupImpl.deploy(EntityManagerSetupImpl.java:685)
	... 40 more
Caused by: javax.naming.NamingException: Lookup failed for &apos;java:app/APHP&apos; in SerialContext[myEnv={java.naming.factory.initial=com.sun.enterprise.naming.impl.SerialInitContextFactory, java.naming.factory.state=com.sun.corba.ee.impl.presentation.rmi.JNDIStateFactoryImpl, java.naming.factory.url.pkgs=com.sun.enterprise.naming} [Root exception is javax.naming.NamingException: Invocation exception: Got null ComponentInvocation ]
	at com.sun.enterprise.naming.impl.SerialContext.lookup(SerialContext.java:491)
	at com.sun.enterprise.naming.impl.SerialContext.lookup(SerialContext.java:438)
	at com.sun.enterprise.naming.impl.SerialContext.lookup(SerialContext.java:622)
	at javax.naming.InitialContext.lookup(InitialContext.java:421)
	at org.eclipse.persistence.sessions.JNDIConnector.connect(JNDIConnector.java:103)
	... 45 more
Caused by: javax.naming.NamingException: Invocation exception: Got null ComponentInvocation 
	at com.sun.enterprise.naming.impl.GlassfishNamingManagerImpl.getComponentId(GlassfishNamingManagerImpl.java:842)
	at com.sun.enterprise.naming.impl.GlassfishNamingManagerImpl.lookup(GlassfishNamingManagerImpl.java:714)
	at com.sun.enterprise.naming.impl.JavaURLContext.lookup(JavaURLContext.java:167)
	at com.sun.enterprise.naming.impl.SerialContext.lookup(SerialContext.java:471)
	... 49 more
</error>
    <system-out>[EL Info]: 2018-02-01 15:06:33.176--ServerSession(727197178)--EclipseLink, version: Eclipse Persistence Services - 2.5.2.v20140319-9ad6abd
[EL Severe]: ejb: 2018-02-01 15:06:33.176--ServerSession(727197178)--Exception [EclipseLink-7060] (Eclipse Persistence Services - 2.5.2.v20140319-9ad6abd): org.eclipse.persistence.exceptions.ValidationException
Exception Description: Cannot acquire data source [java:app/APHP].
Internal Exception: javax.naming.NamingException: Lookup failed for &apos;java:app/APHP&apos; in SerialContext[myEnv={java.naming.factory.initial=com.sun.enterprise.naming.impl.SerialInitContextFactory, java.naming.factory.state=com.sun.corba.ee.impl.presentation.rmi.JNDIStateFactoryImpl, java.naming.factory.url.pkgs=com.sun.enterprise.naming} [Root exception is javax.naming.NamingException: Invocation exception: Got null ComponentInvocation ]
</system-out>
  </testcase>
  <testcase classname="fr.devsquad.minutemed.database.JPADataManagerUnitTest" name="testCreateHospitalNull" time="0.38">
    <error message="Exception [EclipseLink-7060] (Eclipse Persistence Services - 2.5.2.v20140319-9ad6abd): org.eclipse.persistence.exceptions.ValidationException
Exception Description: Cannot acquire data source [java:app/APHP].
Internal Exception: javax.naming.NamingException: Lookup failed for &apos;java:app/APHP&apos; in SerialContext[myEnv={java.naming.factory.initial=com.sun.enterprise.naming.impl.SerialInitContextFactory, java.naming.factory.state=com.sun.corba.ee.impl.presentation.rmi.JNDIStateFactoryImpl, java.naming.factory.url.pkgs=com.sun.enterprise.naming} [Root exception is javax.naming.NamingException: Invocation exception: Got null ComponentInvocation ]" type="javax.persistence.PersistenceException">javax.persistence.PersistenceException: Exception [EclipseLink-7060] (Eclipse Persistence Services - 2.5.2.v20140319-9ad6abd): org.eclipse.persistence.exceptions.ValidationException
Exception Description: Cannot acquire data source [java:app/APHP].
Internal Exception: javax.naming.NamingException: Lookup failed for &apos;java:app/APHP&apos; in SerialContext[myEnv={java.naming.factory.initial=com.sun.enterprise.naming.impl.SerialInitContextFactory, java.naming.factory.state=com.sun.corba.ee.impl.presentation.rmi.JNDIStateFactoryImpl, java.naming.factory.url.pkgs=com.sun.enterprise.naming} [Root exception is javax.naming.NamingException: Invocation exception: Got null ComponentInvocation ]
	at org.eclipse.persistence.internal.jpa.EntityManagerSetupImpl.deploy(EntityManagerSetupImpl.java:766)
	at org.eclipse.persistence.internal.jpa.EntityManagerFactoryDelegate.getAbstractSession(EntityManagerFactoryDelegate.java:204)
	at org.eclipse.persistence.internal.jpa.EntityManagerFactoryDelegate.getDatabaseSession(EntityManagerFactoryDelegate.java:182)
	at org.eclipse.persistence.internal.jpa.EntityManagerFactoryImpl.getDatabaseSession(EntityManagerFactoryImpl.java:527)
	at org.eclipse.persistence.jpa.PersistenceProvider.createEntityManagerFactoryImpl(PersistenceProvider.java:140)
	at org.eclipse.persistence.jpa.PersistenceProvider.createEntityManagerFactory(PersistenceProvider.java:177)
	at javax.persistence.Persistence.createEntityManagerFactory(Persistence.java:79)
	at javax.persistence.Persistence.createEntityManagerFactory(Persistence.java:54)
	at fr.devsquad.minutemed.database.JPADataManager.&lt;init&gt;(JPADataManager.java:41)
	at fr.devsquad.minutemed.database.JPADataManagerUnitTest.testCreateHospitalNull(JPADataManagerUnitTest.java:127)
	at sun.reflect.NativeMethodAccessorImpl.invoke0(Native Method)
	at sun.reflect.NativeMethodAccessorImpl.invoke(NativeMethodAccessorImpl.java:62)
	at sun.reflect.DelegatingMethodAccessorImpl.invoke(DelegatingMethodAccessorImpl.java:43)
	at java.lang.reflect.Method.invoke(Method.java:498)
	at org.junit.runners.model.FrameworkMethod$1.runReflectiveCall(FrameworkMethod.java:50)
	at org.junit.internal.runners.model.ReflectiveCallable.run(ReflectiveCallable.java:12)
	at org.junit.runners.model.FrameworkMethod.invokeExplosively(FrameworkMethod.java:47)
	at org.junit.internal.runners.statements.InvokeMethod.evaluate(InvokeMethod.java:17)
	at org.junit.runners.ParentRunner.runLeaf(ParentRunner.java:325)
	at org.junit.runners.BlockJUnit4ClassRunner.runChild(BlockJUnit4ClassRunner.java:78)
	at org.junit.runners.BlockJUnit4ClassRunner.runChild(BlockJUnit4ClassRunner.java:57)
	at org.junit.runners.ParentRunner$3.run(ParentRunner.java:290)
	at org.junit.runners.ParentRunner$1.schedule(ParentRunner.java:71)
	at org.junit.runners.ParentRunner.runChildren(ParentRunner.java:288)
	at org.junit.runners.ParentRunner.access$000(ParentRunner.java:58)
	at org.junit.runners.ParentRunner$2.evaluate(ParentRunner.java:268)
	at org.junit.runners.ParentRunner.run(ParentRunner.java:363)
	at org.mockito.internal.runners.JUnit45AndHigherRunnerImpl.run(JUnit45AndHigherRunnerImpl.java:37)
	at org.mockito.runners.MockitoJUnitRunner.run(MockitoJUnitRunner.java:62)
	at org.apache.maven.surefire.junit4.JUnit4TestSet.execute(JUnit4TestSet.java:53)
	at org.apache.maven.surefire.junit4.JUnit4Provider.executeTestSet(JUnit4Provider.java:123)
	at org.apache.maven.surefire.junit4.JUnit4Provider.invoke(JUnit4Provider.java:104)
	at sun.reflect.NativeMethodAccessorImpl.invoke0(Native Method)
	at sun.reflect.NativeMethodAccessorImpl.invoke(NativeMethodAccessorImpl.java:62)
	at sun.reflect.DelegatingMethodAccessorImpl.invoke(DelegatingMethodAccessorImpl.java:43)
	at java.lang.reflect.Method.invoke(Method.java:498)
	at org.apache.maven.surefire.util.ReflectionUtils.invokeMethodWithArray(ReflectionUtils.java:164)
	at org.apache.maven.surefire.booter.ProviderFactory$ProviderProxy.invoke(ProviderFactory.java:110)
	at org.apache.maven.surefire.booter.SurefireStarter.invokeProvider(SurefireStarter.java:175)
	at org.apache.maven.surefire.booter.SurefireStarter.runSuitesInProcessWhenForked(SurefireStarter.java:107)
	at org.apache.maven.surefire.booter.ForkedBooter.main(ForkedBooter.java:68)
Caused by: Exception [EclipseLink-7060] (Eclipse Persistence Services - 2.5.2.v20140319-9ad6abd): org.eclipse.persistence.exceptions.ValidationException
Exception Description: Cannot acquire data source [java:app/APHP].
Internal Exception: javax.naming.NamingException: Lookup failed for &apos;java:app/APHP&apos; in SerialContext[myEnv={java.naming.factory.initial=com.sun.enterprise.naming.impl.SerialInitContextFactory, java.naming.factory.state=com.sun.corba.ee.impl.presentation.rmi.JNDIStateFactoryImpl, java.naming.factory.url.pkgs=com.sun.enterprise.naming} [Root exception is javax.naming.NamingException: Invocation exception: Got null ComponentInvocation ]
	at org.eclipse.persistence.exceptions.ValidationException.cannotAcquireDataSource(ValidationException.java:520)
	at org.eclipse.persistence.sessions.JNDIConnector.connect(JNDIConnector.java:109)
	at org.eclipse.persistence.sessions.DatasourceLogin.connectToDatasource(DatasourceLogin.java:162)
	at org.eclipse.persistence.internal.sessions.DatabaseSessionImpl.setOrDetectDatasource(DatabaseSessionImpl.java:204)
	at org.eclipse.persistence.internal.sessions.DatabaseSessionImpl.loginAndDetectDatasource(DatabaseSessionImpl.java:741)
	at org.eclipse.persistence.internal.jpa.EntityManagerFactoryProvider.login(EntityManagerFactoryProvider.java:239)
	at org.eclipse.persistence.internal.jpa.EntityManagerSetupImpl.deploy(EntityManagerSetupImpl.java:685)
	... 40 more
Caused by: javax.naming.NamingException: Lookup failed for &apos;java:app/APHP&apos; in SerialContext[myEnv={java.naming.factory.initial=com.sun.enterprise.naming.impl.SerialInitContextFactory, java.naming.factory.state=com.sun.corba.ee.impl.presentation.rmi.JNDIStateFactoryImpl, java.naming.factory.url.pkgs=com.sun.enterprise.naming} [Root exception is javax.naming.NamingException: Invocation exception: Got null ComponentInvocation ]
	at com.sun.enterprise.naming.impl.SerialContext.lookup(SerialContext.java:491)
	at com.sun.enterprise.naming.impl.SerialContext.lookup(SerialContext.java:438)
	at com.sun.enterprise.naming.impl.SerialContext.lookup(SerialContext.java:622)
	at javax.naming.InitialContext.lookup(InitialContext.java:421)
	at org.eclipse.persistence.sessions.JNDIConnector.connect(JNDIConnector.java:103)
	... 45 more
Caused by: javax.naming.NamingException: Invocation exception: Got null ComponentInvocation 
	at com.sun.enterprise.naming.impl.GlassfishNamingManagerImpl.getComponentId(GlassfishNamingManagerImpl.java:842)
	at com.sun.enterprise.naming.impl.GlassfishNamingManagerImpl.lookup(GlassfishNamingManagerImpl.java:714)
	at com.sun.enterprise.naming.impl.JavaURLContext.lookup(JavaURLContext.java:167)
	at com.sun.enterprise.naming.impl.SerialContext.lookup(SerialContext.java:471)
	... 49 more
</error>
    <system-out>[EL Info]: 2018-02-01 15:06:33.556--ServerSession(265824587)--EclipseLink, version: Eclipse Persistence Services - 2.5.2.v20140319-9ad6abd
[EL Severe]: ejb: 2018-02-01 15:06:33.56--ServerSession(265824587)--Exception [EclipseLink-7060] (Eclipse Persistence Services - 2.5.2.v20140319-9ad6abd): org.eclipse.persistence.exceptions.ValidationException
Exception Description: Cannot acquire data source [java:app/APHP].
Internal Exception: javax.naming.NamingException: Lookup failed for &apos;java:app/APHP&apos; in SerialContext[myEnv={java.naming.factory.initial=com.sun.enterprise.naming.impl.SerialInitContextFactory, java.naming.factory.state=com.sun.corba.ee.impl.presentation.rmi.JNDIStateFactoryImpl, java.naming.factory.url.pkgs=com.sun.enterprise.naming} [Root exception is javax.naming.NamingException: Invocation exception: Got null ComponentInvocation ]
</system-out>
  </testcase>
  <testcase classname="fr.devsquad.minutemed.database.JPADataManagerUnitTest" name="testCreateHospitalUnit" time="0.376">
    <error message="Exception [EclipseLink-7060] (Eclipse Persistence Services - 2.5.2.v20140319-9ad6abd): org.eclipse.persistence.exceptions.ValidationException
Exception Description: Cannot acquire data source [java:app/APHP].
Internal Exception: javax.naming.NamingException: Lookup failed for &apos;java:app/APHP&apos; in SerialContext[myEnv={java.naming.factory.initial=com.sun.enterprise.naming.impl.SerialInitContextFactory, java.naming.factory.state=com.sun.corba.ee.impl.presentation.rmi.JNDIStateFactoryImpl, java.naming.factory.url.pkgs=com.sun.enterprise.naming} [Root exception is javax.naming.NamingException: Invocation exception: Got null ComponentInvocation ]" type="javax.persistence.PersistenceException">javax.persistence.PersistenceException: Exception [EclipseLink-7060] (Eclipse Persistence Services - 2.5.2.v20140319-9ad6abd): org.eclipse.persistence.exceptions.ValidationException
Exception Description: Cannot acquire data source [java:app/APHP].
Internal Exception: javax.naming.NamingException: Lookup failed for &apos;java:app/APHP&apos; in SerialContext[myEnv={java.naming.factory.initial=com.sun.enterprise.naming.impl.SerialInitContextFactory, java.naming.factory.state=com.sun.corba.ee.impl.presentation.rmi.JNDIStateFactoryImpl, java.naming.factory.url.pkgs=com.sun.enterprise.naming} [Root exception is javax.naming.NamingException: Invocation exception: Got null ComponentInvocation ]
	at org.eclipse.persistence.internal.jpa.EntityManagerSetupImpl.deploy(EntityManagerSetupImpl.java:766)
	at org.eclipse.persistence.internal.jpa.EntityManagerFactoryDelegate.getAbstractSession(EntityManagerFactoryDelegate.java:204)
	at org.eclipse.persistence.internal.jpa.EntityManagerFactoryDelegate.getDatabaseSession(EntityManagerFactoryDelegate.java:182)
	at org.eclipse.persistence.internal.jpa.EntityManagerFactoryImpl.getDatabaseSession(EntityManagerFactoryImpl.java:527)
	at org.eclipse.persistence.jpa.PersistenceProvider.createEntityManagerFactoryImpl(PersistenceProvider.java:140)
	at org.eclipse.persistence.jpa.PersistenceProvider.createEntityManagerFactory(PersistenceProvider.java:177)
	at javax.persistence.Persistence.createEntityManagerFactory(Persistence.java:79)
	at javax.persistence.Persistence.createEntityManagerFactory(Persistence.java:54)
	at fr.devsquad.minutemed.database.JPADataManager.&lt;init&gt;(JPADataManager.java:41)
	at fr.devsquad.minutemed.database.JPADataManagerUnitTest.testCreateHospitalUnit(JPADataManagerUnitTest.java:441)
	at sun.reflect.NativeMethodAccessorImpl.invoke0(Native Method)
	at sun.reflect.NativeMethodAccessorImpl.invoke(NativeMethodAccessorImpl.java:62)
	at sun.reflect.DelegatingMethodAccessorImpl.invoke(DelegatingMethodAccessorImpl.java:43)
	at java.lang.reflect.Method.invoke(Method.java:498)
	at org.junit.runners.model.FrameworkMethod$1.runReflectiveCall(FrameworkMethod.java:50)
	at org.junit.internal.runners.model.ReflectiveCallable.run(ReflectiveCallable.java:12)
	at org.junit.runners.model.FrameworkMethod.invokeExplosively(FrameworkMethod.java:47)
	at org.junit.internal.runners.statements.InvokeMethod.evaluate(InvokeMethod.java:17)
	at org.junit.runners.ParentRunner.runLeaf(ParentRunner.java:325)
	at org.junit.runners.BlockJUnit4ClassRunner.runChild(BlockJUnit4ClassRunner.java:78)
	at org.junit.runners.BlockJUnit4ClassRunner.runChild(BlockJUnit4ClassRunner.java:57)
	at org.junit.runners.ParentRunner$3.run(ParentRunner.java:290)
	at org.junit.runners.ParentRunner$1.schedule(ParentRunner.java:71)
	at org.junit.runners.ParentRunner.runChildren(ParentRunner.java:288)
	at org.junit.runners.ParentRunner.access$000(ParentRunner.java:58)
	at org.junit.runners.ParentRunner$2.evaluate(ParentRunner.java:268)
	at org.junit.runners.ParentRunner.run(ParentRunner.java:363)
	at org.mockito.internal.runners.JUnit45AndHigherRunnerImpl.run(JUnit45AndHigherRunnerImpl.java:37)
	at org.mockito.runners.MockitoJUnitRunner.run(MockitoJUnitRunner.java:62)
	at org.apache.maven.surefire.junit4.JUnit4TestSet.execute(JUnit4TestSet.java:53)
	at org.apache.maven.surefire.junit4.JUnit4Provider.executeTestSet(JUnit4Provider.java:123)
	at org.apache.maven.surefire.junit4.JUnit4Provider.invoke(JUnit4Provider.java:104)
	at sun.reflect.NativeMethodAccessorImpl.invoke0(Native Method)
	at sun.reflect.NativeMethodAccessorImpl.invoke(NativeMethodAccessorImpl.java:62)
	at sun.reflect.DelegatingMethodAccessorImpl.invoke(DelegatingMethodAccessorImpl.java:43)
	at java.lang.reflect.Method.invoke(Method.java:498)
	at org.apache.maven.surefire.util.ReflectionUtils.invokeMethodWithArray(ReflectionUtils.java:164)
	at org.apache.maven.surefire.booter.ProviderFactory$ProviderProxy.invoke(ProviderFactory.java:110)
	at org.apache.maven.surefire.booter.SurefireStarter.invokeProvider(SurefireStarter.java:175)
	at org.apache.maven.surefire.booter.SurefireStarter.runSuitesInProcessWhenForked(SurefireStarter.java:107)
	at org.apache.maven.surefire.booter.ForkedBooter.main(ForkedBooter.java:68)
Caused by: Exception [EclipseLink-7060] (Eclipse Persistence Services - 2.5.2.v20140319-9ad6abd): org.eclipse.persistence.exceptions.ValidationException
Exception Description: Cannot acquire data source [java:app/APHP].
Internal Exception: javax.naming.NamingException: Lookup failed for &apos;java:app/APHP&apos; in SerialContext[myEnv={java.naming.factory.initial=com.sun.enterprise.naming.impl.SerialInitContextFactory, java.naming.factory.state=com.sun.corba.ee.impl.presentation.rmi.JNDIStateFactoryImpl, java.naming.factory.url.pkgs=com.sun.enterprise.naming} [Root exception is javax.naming.NamingException: Invocation exception: Got null ComponentInvocation ]
	at org.eclipse.persistence.exceptions.ValidationException.cannotAcquireDataSource(ValidationException.java:520)
	at org.eclipse.persistence.sessions.JNDIConnector.connect(JNDIConnector.java:109)
	at org.eclipse.persistence.sessions.DatasourceLogin.connectToDatasource(DatasourceLogin.java:162)
	at org.eclipse.persistence.internal.sessions.DatabaseSessionImpl.setOrDetectDatasource(DatabaseSessionImpl.java:204)
	at org.eclipse.persistence.internal.sessions.DatabaseSessionImpl.loginAndDetectDatasource(DatabaseSessionImpl.java:741)
	at org.eclipse.persistence.internal.jpa.EntityManagerFactoryProvider.login(EntityManagerFactoryProvider.java:239)
	at org.eclipse.persistence.internal.jpa.EntityManagerSetupImpl.deploy(EntityManagerSetupImpl.java:685)
	... 40 more
Caused by: javax.naming.NamingException: Lookup failed for &apos;java:app/APHP&apos; in SerialContext[myEnv={java.naming.factory.initial=com.sun.enterprise.naming.impl.SerialInitContextFactory, java.naming.factory.state=com.sun.corba.ee.impl.presentation.rmi.JNDIStateFactoryImpl, java.naming.factory.url.pkgs=com.sun.enterprise.naming} [Root exception is javax.naming.NamingException: Invocation exception: Got null ComponentInvocation ]
	at com.sun.enterprise.naming.impl.SerialContext.lookup(SerialContext.java:491)
	at com.sun.enterprise.naming.impl.SerialContext.lookup(SerialContext.java:438)
	at com.sun.enterprise.naming.impl.SerialContext.lookup(SerialContext.java:622)
	at javax.naming.InitialContext.lookup(InitialContext.java:421)
	at org.eclipse.persistence.sessions.JNDIConnector.connect(JNDIConnector.java:103)
	... 45 more
Caused by: javax.naming.NamingException: Invocation exception: Got null ComponentInvocation 
	at com.sun.enterprise.naming.impl.GlassfishNamingManagerImpl.getComponentId(GlassfishNamingManagerImpl.java:842)
	at com.sun.enterprise.naming.impl.GlassfishNamingManagerImpl.lookup(GlassfishNamingManagerImpl.java:714)
	at com.sun.enterprise.naming.impl.JavaURLContext.lookup(JavaURLContext.java:167)
	at com.sun.enterprise.naming.impl.SerialContext.lookup(SerialContext.java:471)
	... 49 more
</error>
    <system-out>[EL Info]: 2018-02-01 15:06:33.936--ServerSession(694069884)--EclipseLink, version: Eclipse Persistence Services - 2.5.2.v20140319-9ad6abd
[EL Severe]: ejb: 2018-02-01 15:06:33.936--ServerSession(694069884)--Exception [EclipseLink-7060] (Eclipse Persistence Services - 2.5.2.v20140319-9ad6abd): org.eclipse.persistence.exceptions.ValidationException
Exception Description: Cannot acquire data source [java:app/APHP].
Internal Exception: javax.naming.NamingException: Lookup failed for &apos;java:app/APHP&apos; in SerialContext[myEnv={java.naming.factory.initial=com.sun.enterprise.naming.impl.SerialInitContextFactory, java.naming.factory.state=com.sun.corba.ee.impl.presentation.rmi.JNDIStateFactoryImpl, java.naming.factory.url.pkgs=com.sun.enterprise.naming} [Root exception is javax.naming.NamingException: Invocation exception: Got null ComponentInvocation ]
</system-out>
  </testcase>
  <testcase classname="fr.devsquad.minutemed.database.JPADataManagerUnitTest" name="testGetNurse" time="0.436">
    <error message="Exception [EclipseLink-7060] (Eclipse Persistence Services - 2.5.2.v20140319-9ad6abd): org.eclipse.persistence.exceptions.ValidationException
Exception Description: Cannot acquire data source [java:app/APHP].
Internal Exception: javax.naming.NamingException: Lookup failed for &apos;java:app/APHP&apos; in SerialContext[myEnv={java.naming.factory.initial=com.sun.enterprise.naming.impl.SerialInitContextFactory, java.naming.factory.state=com.sun.corba.ee.impl.presentation.rmi.JNDIStateFactoryImpl, java.naming.factory.url.pkgs=com.sun.enterprise.naming} [Root exception is javax.naming.NamingException: Invocation exception: Got null ComponentInvocation ]" type="javax.persistence.PersistenceException">javax.persistence.PersistenceException: Exception [EclipseLink-7060] (Eclipse Persistence Services - 2.5.2.v20140319-9ad6abd): org.eclipse.persistence.exceptions.ValidationException
Exception Description: Cannot acquire data source [java:app/APHP].
Internal Exception: javax.naming.NamingException: Lookup failed for &apos;java:app/APHP&apos; in SerialContext[myEnv={java.naming.factory.initial=com.sun.enterprise.naming.impl.SerialInitContextFactory, java.naming.factory.state=com.sun.corba.ee.impl.presentation.rmi.JNDIStateFactoryImpl, java.naming.factory.url.pkgs=com.sun.enterprise.naming} [Root exception is javax.naming.NamingException: Invocation exception: Got null ComponentInvocation ]
	at org.eclipse.persistence.internal.jpa.EntityManagerSetupImpl.deploy(EntityManagerSetupImpl.java:766)
	at org.eclipse.persistence.internal.jpa.EntityManagerFactoryDelegate.getAbstractSession(EntityManagerFactoryDelegate.java:204)
	at org.eclipse.persistence.internal.jpa.EntityManagerFactoryDelegate.getDatabaseSession(EntityManagerFactoryDelegate.java:182)
	at org.eclipse.persistence.internal.jpa.EntityManagerFactoryImpl.getDatabaseSession(EntityManagerFactoryImpl.java:527)
	at org.eclipse.persistence.jpa.PersistenceProvider.createEntityManagerFactoryImpl(PersistenceProvider.java:140)
	at org.eclipse.persistence.jpa.PersistenceProvider.createEntityManagerFactory(PersistenceProvider.java:177)
	at javax.persistence.Persistence.createEntityManagerFactory(Persistence.java:79)
	at javax.persistence.Persistence.createEntityManagerFactory(Persistence.java:54)
	at fr.devsquad.minutemed.database.JPADataManager.&lt;init&gt;(JPADataManager.java:41)
	at fr.devsquad.minutemed.database.JPADataManagerUnitTest.testGetNurse(JPADataManagerUnitTest.java:943)
	at sun.reflect.NativeMethodAccessorImpl.invoke0(Native Method)
	at sun.reflect.NativeMethodAccessorImpl.invoke(NativeMethodAccessorImpl.java:62)
	at sun.reflect.DelegatingMethodAccessorImpl.invoke(DelegatingMethodAccessorImpl.java:43)
	at java.lang.reflect.Method.invoke(Method.java:498)
	at org.junit.runners.model.FrameworkMethod$1.runReflectiveCall(FrameworkMethod.java:50)
	at org.junit.internal.runners.model.ReflectiveCallable.run(ReflectiveCallable.java:12)
	at org.junit.runners.model.FrameworkMethod.invokeExplosively(FrameworkMethod.java:47)
	at org.junit.internal.runners.statements.InvokeMethod.evaluate(InvokeMethod.java:17)
	at org.junit.runners.ParentRunner.runLeaf(ParentRunner.java:325)
	at org.junit.runners.BlockJUnit4ClassRunner.runChild(BlockJUnit4ClassRunner.java:78)
	at org.junit.runners.BlockJUnit4ClassRunner.runChild(BlockJUnit4ClassRunner.java:57)
	at org.junit.runners.ParentRunner$3.run(ParentRunner.java:290)
	at org.junit.runners.ParentRunner$1.schedule(ParentRunner.java:71)
	at org.junit.runners.ParentRunner.runChildren(ParentRunner.java:288)
	at org.junit.runners.ParentRunner.access$000(ParentRunner.java:58)
	at org.junit.runners.ParentRunner$2.evaluate(ParentRunner.java:268)
	at org.junit.runners.ParentRunner.run(ParentRunner.java:363)
	at org.mockito.internal.runners.JUnit45AndHigherRunnerImpl.run(JUnit45AndHigherRunnerImpl.java:37)
	at org.mockito.runners.MockitoJUnitRunner.run(MockitoJUnitRunner.java:62)
	at org.apache.maven.surefire.junit4.JUnit4TestSet.execute(JUnit4TestSet.java:53)
	at org.apache.maven.surefire.junit4.JUnit4Provider.executeTestSet(JUnit4Provider.java:123)
	at org.apache.maven.surefire.junit4.JUnit4Provider.invoke(JUnit4Provider.java:104)
	at sun.reflect.NativeMethodAccessorImpl.invoke0(Native Method)
	at sun.reflect.NativeMethodAccessorImpl.invoke(NativeMethodAccessorImpl.java:62)
	at sun.reflect.DelegatingMethodAccessorImpl.invoke(DelegatingMethodAccessorImpl.java:43)
	at java.lang.reflect.Method.invoke(Method.java:498)
	at org.apache.maven.surefire.util.ReflectionUtils.invokeMethodWithArray(ReflectionUtils.java:164)
	at org.apache.maven.surefire.booter.ProviderFactory$ProviderProxy.invoke(ProviderFactory.java:110)
	at org.apache.maven.surefire.booter.SurefireStarter.invokeProvider(SurefireStarter.java:175)
	at org.apache.maven.surefire.booter.SurefireStarter.runSuitesInProcessWhenForked(SurefireStarter.java:107)
	at org.apache.maven.surefire.booter.ForkedBooter.main(ForkedBooter.java:68)
Caused by: Exception [EclipseLink-7060] (Eclipse Persistence Services - 2.5.2.v20140319-9ad6abd): org.eclipse.persistence.exceptions.ValidationException
Exception Description: Cannot acquire data source [java:app/APHP].
Internal Exception: javax.naming.NamingException: Lookup failed for &apos;java:app/APHP&apos; in SerialContext[myEnv={java.naming.factory.initial=com.sun.enterprise.naming.impl.SerialInitContextFactory, java.naming.factory.state=com.sun.corba.ee.impl.presentation.rmi.JNDIStateFactoryImpl, java.naming.factory.url.pkgs=com.sun.enterprise.naming} [Root exception is javax.naming.NamingException: Invocation exception: Got null ComponentInvocation ]
	at org.eclipse.persistence.exceptions.ValidationException.cannotAcquireDataSource(ValidationException.java:520)
	at org.eclipse.persistence.sessions.JNDIConnector.connect(JNDIConnector.java:109)
	at org.eclipse.persistence.sessions.DatasourceLogin.connectToDatasource(DatasourceLogin.java:162)
	at org.eclipse.persistence.internal.sessions.DatabaseSessionImpl.setOrDetectDatasource(DatabaseSessionImpl.java:204)
	at org.eclipse.persistence.internal.sessions.DatabaseSessionImpl.loginAndDetectDatasource(DatabaseSessionImpl.java:741)
	at org.eclipse.persistence.internal.jpa.EntityManagerFactoryProvider.login(EntityManagerFactoryProvider.java:239)
	at org.eclipse.persistence.internal.jpa.EntityManagerSetupImpl.deploy(EntityManagerSetupImpl.java:685)
	... 40 more
Caused by: javax.naming.NamingException: Lookup failed for &apos;java:app/APHP&apos; in SerialContext[myEnv={java.naming.factory.initial=com.sun.enterprise.naming.impl.SerialInitContextFactory, java.naming.factory.state=com.sun.corba.ee.impl.presentation.rmi.JNDIStateFactoryImpl, java.naming.factory.url.pkgs=com.sun.enterprise.naming} [Root exception is javax.naming.NamingException: Invocation exception: Got null ComponentInvocation ]
	at com.sun.enterprise.naming.impl.SerialContext.lookup(SerialContext.java:491)
	at com.sun.enterprise.naming.impl.SerialContext.lookup(SerialContext.java:438)
	at com.sun.enterprise.naming.impl.SerialContext.lookup(SerialContext.java:622)
	at javax.naming.InitialContext.lookup(InitialContext.java:421)
	at org.eclipse.persistence.sessions.JNDIConnector.connect(JNDIConnector.java:103)
	... 45 more
Caused by: javax.naming.NamingException: Invocation exception: Got null ComponentInvocation 
	at com.sun.enterprise.naming.impl.GlassfishNamingManagerImpl.getComponentId(GlassfishNamingManagerImpl.java:842)
	at com.sun.enterprise.naming.impl.GlassfishNamingManagerImpl.lookup(GlassfishNamingManagerImpl.java:714)
	at com.sun.enterprise.naming.impl.JavaURLContext.lookup(JavaURLContext.java:167)
	at com.sun.enterprise.naming.impl.SerialContext.lookup(SerialContext.java:471)
	... 49 more
</error>
    <system-out>[EL Info]: 2018-02-01 15:06:34.34--ServerSession(36531985)--EclipseLink, version: Eclipse Persistence Services - 2.5.2.v20140319-9ad6abd
[EL Severe]: ejb: 2018-02-01 15:06:34.344--ServerSession(36531985)--Exception [EclipseLink-7060] (Eclipse Persistence Services - 2.5.2.v20140319-9ad6abd): org.eclipse.persistence.exceptions.ValidationException
Exception Description: Cannot acquire data source [java:app/APHP].
Internal Exception: javax.naming.NamingException: Lookup failed for &apos;java:app/APHP&apos; in SerialContext[myEnv={java.naming.factory.initial=com.sun.enterprise.naming.impl.SerialInitContextFactory, java.naming.factory.state=com.sun.corba.ee.impl.presentation.rmi.JNDIStateFactoryImpl, java.naming.factory.url.pkgs=com.sun.enterprise.naming} [Root exception is javax.naming.NamingException: Invocation exception: Got null ComponentInvocation ]
</system-out>
  </testcase>
  <testcase classname="fr.devsquad.minutemed.database.JPADataManagerUnitTest" name="testGetStaff" time="0.468">
    <error message="Exception [EclipseLink-7060] (Eclipse Persistence Services - 2.5.2.v20140319-9ad6abd): org.eclipse.persistence.exceptions.ValidationException
Exception Description: Cannot acquire data source [java:app/APHP].
Internal Exception: javax.naming.NamingException: Lookup failed for &apos;java:app/APHP&apos; in SerialContext[myEnv={java.naming.factory.initial=com.sun.enterprise.naming.impl.SerialInitContextFactory, java.naming.factory.state=com.sun.corba.ee.impl.presentation.rmi.JNDIStateFactoryImpl, java.naming.factory.url.pkgs=com.sun.enterprise.naming} [Root exception is javax.naming.NamingException: Invocation exception: Got null ComponentInvocation ]" type="javax.persistence.PersistenceException">javax.persistence.PersistenceException: Exception [EclipseLink-7060] (Eclipse Persistence Services - 2.5.2.v20140319-9ad6abd): org.eclipse.persistence.exceptions.ValidationException
Exception Description: Cannot acquire data source [java:app/APHP].
Internal Exception: javax.naming.NamingException: Lookup failed for &apos;java:app/APHP&apos; in SerialContext[myEnv={java.naming.factory.initial=com.sun.enterprise.naming.impl.SerialInitContextFactory, java.naming.factory.state=com.sun.corba.ee.impl.presentation.rmi.JNDIStateFactoryImpl, java.naming.factory.url.pkgs=com.sun.enterprise.naming} [Root exception is javax.naming.NamingException: Invocation exception: Got null ComponentInvocation ]
	at org.eclipse.persistence.internal.jpa.EntityManagerSetupImpl.deploy(EntityManagerSetupImpl.java:766)
	at org.eclipse.persistence.internal.jpa.EntityManagerFactoryDelegate.getAbstractSession(EntityManagerFactoryDelegate.java:204)
	at org.eclipse.persistence.internal.jpa.EntityManagerFactoryDelegate.getDatabaseSession(EntityManagerFactoryDelegate.java:182)
	at org.eclipse.persistence.internal.jpa.EntityManagerFactoryImpl.getDatabaseSession(EntityManagerFactoryImpl.java:527)
	at org.eclipse.persistence.jpa.PersistenceProvider.createEntityManagerFactoryImpl(PersistenceProvider.java:140)
	at org.eclipse.persistence.jpa.PersistenceProvider.createEntityManagerFactory(PersistenceProvider.java:177)
	at javax.persistence.Persistence.createEntityManagerFactory(Persistence.java:79)
	at javax.persistence.Persistence.createEntityManagerFactory(Persistence.java:54)
	at fr.devsquad.minutemed.database.JPADataManager.&lt;init&gt;(JPADataManager.java:41)
	at fr.devsquad.minutemed.database.JPADataManagerUnitTest.testGetStaff(JPADataManagerUnitTest.java:1051)
	at sun.reflect.NativeMethodAccessorImpl.invoke0(Native Method)
	at sun.reflect.NativeMethodAccessorImpl.invoke(NativeMethodAccessorImpl.java:62)
	at sun.reflect.DelegatingMethodAccessorImpl.invoke(DelegatingMethodAccessorImpl.java:43)
	at java.lang.reflect.Method.invoke(Method.java:498)
	at org.junit.runners.model.FrameworkMethod$1.runReflectiveCall(FrameworkMethod.java:50)
	at org.junit.internal.runners.model.ReflectiveCallable.run(ReflectiveCallable.java:12)
	at org.junit.runners.model.FrameworkMethod.invokeExplosively(FrameworkMethod.java:47)
	at org.junit.internal.runners.statements.InvokeMethod.evaluate(InvokeMethod.java:17)
	at org.junit.runners.ParentRunner.runLeaf(ParentRunner.java:325)
	at org.junit.runners.BlockJUnit4ClassRunner.runChild(BlockJUnit4ClassRunner.java:78)
	at org.junit.runners.BlockJUnit4ClassRunner.runChild(BlockJUnit4ClassRunner.java:57)
	at org.junit.runners.ParentRunner$3.run(ParentRunner.java:290)
	at org.junit.runners.ParentRunner$1.schedule(ParentRunner.java:71)
	at org.junit.runners.ParentRunner.runChildren(ParentRunner.java:288)
	at org.junit.runners.ParentRunner.access$000(ParentRunner.java:58)
	at org.junit.runners.ParentRunner$2.evaluate(ParentRunner.java:268)
	at org.junit.runners.ParentRunner.run(ParentRunner.java:363)
	at org.mockito.internal.runners.JUnit45AndHigherRunnerImpl.run(JUnit45AndHigherRunnerImpl.java:37)
	at org.mockito.runners.MockitoJUnitRunner.run(MockitoJUnitRunner.java:62)
	at org.apache.maven.surefire.junit4.JUnit4TestSet.execute(JUnit4TestSet.java:53)
	at org.apache.maven.surefire.junit4.JUnit4Provider.executeTestSet(JUnit4Provider.java:123)
	at org.apache.maven.surefire.junit4.JUnit4Provider.invoke(JUnit4Provider.java:104)
	at sun.reflect.NativeMethodAccessorImpl.invoke0(Native Method)
	at sun.reflect.NativeMethodAccessorImpl.invoke(NativeMethodAccessorImpl.java:62)
	at sun.reflect.DelegatingMethodAccessorImpl.invoke(DelegatingMethodAccessorImpl.java:43)
	at java.lang.reflect.Method.invoke(Method.java:498)
	at org.apache.maven.surefire.util.ReflectionUtils.invokeMethodWithArray(ReflectionUtils.java:164)
	at org.apache.maven.surefire.booter.ProviderFactory$ProviderProxy.invoke(ProviderFactory.java:110)
	at org.apache.maven.surefire.booter.SurefireStarter.invokeProvider(SurefireStarter.java:175)
	at org.apache.maven.surefire.booter.SurefireStarter.runSuitesInProcessWhenForked(SurefireStarter.java:107)
	at org.apache.maven.surefire.booter.ForkedBooter.main(ForkedBooter.java:68)
Caused by: Exception [EclipseLink-7060] (Eclipse Persistence Services - 2.5.2.v20140319-9ad6abd): org.eclipse.persistence.exceptions.ValidationException
Exception Description: Cannot acquire data source [java:app/APHP].
Internal Exception: javax.naming.NamingException: Lookup failed for &apos;java:app/APHP&apos; in SerialContext[myEnv={java.naming.factory.initial=com.sun.enterprise.naming.impl.SerialInitContextFactory, java.naming.factory.state=com.sun.corba.ee.impl.presentation.rmi.JNDIStateFactoryImpl, java.naming.factory.url.pkgs=com.sun.enterprise.naming} [Root exception is javax.naming.NamingException: Invocation exception: Got null ComponentInvocation ]
	at org.eclipse.persistence.exceptions.ValidationException.cannotAcquireDataSource(ValidationException.java:520)
	at org.eclipse.persistence.sessions.JNDIConnector.connect(JNDIConnector.java:109)
	at org.eclipse.persistence.sessions.DatasourceLogin.connectToDatasource(DatasourceLogin.java:162)
	at org.eclipse.persistence.internal.sessions.DatabaseSessionImpl.setOrDetectDatasource(DatabaseSessionImpl.java:204)
	at org.eclipse.persistence.internal.sessions.DatabaseSessionImpl.loginAndDetectDatasource(DatabaseSessionImpl.java:741)
	at org.eclipse.persistence.internal.jpa.EntityManagerFactoryProvider.login(EntityManagerFactoryProvider.java:239)
	at org.eclipse.persistence.internal.jpa.EntityManagerSetupImpl.deploy(EntityManagerSetupImpl.java:685)
	... 40 more
Caused by: javax.naming.NamingException: Lookup failed for &apos;java:app/APHP&apos; in SerialContext[myEnv={java.naming.factory.initial=com.sun.enterprise.naming.impl.SerialInitContextFactory, java.naming.factory.state=com.sun.corba.ee.impl.presentation.rmi.JNDIStateFactoryImpl, java.naming.factory.url.pkgs=com.sun.enterprise.naming} [Root exception is javax.naming.NamingException: Invocation exception: Got null ComponentInvocation ]
	at com.sun.enterprise.naming.impl.SerialContext.lookup(SerialContext.java:491)
	at com.sun.enterprise.naming.impl.SerialContext.lookup(SerialContext.java:438)
	at com.sun.enterprise.naming.impl.SerialContext.lookup(SerialContext.java:622)
	at javax.naming.InitialContext.lookup(InitialContext.java:421)
	at org.eclipse.persistence.sessions.JNDIConnector.connect(JNDIConnector.java:103)
	... 45 more
Caused by: javax.naming.NamingException: Invocation exception: Got null ComponentInvocation 
	at com.sun.enterprise.naming.impl.GlassfishNamingManagerImpl.getComponentId(GlassfishNamingManagerImpl.java:842)
	at com.sun.enterprise.naming.impl.GlassfishNamingManagerImpl.lookup(GlassfishNamingManagerImpl.java:714)
	at com.sun.enterprise.naming.impl.JavaURLContext.lookup(JavaURLContext.java:167)
	at com.sun.enterprise.naming.impl.SerialContext.lookup(SerialContext.java:471)
	... 49 more
</error>
    <system-out>[EL Info]: 2018-02-01 15:06:34.812--ServerSession(1114335860)--EclipseLink, version: Eclipse Persistence Services - 2.5.2.v20140319-9ad6abd
[EL Severe]: ejb: 2018-02-01 15:06:34.812--ServerSession(1114335860)--Exception [EclipseLink-7060] (Eclipse Persistence Services - 2.5.2.v20140319-9ad6abd): org.eclipse.persistence.exceptions.ValidationException
Exception Description: Cannot acquire data source [java:app/APHP].
Internal Exception: javax.naming.NamingException: Lookup failed for &apos;java:app/APHP&apos; in SerialContext[myEnv={java.naming.factory.initial=com.sun.enterprise.naming.impl.SerialInitContextFactory, java.naming.factory.state=com.sun.corba.ee.impl.presentation.rmi.JNDIStateFactoryImpl, java.naming.factory.url.pkgs=com.sun.enterprise.naming} [Root exception is javax.naming.NamingException: Invocation exception: Got null ComponentInvocation ]
</system-out>
  </testcase>
  <testcase classname="fr.devsquad.minutemed.database.JPADataManagerUnitTest" name="testCreateCareUnitNull" time="0.412">
    <error message="Exception [EclipseLink-7060] (Eclipse Persistence Services - 2.5.2.v20140319-9ad6abd): org.eclipse.persistence.exceptions.ValidationException
Exception Description: Cannot acquire data source [java:app/APHP].
Internal Exception: javax.naming.NamingException: Lookup failed for &apos;java:app/APHP&apos; in SerialContext[myEnv={java.naming.factory.initial=com.sun.enterprise.naming.impl.SerialInitContextFactory, java.naming.factory.state=com.sun.corba.ee.impl.presentation.rmi.JNDIStateFactoryImpl, java.naming.factory.url.pkgs=com.sun.enterprise.naming} [Root exception is javax.naming.NamingException: Invocation exception: Got null ComponentInvocation ]" type="javax.persistence.PersistenceException">javax.persistence.PersistenceException: Exception [EclipseLink-7060] (Eclipse Persistence Services - 2.5.2.v20140319-9ad6abd): org.eclipse.persistence.exceptions.ValidationException
Exception Description: Cannot acquire data source [java:app/APHP].
Internal Exception: javax.naming.NamingException: Lookup failed for &apos;java:app/APHP&apos; in SerialContext[myEnv={java.naming.factory.initial=com.sun.enterprise.naming.impl.SerialInitContextFactory, java.naming.factory.state=com.sun.corba.ee.impl.presentation.rmi.JNDIStateFactoryImpl, java.naming.factory.url.pkgs=com.sun.enterprise.naming} [Root exception is javax.naming.NamingException: Invocation exception: Got null ComponentInvocation ]
	at org.eclipse.persistence.internal.jpa.EntityManagerSetupImpl.deploy(EntityManagerSetupImpl.java:766)
	at org.eclipse.persistence.internal.jpa.EntityManagerFactoryDelegate.getAbstractSession(EntityManagerFactoryDelegate.java:204)
	at org.eclipse.persistence.internal.jpa.EntityManagerFactoryDelegate.getDatabaseSession(EntityManagerFactoryDelegate.java:182)
	at org.eclipse.persistence.internal.jpa.EntityManagerFactoryImpl.getDatabaseSession(EntityManagerFactoryImpl.java:527)
	at org.eclipse.persistence.jpa.PersistenceProvider.createEntityManagerFactoryImpl(PersistenceProvider.java:140)
	at org.eclipse.persistence.jpa.PersistenceProvider.createEntityManagerFactory(PersistenceProvider.java:177)
	at javax.persistence.Persistence.createEntityManagerFactory(Persistence.java:79)
	at javax.persistence.Persistence.createEntityManagerFactory(Persistence.java:54)
	at fr.devsquad.minutemed.database.JPADataManager.&lt;init&gt;(JPADataManager.java:41)
	at fr.devsquad.minutemed.database.JPADataManagerUnitTest.testCreateCareUnitNull(JPADataManagerUnitTest.java:576)
	at sun.reflect.NativeMethodAccessorImpl.invoke0(Native Method)
	at sun.reflect.NativeMethodAccessorImpl.invoke(NativeMethodAccessorImpl.java:62)
	at sun.reflect.DelegatingMethodAccessorImpl.invoke(DelegatingMethodAccessorImpl.java:43)
	at java.lang.reflect.Method.invoke(Method.java:498)
	at org.junit.runners.model.FrameworkMethod$1.runReflectiveCall(FrameworkMethod.java:50)
	at org.junit.internal.runners.model.ReflectiveCallable.run(ReflectiveCallable.java:12)
	at org.junit.runners.model.FrameworkMethod.invokeExplosively(FrameworkMethod.java:47)
	at org.junit.internal.runners.statements.InvokeMethod.evaluate(InvokeMethod.java:17)
	at org.junit.runners.ParentRunner.runLeaf(ParentRunner.java:325)
	at org.junit.runners.BlockJUnit4ClassRunner.runChild(BlockJUnit4ClassRunner.java:78)
	at org.junit.runners.BlockJUnit4ClassRunner.runChild(BlockJUnit4ClassRunner.java:57)
	at org.junit.runners.ParentRunner$3.run(ParentRunner.java:290)
	at org.junit.runners.ParentRunner$1.schedule(ParentRunner.java:71)
	at org.junit.runners.ParentRunner.runChildren(ParentRunner.java:288)
	at org.junit.runners.ParentRunner.access$000(ParentRunner.java:58)
	at org.junit.runners.ParentRunner$2.evaluate(ParentRunner.java:268)
	at org.junit.runners.ParentRunner.run(ParentRunner.java:363)
	at org.mockito.internal.runners.JUnit45AndHigherRunnerImpl.run(JUnit45AndHigherRunnerImpl.java:37)
	at org.mockito.runners.MockitoJUnitRunner.run(MockitoJUnitRunner.java:62)
	at org.apache.maven.surefire.junit4.JUnit4TestSet.execute(JUnit4TestSet.java:53)
	at org.apache.maven.surefire.junit4.JUnit4Provider.executeTestSet(JUnit4Provider.java:123)
	at org.apache.maven.surefire.junit4.JUnit4Provider.invoke(JUnit4Provider.java:104)
	at sun.reflect.NativeMethodAccessorImpl.invoke0(Native Method)
	at sun.reflect.NativeMethodAccessorImpl.invoke(NativeMethodAccessorImpl.java:62)
	at sun.reflect.DelegatingMethodAccessorImpl.invoke(DelegatingMethodAccessorImpl.java:43)
	at java.lang.reflect.Method.invoke(Method.java:498)
	at org.apache.maven.surefire.util.ReflectionUtils.invokeMethodWithArray(ReflectionUtils.java:164)
	at org.apache.maven.surefire.booter.ProviderFactory$ProviderProxy.invoke(ProviderFactory.java:110)
	at org.apache.maven.surefire.booter.SurefireStarter.invokeProvider(SurefireStarter.java:175)
	at org.apache.maven.surefire.booter.SurefireStarter.runSuitesInProcessWhenForked(SurefireStarter.java:107)
	at org.apache.maven.surefire.booter.ForkedBooter.main(ForkedBooter.java:68)
Caused by: Exception [EclipseLink-7060] (Eclipse Persistence Services - 2.5.2.v20140319-9ad6abd): org.eclipse.persistence.exceptions.ValidationException
Exception Description: Cannot acquire data source [java:app/APHP].
Internal Exception: javax.naming.NamingException: Lookup failed for &apos;java:app/APHP&apos; in SerialContext[myEnv={java.naming.factory.initial=com.sun.enterprise.naming.impl.SerialInitContextFactory, java.naming.factory.state=com.sun.corba.ee.impl.presentation.rmi.JNDIStateFactoryImpl, java.naming.factory.url.pkgs=com.sun.enterprise.naming} [Root exception is javax.naming.NamingException: Invocation exception: Got null ComponentInvocation ]
	at org.eclipse.persistence.exceptions.ValidationException.cannotAcquireDataSource(ValidationException.java:520)
	at org.eclipse.persistence.sessions.JNDIConnector.connect(JNDIConnector.java:109)
	at org.eclipse.persistence.sessions.DatasourceLogin.connectToDatasource(DatasourceLogin.java:162)
	at org.eclipse.persistence.internal.sessions.DatabaseSessionImpl.setOrDetectDatasource(DatabaseSessionImpl.java:204)
	at org.eclipse.persistence.internal.sessions.DatabaseSessionImpl.loginAndDetectDatasource(DatabaseSessionImpl.java:741)
	at org.eclipse.persistence.internal.jpa.EntityManagerFactoryProvider.login(EntityManagerFactoryProvider.java:239)
	at org.eclipse.persistence.internal.jpa.EntityManagerSetupImpl.deploy(EntityManagerSetupImpl.java:685)
	... 40 more
Caused by: javax.naming.NamingException: Lookup failed for &apos;java:app/APHP&apos; in SerialContext[myEnv={java.naming.factory.initial=com.sun.enterprise.naming.impl.SerialInitContextFactory, java.naming.factory.state=com.sun.corba.ee.impl.presentation.rmi.JNDIStateFactoryImpl, java.naming.factory.url.pkgs=com.sun.enterprise.naming} [Root exception is javax.naming.NamingException: Invocation exception: Got null ComponentInvocation ]
	at com.sun.enterprise.naming.impl.SerialContext.lookup(SerialContext.java:491)
	at com.sun.enterprise.naming.impl.SerialContext.lookup(SerialContext.java:438)
	at com.sun.enterprise.naming.impl.SerialContext.lookup(SerialContext.java:622)
	at javax.naming.InitialContext.lookup(InitialContext.java:421)
	at org.eclipse.persistence.sessions.JNDIConnector.connect(JNDIConnector.java:103)
	... 45 more
Caused by: javax.naming.NamingException: Invocation exception: Got null ComponentInvocation 
	at com.sun.enterprise.naming.impl.GlassfishNamingManagerImpl.getComponentId(GlassfishNamingManagerImpl.java:842)
	at com.sun.enterprise.naming.impl.GlassfishNamingManagerImpl.lookup(GlassfishNamingManagerImpl.java:714)
	at com.sun.enterprise.naming.impl.JavaURLContext.lookup(JavaURLContext.java:167)
	at com.sun.enterprise.naming.impl.SerialContext.lookup(SerialContext.java:471)
	... 49 more
</error>
    <system-out>[EL Info]: 2018-02-01 15:06:35.228--ServerSession(484841769)--EclipseLink, version: Eclipse Persistence Services - 2.5.2.v20140319-9ad6abd
[EL Severe]: ejb: 2018-02-01 15:06:35.232--ServerSession(484841769)--Exception [EclipseLink-7060] (Eclipse Persistence Services - 2.5.2.v20140319-9ad6abd): org.eclipse.persistence.exceptions.ValidationException
Exception Description: Cannot acquire data source [java:app/APHP].
Internal Exception: javax.naming.NamingException: Lookup failed for &apos;java:app/APHP&apos; in SerialContext[myEnv={java.naming.factory.initial=com.sun.enterprise.naming.impl.SerialInitContextFactory, java.naming.factory.state=com.sun.corba.ee.impl.presentation.rmi.JNDIStateFactoryImpl, java.naming.factory.url.pkgs=com.sun.enterprise.naming} [Root exception is javax.naming.NamingException: Invocation exception: Got null ComponentInvocation ]
</system-out>
  </testcase>
  <testcase classname="fr.devsquad.minutemed.database.JPADataManagerUnitTest" name="testCreateAccount" time="0.38">
    <error message="Exception [EclipseLink-7060] (Eclipse Persistence Services - 2.5.2.v20140319-9ad6abd): org.eclipse.persistence.exceptions.ValidationException
Exception Description: Cannot acquire data source [java:app/APHP].
Internal Exception: javax.naming.NamingException: Lookup failed for &apos;java:app/APHP&apos; in SerialContext[myEnv={java.naming.factory.initial=com.sun.enterprise.naming.impl.SerialInitContextFactory, java.naming.factory.state=com.sun.corba.ee.impl.presentation.rmi.JNDIStateFactoryImpl, java.naming.factory.url.pkgs=com.sun.enterprise.naming} [Root exception is javax.naming.NamingException: Invocation exception: Got null ComponentInvocation ]" type="javax.persistence.PersistenceException">javax.persistence.PersistenceException: Exception [EclipseLink-7060] (Eclipse Persistence Services - 2.5.2.v20140319-9ad6abd): org.eclipse.persistence.exceptions.ValidationException
Exception Description: Cannot acquire data source [java:app/APHP].
Internal Exception: javax.naming.NamingException: Lookup failed for &apos;java:app/APHP&apos; in SerialContext[myEnv={java.naming.factory.initial=com.sun.enterprise.naming.impl.SerialInitContextFactory, java.naming.factory.state=com.sun.corba.ee.impl.presentation.rmi.JNDIStateFactoryImpl, java.naming.factory.url.pkgs=com.sun.enterprise.naming} [Root exception is javax.naming.NamingException: Invocation exception: Got null ComponentInvocation ]
	at org.eclipse.persistence.internal.jpa.EntityManagerSetupImpl.deploy(EntityManagerSetupImpl.java:766)
	at org.eclipse.persistence.internal.jpa.EntityManagerFactoryDelegate.getAbstractSession(EntityManagerFactoryDelegate.java:204)
	at org.eclipse.persistence.internal.jpa.EntityManagerFactoryDelegate.getDatabaseSession(EntityManagerFactoryDelegate.java:182)
	at org.eclipse.persistence.internal.jpa.EntityManagerFactoryImpl.getDatabaseSession(EntityManagerFactoryImpl.java:527)
	at org.eclipse.persistence.jpa.PersistenceProvider.createEntityManagerFactoryImpl(PersistenceProvider.java:140)
	at org.eclipse.persistence.jpa.PersistenceProvider.createEntityManagerFactory(PersistenceProvider.java:177)
	at javax.persistence.Persistence.createEntityManagerFactory(Persistence.java:79)
	at javax.persistence.Persistence.createEntityManagerFactory(Persistence.java:54)
	at fr.devsquad.minutemed.database.JPADataManager.&lt;init&gt;(JPADataManager.java:41)
	at fr.devsquad.minutemed.database.JPADataManagerUnitTest.testCreateAccount(JPADataManagerUnitTest.java:47)
	at sun.reflect.NativeMethodAccessorImpl.invoke0(Native Method)
	at sun.reflect.NativeMethodAccessorImpl.invoke(NativeMethodAccessorImpl.java:62)
	at sun.reflect.DelegatingMethodAccessorImpl.invoke(DelegatingMethodAccessorImpl.java:43)
	at java.lang.reflect.Method.invoke(Method.java:498)
	at org.junit.runners.model.FrameworkMethod$1.runReflectiveCall(FrameworkMethod.java:50)
	at org.junit.internal.runners.model.ReflectiveCallable.run(ReflectiveCallable.java:12)
	at org.junit.runners.model.FrameworkMethod.invokeExplosively(FrameworkMethod.java:47)
	at org.junit.internal.runners.statements.InvokeMethod.evaluate(InvokeMethod.java:17)
	at org.junit.runners.ParentRunner.runLeaf(ParentRunner.java:325)
	at org.junit.runners.BlockJUnit4ClassRunner.runChild(BlockJUnit4ClassRunner.java:78)
	at org.junit.runners.BlockJUnit4ClassRunner.runChild(BlockJUnit4ClassRunner.java:57)
	at org.junit.runners.ParentRunner$3.run(ParentRunner.java:290)
	at org.junit.runners.ParentRunner$1.schedule(ParentRunner.java:71)
	at org.junit.runners.ParentRunner.runChildren(ParentRunner.java:288)
	at org.junit.runners.ParentRunner.access$000(ParentRunner.java:58)
	at org.junit.runners.ParentRunner$2.evaluate(ParentRunner.java:268)
	at org.junit.runners.ParentRunner.run(ParentRunner.java:363)
	at org.mockito.internal.runners.JUnit45AndHigherRunnerImpl.run(JUnit45AndHigherRunnerImpl.java:37)
	at org.mockito.runners.MockitoJUnitRunner.run(MockitoJUnitRunner.java:62)
	at org.apache.maven.surefire.junit4.JUnit4TestSet.execute(JUnit4TestSet.java:53)
	at org.apache.maven.surefire.junit4.JUnit4Provider.executeTestSet(JUnit4Provider.java:123)
	at org.apache.maven.surefire.junit4.JUnit4Provider.invoke(JUnit4Provider.java:104)
	at sun.reflect.NativeMethodAccessorImpl.invoke0(Native Method)
	at sun.reflect.NativeMethodAccessorImpl.invoke(NativeMethodAccessorImpl.java:62)
	at sun.reflect.DelegatingMethodAccessorImpl.invoke(DelegatingMethodAccessorImpl.java:43)
	at java.lang.reflect.Method.invoke(Method.java:498)
	at org.apache.maven.surefire.util.ReflectionUtils.invokeMethodWithArray(ReflectionUtils.java:164)
	at org.apache.maven.surefire.booter.ProviderFactory$ProviderProxy.invoke(ProviderFactory.java:110)
	at org.apache.maven.surefire.booter.SurefireStarter.invokeProvider(SurefireStarter.java:175)
	at org.apache.maven.surefire.booter.SurefireStarter.runSuitesInProcessWhenForked(SurefireStarter.java:107)
	at org.apache.maven.surefire.booter.ForkedBooter.main(ForkedBooter.java:68)
Caused by: Exception [EclipseLink-7060] (Eclipse Persistence Services - 2.5.2.v20140319-9ad6abd): org.eclipse.persistence.exceptions.ValidationException
Exception Description: Cannot acquire data source [java:app/APHP].
Internal Exception: javax.naming.NamingException: Lookup failed for &apos;java:app/APHP&apos; in SerialContext[myEnv={java.naming.factory.initial=com.sun.enterprise.naming.impl.SerialInitContextFactory, java.naming.factory.state=com.sun.corba.ee.impl.presentation.rmi.JNDIStateFactoryImpl, java.naming.factory.url.pkgs=com.sun.enterprise.naming} [Root exception is javax.naming.NamingException: Invocation exception: Got null ComponentInvocation ]
	at org.eclipse.persistence.exceptions.ValidationException.cannotAcquireDataSource(ValidationException.java:520)
	at org.eclipse.persistence.sessions.JNDIConnector.connect(JNDIConnector.java:109)
	at org.eclipse.persistence.sessions.DatasourceLogin.connectToDatasource(DatasourceLogin.java:162)
	at org.eclipse.persistence.internal.sessions.DatabaseSessionImpl.setOrDetectDatasource(DatabaseSessionImpl.java:204)
	at org.eclipse.persistence.internal.sessions.DatabaseSessionImpl.loginAndDetectDatasource(DatabaseSessionImpl.java:741)
	at org.eclipse.persistence.internal.jpa.EntityManagerFactoryProvider.login(EntityManagerFactoryProvider.java:239)
	at org.eclipse.persistence.internal.jpa.EntityManagerSetupImpl.deploy(EntityManagerSetupImpl.java:685)
	... 40 more
Caused by: javax.naming.NamingException: Lookup failed for &apos;java:app/APHP&apos; in SerialContext[myEnv={java.naming.factory.initial=com.sun.enterprise.naming.impl.SerialInitContextFactory, java.naming.factory.state=com.sun.corba.ee.impl.presentation.rmi.JNDIStateFactoryImpl, java.naming.factory.url.pkgs=com.sun.enterprise.naming} [Root exception is javax.naming.NamingException: Invocation exception: Got null ComponentInvocation ]
	at com.sun.enterprise.naming.impl.SerialContext.lookup(SerialContext.java:491)
	at com.sun.enterprise.naming.impl.SerialContext.lookup(SerialContext.java:438)
	at com.sun.enterprise.naming.impl.SerialContext.lookup(SerialContext.java:622)
	at javax.naming.InitialContext.lookup(InitialContext.java:421)
	at org.eclipse.persistence.sessions.JNDIConnector.connect(JNDIConnector.java:103)
	... 45 more
Caused by: javax.naming.NamingException: Invocation exception: Got null ComponentInvocation 
	at com.sun.enterprise.naming.impl.GlassfishNamingManagerImpl.getComponentId(GlassfishNamingManagerImpl.java:842)
	at com.sun.enterprise.naming.impl.GlassfishNamingManagerImpl.lookup(GlassfishNamingManagerImpl.java:714)
	at com.sun.enterprise.naming.impl.JavaURLContext.lookup(JavaURLContext.java:167)
	at com.sun.enterprise.naming.impl.SerialContext.lookup(SerialContext.java:471)
	... 49 more
</error>
    <system-out>[EL Info]: 2018-02-01 15:06:35.636--ServerSession(198098993)--EclipseLink, version: Eclipse Persistence Services - 2.5.2.v20140319-9ad6abd
[EL Severe]: ejb: 2018-02-01 15:06:35.64--ServerSession(198098993)--Exception [EclipseLink-7060] (Eclipse Persistence Services - 2.5.2.v20140319-9ad6abd): org.eclipse.persistence.exceptions.ValidationException
Exception Description: Cannot acquire data source [java:app/APHP].
Internal Exception: javax.naming.NamingException: Lookup failed for &apos;java:app/APHP&apos; in SerialContext[myEnv={java.naming.factory.initial=com.sun.enterprise.naming.impl.SerialInitContextFactory, java.naming.factory.state=com.sun.corba.ee.impl.presentation.rmi.JNDIStateFactoryImpl, java.naming.factory.url.pkgs=com.sun.enterprise.naming} [Root exception is javax.naming.NamingException: Invocation exception: Got null ComponentInvocation ]
</system-out>
  </testcase>
  <testcase classname="fr.devsquad.minutemed.database.JPADataManagerUnitTest" name="testCreateNurse" time="0.332">
    <error message="Exception [EclipseLink-7060] (Eclipse Persistence Services - 2.5.2.v20140319-9ad6abd): org.eclipse.persistence.exceptions.ValidationException
Exception Description: Cannot acquire data source [java:app/APHP].
Internal Exception: javax.naming.NamingException: Lookup failed for &apos;java:app/APHP&apos; in SerialContext[myEnv={java.naming.factory.initial=com.sun.enterprise.naming.impl.SerialInitContextFactory, java.naming.factory.state=com.sun.corba.ee.impl.presentation.rmi.JNDIStateFactoryImpl, java.naming.factory.url.pkgs=com.sun.enterprise.naming} [Root exception is javax.naming.NamingException: Invocation exception: Got null ComponentInvocation ]" type="javax.persistence.PersistenceException">javax.persistence.PersistenceException: Exception [EclipseLink-7060] (Eclipse Persistence Services - 2.5.2.v20140319-9ad6abd): org.eclipse.persistence.exceptions.ValidationException
Exception Description: Cannot acquire data source [java:app/APHP].
Internal Exception: javax.naming.NamingException: Lookup failed for &apos;java:app/APHP&apos; in SerialContext[myEnv={java.naming.factory.initial=com.sun.enterprise.naming.impl.SerialInitContextFactory, java.naming.factory.state=com.sun.corba.ee.impl.presentation.rmi.JNDIStateFactoryImpl, java.naming.factory.url.pkgs=com.sun.enterprise.naming} [Root exception is javax.naming.NamingException: Invocation exception: Got null ComponentInvocation ]
	at org.eclipse.persistence.internal.jpa.EntityManagerSetupImpl.deploy(EntityManagerSetupImpl.java:766)
	at org.eclipse.persistence.internal.jpa.EntityManagerFactoryDelegate.getAbstractSession(EntityManagerFactoryDelegate.java:204)
	at org.eclipse.persistence.internal.jpa.EntityManagerFactoryDelegate.getDatabaseSession(EntityManagerFactoryDelegate.java:182)
	at org.eclipse.persistence.internal.jpa.EntityManagerFactoryImpl.getDatabaseSession(EntityManagerFactoryImpl.java:527)
	at org.eclipse.persistence.jpa.PersistenceProvider.createEntityManagerFactoryImpl(PersistenceProvider.java:140)
	at org.eclipse.persistence.jpa.PersistenceProvider.createEntityManagerFactory(PersistenceProvider.java:177)
	at javax.persistence.Persistence.createEntityManagerFactory(Persistence.java:79)
	at javax.persistence.Persistence.createEntityManagerFactory(Persistence.java:54)
	at fr.devsquad.minutemed.database.JPADataManager.&lt;init&gt;(JPADataManager.java:41)
	at fr.devsquad.minutemed.database.JPADataManagerUnitTest.testCreateNurse(JPADataManagerUnitTest.java:911)
	at sun.reflect.NativeMethodAccessorImpl.invoke0(Native Method)
	at sun.reflect.NativeMethodAccessorImpl.invoke(NativeMethodAccessorImpl.java:62)
	at sun.reflect.DelegatingMethodAccessorImpl.invoke(DelegatingMethodAccessorImpl.java:43)
	at java.lang.reflect.Method.invoke(Method.java:498)
	at org.junit.runners.model.FrameworkMethod$1.runReflectiveCall(FrameworkMethod.java:50)
	at org.junit.internal.runners.model.ReflectiveCallable.run(ReflectiveCallable.java:12)
	at org.junit.runners.model.FrameworkMethod.invokeExplosively(FrameworkMethod.java:47)
	at org.junit.internal.runners.statements.InvokeMethod.evaluate(InvokeMethod.java:17)
	at org.junit.runners.ParentRunner.runLeaf(ParentRunner.java:325)
	at org.junit.runners.BlockJUnit4ClassRunner.runChild(BlockJUnit4ClassRunner.java:78)
	at org.junit.runners.BlockJUnit4ClassRunner.runChild(BlockJUnit4ClassRunner.java:57)
	at org.junit.runners.ParentRunner$3.run(ParentRunner.java:290)
	at org.junit.runners.ParentRunner$1.schedule(ParentRunner.java:71)
	at org.junit.runners.ParentRunner.runChildren(ParentRunner.java:288)
	at org.junit.runners.ParentRunner.access$000(ParentRunner.java:58)
	at org.junit.runners.ParentRunner$2.evaluate(ParentRunner.java:268)
	at org.junit.runners.ParentRunner.run(ParentRunner.java:363)
	at org.mockito.internal.runners.JUnit45AndHigherRunnerImpl.run(JUnit45AndHigherRunnerImpl.java:37)
	at org.mockito.runners.MockitoJUnitRunner.run(MockitoJUnitRunner.java:62)
	at org.apache.maven.surefire.junit4.JUnit4TestSet.execute(JUnit4TestSet.java:53)
	at org.apache.maven.surefire.junit4.JUnit4Provider.executeTestSet(JUnit4Provider.java:123)
	at org.apache.maven.surefire.junit4.JUnit4Provider.invoke(JUnit4Provider.java:104)
	at sun.reflect.NativeMethodAccessorImpl.invoke0(Native Method)
	at sun.reflect.NativeMethodAccessorImpl.invoke(NativeMethodAccessorImpl.java:62)
	at sun.reflect.DelegatingMethodAccessorImpl.invoke(DelegatingMethodAccessorImpl.java:43)
	at java.lang.reflect.Method.invoke(Method.java:498)
	at org.apache.maven.surefire.util.ReflectionUtils.invokeMethodWithArray(ReflectionUtils.java:164)
	at org.apache.maven.surefire.booter.ProviderFactory$ProviderProxy.invoke(ProviderFactory.java:110)
	at org.apache.maven.surefire.booter.SurefireStarter.invokeProvider(SurefireStarter.java:175)
	at org.apache.maven.surefire.booter.SurefireStarter.runSuitesInProcessWhenForked(SurefireStarter.java:107)
	at org.apache.maven.surefire.booter.ForkedBooter.main(ForkedBooter.java:68)
Caused by: Exception [EclipseLink-7060] (Eclipse Persistence Services - 2.5.2.v20140319-9ad6abd): org.eclipse.persistence.exceptions.ValidationException
Exception Description: Cannot acquire data source [java:app/APHP].
Internal Exception: javax.naming.NamingException: Lookup failed for &apos;java:app/APHP&apos; in SerialContext[myEnv={java.naming.factory.initial=com.sun.enterprise.naming.impl.SerialInitContextFactory, java.naming.factory.state=com.sun.corba.ee.impl.presentation.rmi.JNDIStateFactoryImpl, java.naming.factory.url.pkgs=com.sun.enterprise.naming} [Root exception is javax.naming.NamingException: Invocation exception: Got null ComponentInvocation ]
	at org.eclipse.persistence.exceptions.ValidationException.cannotAcquireDataSource(ValidationException.java:520)
	at org.eclipse.persistence.sessions.JNDIConnector.connect(JNDIConnector.java:109)
	at org.eclipse.persistence.sessions.DatasourceLogin.connectToDatasource(DatasourceLogin.java:162)
	at org.eclipse.persistence.internal.sessions.DatabaseSessionImpl.setOrDetectDatasource(DatabaseSessionImpl.java:204)
	at org.eclipse.persistence.internal.sessions.DatabaseSessionImpl.loginAndDetectDatasource(DatabaseSessionImpl.java:741)
	at org.eclipse.persistence.internal.jpa.EntityManagerFactoryProvider.login(EntityManagerFactoryProvider.java:239)
	at org.eclipse.persistence.internal.jpa.EntityManagerSetupImpl.deploy(EntityManagerSetupImpl.java:685)
	... 40 more
Caused by: javax.naming.NamingException: Lookup failed for &apos;java:app/APHP&apos; in SerialContext[myEnv={java.naming.factory.initial=com.sun.enterprise.naming.impl.SerialInitContextFactory, java.naming.factory.state=com.sun.corba.ee.impl.presentation.rmi.JNDIStateFactoryImpl, java.naming.factory.url.pkgs=com.sun.enterprise.naming} [Root exception is javax.naming.NamingException: Invocation exception: Got null ComponentInvocation ]
	at com.sun.enterprise.naming.impl.SerialContext.lookup(SerialContext.java:491)
	at com.sun.enterprise.naming.impl.SerialContext.lookup(SerialContext.java:438)
	at com.sun.enterprise.naming.impl.SerialContext.lookup(SerialContext.java:622)
	at javax.naming.InitialContext.lookup(InitialContext.java:421)
	at org.eclipse.persistence.sessions.JNDIConnector.connect(JNDIConnector.java:103)
	... 45 more
Caused by: javax.naming.NamingException: Invocation exception: Got null ComponentInvocation 
	at com.sun.enterprise.naming.impl.GlassfishNamingManagerImpl.getComponentId(GlassfishNamingManagerImpl.java:842)
	at com.sun.enterprise.naming.impl.GlassfishNamingManagerImpl.lookup(GlassfishNamingManagerImpl.java:714)
	at com.sun.enterprise.naming.impl.JavaURLContext.lookup(JavaURLContext.java:167)
	at com.sun.enterprise.naming.impl.SerialContext.lookup(SerialContext.java:471)
	... 49 more
</error>
    <system-out>[EL Info]: 2018-02-01 15:06:35.964--ServerSession(2064883371)--EclipseLink, version: Eclipse Persistence Services - 2.5.2.v20140319-9ad6abd
[EL Severe]: ejb: 2018-02-01 15:06:35.972--ServerSession(2064883371)--Exception [EclipseLink-7060] (Eclipse Persistence Services - 2.5.2.v20140319-9ad6abd): org.eclipse.persistence.exceptions.ValidationException
Exception Description: Cannot acquire data source [java:app/APHP].
Internal Exception: javax.naming.NamingException: Lookup failed for &apos;java:app/APHP&apos; in SerialContext[myEnv={java.naming.factory.initial=com.sun.enterprise.naming.impl.SerialInitContextFactory, java.naming.factory.state=com.sun.corba.ee.impl.presentation.rmi.JNDIStateFactoryImpl, java.naming.factory.url.pkgs=com.sun.enterprise.naming} [Root exception is javax.naming.NamingException: Invocation exception: Got null ComponentInvocation ]
</system-out>
  </testcase>
  <testcase classname="fr.devsquad.minutemed.database.JPADataManagerUnitTest" name="testCreateHospitalUnitNull" time="0.32">
    <error message="Exception [EclipseLink-7060] (Eclipse Persistence Services - 2.5.2.v20140319-9ad6abd): org.eclipse.persistence.exceptions.ValidationException
Exception Description: Cannot acquire data source [java:app/APHP].
Internal Exception: javax.naming.NamingException: Lookup failed for &apos;java:app/APHP&apos; in SerialContext[myEnv={java.naming.factory.initial=com.sun.enterprise.naming.impl.SerialInitContextFactory, java.naming.factory.state=com.sun.corba.ee.impl.presentation.rmi.JNDIStateFactoryImpl, java.naming.factory.url.pkgs=com.sun.enterprise.naming} [Root exception is javax.naming.NamingException: Invocation exception: Got null ComponentInvocation ]" type="javax.persistence.PersistenceException">javax.persistence.PersistenceException: Exception [EclipseLink-7060] (Eclipse Persistence Services - 2.5.2.v20140319-9ad6abd): org.eclipse.persistence.exceptions.ValidationException
Exception Description: Cannot acquire data source [java:app/APHP].
Internal Exception: javax.naming.NamingException: Lookup failed for &apos;java:app/APHP&apos; in SerialContext[myEnv={java.naming.factory.initial=com.sun.enterprise.naming.impl.SerialInitContextFactory, java.naming.factory.state=com.sun.corba.ee.impl.presentation.rmi.JNDIStateFactoryImpl, java.naming.factory.url.pkgs=com.sun.enterprise.naming} [Root exception is javax.naming.NamingException: Invocation exception: Got null ComponentInvocation ]
	at org.eclipse.persistence.internal.jpa.EntityManagerSetupImpl.deploy(EntityManagerSetupImpl.java:766)
	at org.eclipse.persistence.internal.jpa.EntityManagerFactoryDelegate.getAbstractSession(EntityManagerFactoryDelegate.java:204)
	at org.eclipse.persistence.internal.jpa.EntityManagerFactoryDelegate.getDatabaseSession(EntityManagerFactoryDelegate.java:182)
	at org.eclipse.persistence.internal.jpa.EntityManagerFactoryImpl.getDatabaseSession(EntityManagerFactoryImpl.java:527)
	at org.eclipse.persistence.jpa.PersistenceProvider.createEntityManagerFactoryImpl(PersistenceProvider.java:140)
	at org.eclipse.persistence.jpa.PersistenceProvider.createEntityManagerFactory(PersistenceProvider.java:177)
	at javax.persistence.Persistence.createEntityManagerFactory(Persistence.java:79)
	at javax.persistence.Persistence.createEntityManagerFactory(Persistence.java:54)
	at fr.devsquad.minutemed.database.JPADataManager.&lt;init&gt;(JPADataManager.java:41)
	at fr.devsquad.minutemed.database.JPADataManagerUnitTest.testCreateHospitalUnitNull(JPADataManagerUnitTest.java:431)
	at sun.reflect.NativeMethodAccessorImpl.invoke0(Native Method)
	at sun.reflect.NativeMethodAccessorImpl.invoke(NativeMethodAccessorImpl.java:62)
	at sun.reflect.DelegatingMethodAccessorImpl.invoke(DelegatingMethodAccessorImpl.java:43)
	at java.lang.reflect.Method.invoke(Method.java:498)
	at org.junit.runners.model.FrameworkMethod$1.runReflectiveCall(FrameworkMethod.java:50)
	at org.junit.internal.runners.model.ReflectiveCallable.run(ReflectiveCallable.java:12)
	at org.junit.runners.model.FrameworkMethod.invokeExplosively(FrameworkMethod.java:47)
	at org.junit.internal.runners.statements.InvokeMethod.evaluate(InvokeMethod.java:17)
	at org.junit.runners.ParentRunner.runLeaf(ParentRunner.java:325)
	at org.junit.runners.BlockJUnit4ClassRunner.runChild(BlockJUnit4ClassRunner.java:78)
	at org.junit.runners.BlockJUnit4ClassRunner.runChild(BlockJUnit4ClassRunner.java:57)
	at org.junit.runners.ParentRunner$3.run(ParentRunner.java:290)
	at org.junit.runners.ParentRunner$1.schedule(ParentRunner.java:71)
	at org.junit.runners.ParentRunner.runChildren(ParentRunner.java:288)
	at org.junit.runners.ParentRunner.access$000(ParentRunner.java:58)
	at org.junit.runners.ParentRunner$2.evaluate(ParentRunner.java:268)
	at org.junit.runners.ParentRunner.run(ParentRunner.java:363)
	at org.mockito.internal.runners.JUnit45AndHigherRunnerImpl.run(JUnit45AndHigherRunnerImpl.java:37)
	at org.mockito.runners.MockitoJUnitRunner.run(MockitoJUnitRunner.java:62)
	at org.apache.maven.surefire.junit4.JUnit4TestSet.execute(JUnit4TestSet.java:53)
	at org.apache.maven.surefire.junit4.JUnit4Provider.executeTestSet(JUnit4Provider.java:123)
	at org.apache.maven.surefire.junit4.JUnit4Provider.invoke(JUnit4Provider.java:104)
	at sun.reflect.NativeMethodAccessorImpl.invoke0(Native Method)
	at sun.reflect.NativeMethodAccessorImpl.invoke(NativeMethodAccessorImpl.java:62)
	at sun.reflect.DelegatingMethodAccessorImpl.invoke(DelegatingMethodAccessorImpl.java:43)
	at java.lang.reflect.Method.invoke(Method.java:498)
	at org.apache.maven.surefire.util.ReflectionUtils.invokeMethodWithArray(ReflectionUtils.java:164)
	at org.apache.maven.surefire.booter.ProviderFactory$ProviderProxy.invoke(ProviderFactory.java:110)
	at org.apache.maven.surefire.booter.SurefireStarter.invokeProvider(SurefireStarter.java:175)
	at org.apache.maven.surefire.booter.SurefireStarter.runSuitesInProcessWhenForked(SurefireStarter.java:107)
	at org.apache.maven.surefire.booter.ForkedBooter.main(ForkedBooter.java:68)
Caused by: Exception [EclipseLink-7060] (Eclipse Persistence Services - 2.5.2.v20140319-9ad6abd): org.eclipse.persistence.exceptions.ValidationException
Exception Description: Cannot acquire data source [java:app/APHP].
Internal Exception: javax.naming.NamingException: Lookup failed for &apos;java:app/APHP&apos; in SerialContext[myEnv={java.naming.factory.initial=com.sun.enterprise.naming.impl.SerialInitContextFactory, java.naming.factory.state=com.sun.corba.ee.impl.presentation.rmi.JNDIStateFactoryImpl, java.naming.factory.url.pkgs=com.sun.enterprise.naming} [Root exception is javax.naming.NamingException: Invocation exception: Got null ComponentInvocation ]
	at org.eclipse.persistence.exceptions.ValidationException.cannotAcquireDataSource(ValidationException.java:520)
	at org.eclipse.persistence.sessions.JNDIConnector.connect(JNDIConnector.java:109)
	at org.eclipse.persistence.sessions.DatasourceLogin.connectToDatasource(DatasourceLogin.java:162)
	at org.eclipse.persistence.internal.sessions.DatabaseSessionImpl.setOrDetectDatasource(DatabaseSessionImpl.java:204)
	at org.eclipse.persistence.internal.sessions.DatabaseSessionImpl.loginAndDetectDatasource(DatabaseSessionImpl.java:741)
	at org.eclipse.persistence.internal.jpa.EntityManagerFactoryProvider.login(EntityManagerFactoryProvider.java:239)
	at org.eclipse.persistence.internal.jpa.EntityManagerSetupImpl.deploy(EntityManagerSetupImpl.java:685)
	... 40 more
Caused by: javax.naming.NamingException: Lookup failed for &apos;java:app/APHP&apos; in SerialContext[myEnv={java.naming.factory.initial=com.sun.enterprise.naming.impl.SerialInitContextFactory, java.naming.factory.state=com.sun.corba.ee.impl.presentation.rmi.JNDIStateFactoryImpl, java.naming.factory.url.pkgs=com.sun.enterprise.naming} [Root exception is javax.naming.NamingException: Invocation exception: Got null ComponentInvocation ]
	at com.sun.enterprise.naming.impl.SerialContext.lookup(SerialContext.java:491)
	at com.sun.enterprise.naming.impl.SerialContext.lookup(SerialContext.java:438)
	at com.sun.enterprise.naming.impl.SerialContext.lookup(SerialContext.java:622)
	at javax.naming.InitialContext.lookup(InitialContext.java:421)
	at org.eclipse.persistence.sessions.JNDIConnector.connect(JNDIConnector.java:103)
	... 45 more
Caused by: javax.naming.NamingException: Invocation exception: Got null ComponentInvocation 
	at com.sun.enterprise.naming.impl.GlassfishNamingManagerImpl.getComponentId(GlassfishNamingManagerImpl.java:842)
	at com.sun.enterprise.naming.impl.GlassfishNamingManagerImpl.lookup(GlassfishNamingManagerImpl.java:714)
	at com.sun.enterprise.naming.impl.JavaURLContext.lookup(JavaURLContext.java:167)
	at com.sun.enterprise.naming.impl.SerialContext.lookup(SerialContext.java:471)
	... 49 more
</error>
    <system-out>[EL Info]: 2018-02-01 15:06:36.292--ServerSession(1622613647)--EclipseLink, version: Eclipse Persistence Services - 2.5.2.v20140319-9ad6abd
[EL Severe]: ejb: 2018-02-01 15:06:36.296--ServerSession(1622613647)--Exception [EclipseLink-7060] (Eclipse Persistence Services - 2.5.2.v20140319-9ad6abd): org.eclipse.persistence.exceptions.ValidationException
Exception Description: Cannot acquire data source [java:app/APHP].
Internal Exception: javax.naming.NamingException: Lookup failed for &apos;java:app/APHP&apos; in SerialContext[myEnv={java.naming.factory.initial=com.sun.enterprise.naming.impl.SerialInitContextFactory, java.naming.factory.state=com.sun.corba.ee.impl.presentation.rmi.JNDIStateFactoryImpl, java.naming.factory.url.pkgs=com.sun.enterprise.naming} [Root exception is javax.naming.NamingException: Invocation exception: Got null ComponentInvocation ]
</system-out>
  </testcase>
  <testcase classname="fr.devsquad.minutemed.database.JPADataManagerUnitTest" name="testGetAllPoles" time="0.332">
    <error message="Exception [EclipseLink-7060] (Eclipse Persistence Services - 2.5.2.v20140319-9ad6abd): org.eclipse.persistence.exceptions.ValidationException
Exception Description: Cannot acquire data source [java:app/APHP].
Internal Exception: javax.naming.NamingException: Lookup failed for &apos;java:app/APHP&apos; in SerialContext[myEnv={java.naming.factory.initial=com.sun.enterprise.naming.impl.SerialInitContextFactory, java.naming.factory.state=com.sun.corba.ee.impl.presentation.rmi.JNDIStateFactoryImpl, java.naming.factory.url.pkgs=com.sun.enterprise.naming} [Root exception is javax.naming.NamingException: Invocation exception: Got null ComponentInvocation ]" type="javax.persistence.PersistenceException">javax.persistence.PersistenceException: Exception [EclipseLink-7060] (Eclipse Persistence Services - 2.5.2.v20140319-9ad6abd): org.eclipse.persistence.exceptions.ValidationException
Exception Description: Cannot acquire data source [java:app/APHP].
Internal Exception: javax.naming.NamingException: Lookup failed for &apos;java:app/APHP&apos; in SerialContext[myEnv={java.naming.factory.initial=com.sun.enterprise.naming.impl.SerialInitContextFactory, java.naming.factory.state=com.sun.corba.ee.impl.presentation.rmi.JNDIStateFactoryImpl, java.naming.factory.url.pkgs=com.sun.enterprise.naming} [Root exception is javax.naming.NamingException: Invocation exception: Got null ComponentInvocation ]
	at org.eclipse.persistence.internal.jpa.EntityManagerSetupImpl.deploy(EntityManagerSetupImpl.java:766)
	at org.eclipse.persistence.internal.jpa.EntityManagerFactoryDelegate.getAbstractSession(EntityManagerFactoryDelegate.java:204)
	at org.eclipse.persistence.internal.jpa.EntityManagerFactoryDelegate.getDatabaseSession(EntityManagerFactoryDelegate.java:182)
	at org.eclipse.persistence.internal.jpa.EntityManagerFactoryImpl.getDatabaseSession(EntityManagerFactoryImpl.java:527)
	at org.eclipse.persistence.jpa.PersistenceProvider.createEntityManagerFactoryImpl(PersistenceProvider.java:140)
	at org.eclipse.persistence.jpa.PersistenceProvider.createEntityManagerFactory(PersistenceProvider.java:177)
	at javax.persistence.Persistence.createEntityManagerFactory(Persistence.java:79)
	at javax.persistence.Persistence.createEntityManagerFactory(Persistence.java:54)
	at fr.devsquad.minutemed.database.JPADataManager.&lt;init&gt;(JPADataManager.java:41)
	at fr.devsquad.minutemed.database.JPADataManagerUnitTest.testGetAllPoles(JPADataManagerUnitTest.java:275)
	at sun.reflect.NativeMethodAccessorImpl.invoke0(Native Method)
	at sun.reflect.NativeMethodAccessorImpl.invoke(NativeMethodAccessorImpl.java:62)
	at sun.reflect.DelegatingMethodAccessorImpl.invoke(DelegatingMethodAccessorImpl.java:43)
	at java.lang.reflect.Method.invoke(Method.java:498)
	at org.junit.runners.model.FrameworkMethod$1.runReflectiveCall(FrameworkMethod.java:50)
	at org.junit.internal.runners.model.ReflectiveCallable.run(ReflectiveCallable.java:12)
	at org.junit.runners.model.FrameworkMethod.invokeExplosively(FrameworkMethod.java:47)
	at org.junit.internal.runners.statements.InvokeMethod.evaluate(InvokeMethod.java:17)
	at org.junit.runners.ParentRunner.runLeaf(ParentRunner.java:325)
	at org.junit.runners.BlockJUnit4ClassRunner.runChild(BlockJUnit4ClassRunner.java:78)
	at org.junit.runners.BlockJUnit4ClassRunner.runChild(BlockJUnit4ClassRunner.java:57)
	at org.junit.runners.ParentRunner$3.run(ParentRunner.java:290)
	at org.junit.runners.ParentRunner$1.schedule(ParentRunner.java:71)
	at org.junit.runners.ParentRunner.runChildren(ParentRunner.java:288)
	at org.junit.runners.ParentRunner.access$000(ParentRunner.java:58)
	at org.junit.runners.ParentRunner$2.evaluate(ParentRunner.java:268)
	at org.junit.runners.ParentRunner.run(ParentRunner.java:363)
	at org.mockito.internal.runners.JUnit45AndHigherRunnerImpl.run(JUnit45AndHigherRunnerImpl.java:37)
	at org.mockito.runners.MockitoJUnitRunner.run(MockitoJUnitRunner.java:62)
	at org.apache.maven.surefire.junit4.JUnit4TestSet.execute(JUnit4TestSet.java:53)
	at org.apache.maven.surefire.junit4.JUnit4Provider.executeTestSet(JUnit4Provider.java:123)
	at org.apache.maven.surefire.junit4.JUnit4Provider.invoke(JUnit4Provider.java:104)
	at sun.reflect.NativeMethodAccessorImpl.invoke0(Native Method)
	at sun.reflect.NativeMethodAccessorImpl.invoke(NativeMethodAccessorImpl.java:62)
	at sun.reflect.DelegatingMethodAccessorImpl.invoke(DelegatingMethodAccessorImpl.java:43)
	at java.lang.reflect.Method.invoke(Method.java:498)
	at org.apache.maven.surefire.util.ReflectionUtils.invokeMethodWithArray(ReflectionUtils.java:164)
	at org.apache.maven.surefire.booter.ProviderFactory$ProviderProxy.invoke(ProviderFactory.java:110)
	at org.apache.maven.surefire.booter.SurefireStarter.invokeProvider(SurefireStarter.java:175)
	at org.apache.maven.surefire.booter.SurefireStarter.runSuitesInProcessWhenForked(SurefireStarter.java:107)
	at org.apache.maven.surefire.booter.ForkedBooter.main(ForkedBooter.java:68)
Caused by: Exception [EclipseLink-7060] (Eclipse Persistence Services - 2.5.2.v20140319-9ad6abd): org.eclipse.persistence.exceptions.ValidationException
Exception Description: Cannot acquire data source [java:app/APHP].
Internal Exception: javax.naming.NamingException: Lookup failed for &apos;java:app/APHP&apos; in SerialContext[myEnv={java.naming.factory.initial=com.sun.enterprise.naming.impl.SerialInitContextFactory, java.naming.factory.state=com.sun.corba.ee.impl.presentation.rmi.JNDIStateFactoryImpl, java.naming.factory.url.pkgs=com.sun.enterprise.naming} [Root exception is javax.naming.NamingException: Invocation exception: Got null ComponentInvocation ]
	at org.eclipse.persistence.exceptions.ValidationException.cannotAcquireDataSource(ValidationException.java:520)
	at org.eclipse.persistence.sessions.JNDIConnector.connect(JNDIConnector.java:109)
	at org.eclipse.persistence.sessions.DatasourceLogin.connectToDatasource(DatasourceLogin.java:162)
	at org.eclipse.persistence.internal.sessions.DatabaseSessionImpl.setOrDetectDatasource(DatabaseSessionImpl.java:204)
	at org.eclipse.persistence.internal.sessions.DatabaseSessionImpl.loginAndDetectDatasource(DatabaseSessionImpl.java:741)
	at org.eclipse.persistence.internal.jpa.EntityManagerFactoryProvider.login(EntityManagerFactoryProvider.java:239)
	at org.eclipse.persistence.internal.jpa.EntityManagerSetupImpl.deploy(EntityManagerSetupImpl.java:685)
	... 40 more
Caused by: javax.naming.NamingException: Lookup failed for &apos;java:app/APHP&apos; in SerialContext[myEnv={java.naming.factory.initial=com.sun.enterprise.naming.impl.SerialInitContextFactory, java.naming.factory.state=com.sun.corba.ee.impl.presentation.rmi.JNDIStateFactoryImpl, java.naming.factory.url.pkgs=com.sun.enterprise.naming} [Root exception is javax.naming.NamingException: Invocation exception: Got null ComponentInvocation ]
	at com.sun.enterprise.naming.impl.SerialContext.lookup(SerialContext.java:491)
	at com.sun.enterprise.naming.impl.SerialContext.lookup(SerialContext.java:438)
	at com.sun.enterprise.naming.impl.SerialContext.lookup(SerialContext.java:622)
	at javax.naming.InitialContext.lookup(InitialContext.java:421)
	at org.eclipse.persistence.sessions.JNDIConnector.connect(JNDIConnector.java:103)
	... 45 more
Caused by: javax.naming.NamingException: Invocation exception: Got null ComponentInvocation 
	at com.sun.enterprise.naming.impl.GlassfishNamingManagerImpl.getComponentId(GlassfishNamingManagerImpl.java:842)
	at com.sun.enterprise.naming.impl.GlassfishNamingManagerImpl.lookup(GlassfishNamingManagerImpl.java:714)
	at com.sun.enterprise.naming.impl.JavaURLContext.lookup(JavaURLContext.java:167)
	at com.sun.enterprise.naming.impl.SerialContext.lookup(SerialContext.java:471)
	... 49 more
</error>
    <system-out>[EL Info]: 2018-02-01 15:06:36.624--ServerSession(907815246)--EclipseLink, version: Eclipse Persistence Services - 2.5.2.v20140319-9ad6abd
[EL Severe]: ejb: 2018-02-01 15:06:36.628--ServerSession(907815246)--Exception [EclipseLink-7060] (Eclipse Persistence Services - 2.5.2.v20140319-9ad6abd): org.eclipse.persistence.exceptions.ValidationException
Exception Description: Cannot acquire data source [java:app/APHP].
Internal Exception: javax.naming.NamingException: Lookup failed for &apos;java:app/APHP&apos; in SerialContext[myEnv={java.naming.factory.initial=com.sun.enterprise.naming.impl.SerialInitContextFactory, java.naming.factory.state=com.sun.corba.ee.impl.presentation.rmi.JNDIStateFactoryImpl, java.naming.factory.url.pkgs=com.sun.enterprise.naming} [Root exception is javax.naming.NamingException: Invocation exception: Got null ComponentInvocation ]
</system-out>
  </testcase>
  <testcase classname="fr.devsquad.minutemed.database.JPADataManagerUnitTest" name="testGetAllHospitalUnits" time="0.42">
    <error message="Exception [EclipseLink-7060] (Eclipse Persistence Services - 2.5.2.v20140319-9ad6abd): org.eclipse.persistence.exceptions.ValidationException
Exception Description: Cannot acquire data source [java:app/APHP].
Internal Exception: javax.naming.NamingException: Lookup failed for &apos;java:app/APHP&apos; in SerialContext[myEnv={java.naming.factory.initial=com.sun.enterprise.naming.impl.SerialInitContextFactory, java.naming.factory.state=com.sun.corba.ee.impl.presentation.rmi.JNDIStateFactoryImpl, java.naming.factory.url.pkgs=com.sun.enterprise.naming} [Root exception is javax.naming.NamingException: Invocation exception: Got null ComponentInvocation ]" type="javax.persistence.PersistenceException">javax.persistence.PersistenceException: Exception [EclipseLink-7060] (Eclipse Persistence Services - 2.5.2.v20140319-9ad6abd): org.eclipse.persistence.exceptions.ValidationException
Exception Description: Cannot acquire data source [java:app/APHP].
Internal Exception: javax.naming.NamingException: Lookup failed for &apos;java:app/APHP&apos; in SerialContext[myEnv={java.naming.factory.initial=com.sun.enterprise.naming.impl.SerialInitContextFactory, java.naming.factory.state=com.sun.corba.ee.impl.presentation.rmi.JNDIStateFactoryImpl, java.naming.factory.url.pkgs=com.sun.enterprise.naming} [Root exception is javax.naming.NamingException: Invocation exception: Got null ComponentInvocation ]
	at org.eclipse.persistence.internal.jpa.EntityManagerSetupImpl.deploy(EntityManagerSetupImpl.java:766)
	at org.eclipse.persistence.internal.jpa.EntityManagerFactoryDelegate.getAbstractSession(EntityManagerFactoryDelegate.java:204)
	at org.eclipse.persistence.internal.jpa.EntityManagerFactoryDelegate.getDatabaseSession(EntityManagerFactoryDelegate.java:182)
	at org.eclipse.persistence.internal.jpa.EntityManagerFactoryImpl.getDatabaseSession(EntityManagerFactoryImpl.java:527)
	at org.eclipse.persistence.jpa.PersistenceProvider.createEntityManagerFactoryImpl(PersistenceProvider.java:140)
	at org.eclipse.persistence.jpa.PersistenceProvider.createEntityManagerFactory(PersistenceProvider.java:177)
	at javax.persistence.Persistence.createEntityManagerFactory(Persistence.java:79)
	at javax.persistence.Persistence.createEntityManagerFactory(Persistence.java:54)
	at fr.devsquad.minutemed.database.JPADataManager.&lt;init&gt;(JPADataManager.java:41)
	at fr.devsquad.minutemed.database.JPADataManagerUnitTest.testGetAllHospitalUnits(JPADataManagerUnitTest.java:530)
	at sun.reflect.NativeMethodAccessorImpl.invoke0(Native Method)
	at sun.reflect.NativeMethodAccessorImpl.invoke(NativeMethodAccessorImpl.java:62)
	at sun.reflect.DelegatingMethodAccessorImpl.invoke(DelegatingMethodAccessorImpl.java:43)
	at java.lang.reflect.Method.invoke(Method.java:498)
	at org.junit.runners.model.FrameworkMethod$1.runReflectiveCall(FrameworkMethod.java:50)
	at org.junit.internal.runners.model.ReflectiveCallable.run(ReflectiveCallable.java:12)
	at org.junit.runners.model.FrameworkMethod.invokeExplosively(FrameworkMethod.java:47)
	at org.junit.internal.runners.statements.InvokeMethod.evaluate(InvokeMethod.java:17)
	at org.junit.runners.ParentRunner.runLeaf(ParentRunner.java:325)
	at org.junit.runners.BlockJUnit4ClassRunner.runChild(BlockJUnit4ClassRunner.java:78)
	at org.junit.runners.BlockJUnit4ClassRunner.runChild(BlockJUnit4ClassRunner.java:57)
	at org.junit.runners.ParentRunner$3.run(ParentRunner.java:290)
	at org.junit.runners.ParentRunner$1.schedule(ParentRunner.java:71)
	at org.junit.runners.ParentRunner.runChildren(ParentRunner.java:288)
	at org.junit.runners.ParentRunner.access$000(ParentRunner.java:58)
	at org.junit.runners.ParentRunner$2.evaluate(ParentRunner.java:268)
	at org.junit.runners.ParentRunner.run(ParentRunner.java:363)
	at org.mockito.internal.runners.JUnit45AndHigherRunnerImpl.run(JUnit45AndHigherRunnerImpl.java:37)
	at org.mockito.runners.MockitoJUnitRunner.run(MockitoJUnitRunner.java:62)
	at org.apache.maven.surefire.junit4.JUnit4TestSet.execute(JUnit4TestSet.java:53)
	at org.apache.maven.surefire.junit4.JUnit4Provider.executeTestSet(JUnit4Provider.java:123)
	at org.apache.maven.surefire.junit4.JUnit4Provider.invoke(JUnit4Provider.java:104)
	at sun.reflect.NativeMethodAccessorImpl.invoke0(Native Method)
	at sun.reflect.NativeMethodAccessorImpl.invoke(NativeMethodAccessorImpl.java:62)
	at sun.reflect.DelegatingMethodAccessorImpl.invoke(DelegatingMethodAccessorImpl.java:43)
	at java.lang.reflect.Method.invoke(Method.java:498)
	at org.apache.maven.surefire.util.ReflectionUtils.invokeMethodWithArray(ReflectionUtils.java:164)
	at org.apache.maven.surefire.booter.ProviderFactory$ProviderProxy.invoke(ProviderFactory.java:110)
	at org.apache.maven.surefire.booter.SurefireStarter.invokeProvider(SurefireStarter.java:175)
	at org.apache.maven.surefire.booter.SurefireStarter.runSuitesInProcessWhenForked(SurefireStarter.java:107)
	at org.apache.maven.surefire.booter.ForkedBooter.main(ForkedBooter.java:68)
Caused by: Exception [EclipseLink-7060] (Eclipse Persistence Services - 2.5.2.v20140319-9ad6abd): org.eclipse.persistence.exceptions.ValidationException
Exception Description: Cannot acquire data source [java:app/APHP].
Internal Exception: javax.naming.NamingException: Lookup failed for &apos;java:app/APHP&apos; in SerialContext[myEnv={java.naming.factory.initial=com.sun.enterprise.naming.impl.SerialInitContextFactory, java.naming.factory.state=com.sun.corba.ee.impl.presentation.rmi.JNDIStateFactoryImpl, java.naming.factory.url.pkgs=com.sun.enterprise.naming} [Root exception is javax.naming.NamingException: Invocation exception: Got null ComponentInvocation ]
	at org.eclipse.persistence.exceptions.ValidationException.cannotAcquireDataSource(ValidationException.java:520)
	at org.eclipse.persistence.sessions.JNDIConnector.connect(JNDIConnector.java:109)
	at org.eclipse.persistence.sessions.DatasourceLogin.connectToDatasource(DatasourceLogin.java:162)
	at org.eclipse.persistence.internal.sessions.DatabaseSessionImpl.setOrDetectDatasource(DatabaseSessionImpl.java:204)
	at org.eclipse.persistence.internal.sessions.DatabaseSessionImpl.loginAndDetectDatasource(DatabaseSessionImpl.java:741)
	at org.eclipse.persistence.internal.jpa.EntityManagerFactoryProvider.login(EntityManagerFactoryProvider.java:239)
	at org.eclipse.persistence.internal.jpa.EntityManagerSetupImpl.deploy(EntityManagerSetupImpl.java:685)
	... 40 more
Caused by: javax.naming.NamingException: Lookup failed for &apos;java:app/APHP&apos; in SerialContext[myEnv={java.naming.factory.initial=com.sun.enterprise.naming.impl.SerialInitContextFactory, java.naming.factory.state=com.sun.corba.ee.impl.presentation.rmi.JNDIStateFactoryImpl, java.naming.factory.url.pkgs=com.sun.enterprise.naming} [Root exception is javax.naming.NamingException: Invocation exception: Got null ComponentInvocation ]
	at com.sun.enterprise.naming.impl.SerialContext.lookup(SerialContext.java:491)
	at com.sun.enterprise.naming.impl.SerialContext.lookup(SerialContext.java:438)
	at com.sun.enterprise.naming.impl.SerialContext.lookup(SerialContext.java:622)
	at javax.naming.InitialContext.lookup(InitialContext.java:421)
	at org.eclipse.persistence.sessions.JNDIConnector.connect(JNDIConnector.java:103)
	... 45 more
Caused by: javax.naming.NamingException: Invocation exception: Got null ComponentInvocation 
	at com.sun.enterprise.naming.impl.GlassfishNamingManagerImpl.getComponentId(GlassfishNamingManagerImpl.java:842)
	at com.sun.enterprise.naming.impl.GlassfishNamingManagerImpl.lookup(GlassfishNamingManagerImpl.java:714)
	at com.sun.enterprise.naming.impl.JavaURLContext.lookup(JavaURLContext.java:167)
	at com.sun.enterprise.naming.impl.SerialContext.lookup(SerialContext.java:471)
	... 49 more
</error>
    <system-out>[EL Info]: 2018-02-01 15:06:37.04--ServerSession(168957945)--EclipseLink, version: Eclipse Persistence Services - 2.5.2.v20140319-9ad6abd
[EL Severe]: ejb: 2018-02-01 15:06:37.04--ServerSession(168957945)--Exception [EclipseLink-7060] (Eclipse Persistence Services - 2.5.2.v20140319-9ad6abd): org.eclipse.persistence.exceptions.ValidationException
Exception Description: Cannot acquire data source [java:app/APHP].
Internal Exception: javax.naming.NamingException: Lookup failed for &apos;java:app/APHP&apos; in SerialContext[myEnv={java.naming.factory.initial=com.sun.enterprise.naming.impl.SerialInitContextFactory, java.naming.factory.state=com.sun.corba.ee.impl.presentation.rmi.JNDIStateFactoryImpl, java.naming.factory.url.pkgs=com.sun.enterprise.naming} [Root exception is javax.naming.NamingException: Invocation exception: Got null ComponentInvocation ]
</system-out>
  </testcase>
  <testcase classname="fr.devsquad.minutemed.database.JPADataManagerUnitTest" name="testRemoveNurse" time="0.332">
    <error message="Exception [EclipseLink-7060] (Eclipse Persistence Services - 2.5.2.v20140319-9ad6abd): org.eclipse.persistence.exceptions.ValidationException
Exception Description: Cannot acquire data source [java:app/APHP].
Internal Exception: javax.naming.NamingException: Lookup failed for &apos;java:app/APHP&apos; in SerialContext[myEnv={java.naming.factory.initial=com.sun.enterprise.naming.impl.SerialInitContextFactory, java.naming.factory.state=com.sun.corba.ee.impl.presentation.rmi.JNDIStateFactoryImpl, java.naming.factory.url.pkgs=com.sun.enterprise.naming} [Root exception is javax.naming.NamingException: Invocation exception: Got null ComponentInvocation ]" type="javax.persistence.PersistenceException">javax.persistence.PersistenceException: Exception [EclipseLink-7060] (Eclipse Persistence Services - 2.5.2.v20140319-9ad6abd): org.eclipse.persistence.exceptions.ValidationException
Exception Description: Cannot acquire data source [java:app/APHP].
Internal Exception: javax.naming.NamingException: Lookup failed for &apos;java:app/APHP&apos; in SerialContext[myEnv={java.naming.factory.initial=com.sun.enterprise.naming.impl.SerialInitContextFactory, java.naming.factory.state=com.sun.corba.ee.impl.presentation.rmi.JNDIStateFactoryImpl, java.naming.factory.url.pkgs=com.sun.enterprise.naming} [Root exception is javax.naming.NamingException: Invocation exception: Got null ComponentInvocation ]
	at org.eclipse.persistence.internal.jpa.EntityManagerSetupImpl.deploy(EntityManagerSetupImpl.java:766)
	at org.eclipse.persistence.internal.jpa.EntityManagerFactoryDelegate.getAbstractSession(EntityManagerFactoryDelegate.java:204)
	at org.eclipse.persistence.internal.jpa.EntityManagerFactoryDelegate.getDatabaseSession(EntityManagerFactoryDelegate.java:182)
	at org.eclipse.persistence.internal.jpa.EntityManagerFactoryImpl.getDatabaseSession(EntityManagerFactoryImpl.java:527)
	at org.eclipse.persistence.jpa.PersistenceProvider.createEntityManagerFactoryImpl(PersistenceProvider.java:140)
	at org.eclipse.persistence.jpa.PersistenceProvider.createEntityManagerFactory(PersistenceProvider.java:177)
	at javax.persistence.Persistence.createEntityManagerFactory(Persistence.java:79)
	at javax.persistence.Persistence.createEntityManagerFactory(Persistence.java:54)
	at fr.devsquad.minutemed.database.JPADataManager.&lt;init&gt;(JPADataManager.java:41)
	at fr.devsquad.minutemed.database.JPADataManagerUnitTest.testRemoveNurse(JPADataManagerUnitTest.java:1018)
	at sun.reflect.NativeMethodAccessorImpl.invoke0(Native Method)
	at sun.reflect.NativeMethodAccessorImpl.invoke(NativeMethodAccessorImpl.java:62)
	at sun.reflect.DelegatingMethodAccessorImpl.invoke(DelegatingMethodAccessorImpl.java:43)
	at java.lang.reflect.Method.invoke(Method.java:498)
	at org.junit.runners.model.FrameworkMethod$1.runReflectiveCall(FrameworkMethod.java:50)
	at org.junit.internal.runners.model.ReflectiveCallable.run(ReflectiveCallable.java:12)
	at org.junit.runners.model.FrameworkMethod.invokeExplosively(FrameworkMethod.java:47)
	at org.junit.internal.runners.statements.InvokeMethod.evaluate(InvokeMethod.java:17)
	at org.junit.runners.ParentRunner.runLeaf(ParentRunner.java:325)
	at org.junit.runners.BlockJUnit4ClassRunner.runChild(BlockJUnit4ClassRunner.java:78)
	at org.junit.runners.BlockJUnit4ClassRunner.runChild(BlockJUnit4ClassRunner.java:57)
	at org.junit.runners.ParentRunner$3.run(ParentRunner.java:290)
	at org.junit.runners.ParentRunner$1.schedule(ParentRunner.java:71)
	at org.junit.runners.ParentRunner.runChildren(ParentRunner.java:288)
	at org.junit.runners.ParentRunner.access$000(ParentRunner.java:58)
	at org.junit.runners.ParentRunner$2.evaluate(ParentRunner.java:268)
	at org.junit.runners.ParentRunner.run(ParentRunner.java:363)
	at org.mockito.internal.runners.JUnit45AndHigherRunnerImpl.run(JUnit45AndHigherRunnerImpl.java:37)
	at org.mockito.runners.MockitoJUnitRunner.run(MockitoJUnitRunner.java:62)
	at org.apache.maven.surefire.junit4.JUnit4TestSet.execute(JUnit4TestSet.java:53)
	at org.apache.maven.surefire.junit4.JUnit4Provider.executeTestSet(JUnit4Provider.java:123)
	at org.apache.maven.surefire.junit4.JUnit4Provider.invoke(JUnit4Provider.java:104)
	at sun.reflect.NativeMethodAccessorImpl.invoke0(Native Method)
	at sun.reflect.NativeMethodAccessorImpl.invoke(NativeMethodAccessorImpl.java:62)
	at sun.reflect.DelegatingMethodAccessorImpl.invoke(DelegatingMethodAccessorImpl.java:43)
	at java.lang.reflect.Method.invoke(Method.java:498)
	at org.apache.maven.surefire.util.ReflectionUtils.invokeMethodWithArray(ReflectionUtils.java:164)
	at org.apache.maven.surefire.booter.ProviderFactory$ProviderProxy.invoke(ProviderFactory.java:110)
	at org.apache.maven.surefire.booter.SurefireStarter.invokeProvider(SurefireStarter.java:175)
	at org.apache.maven.surefire.booter.SurefireStarter.runSuitesInProcessWhenForked(SurefireStarter.java:107)
	at org.apache.maven.surefire.booter.ForkedBooter.main(ForkedBooter.java:68)
Caused by: Exception [EclipseLink-7060] (Eclipse Persistence Services - 2.5.2.v20140319-9ad6abd): org.eclipse.persistence.exceptions.ValidationException
Exception Description: Cannot acquire data source [java:app/APHP].
Internal Exception: javax.naming.NamingException: Lookup failed for &apos;java:app/APHP&apos; in SerialContext[myEnv={java.naming.factory.initial=com.sun.enterprise.naming.impl.SerialInitContextFactory, java.naming.factory.state=com.sun.corba.ee.impl.presentation.rmi.JNDIStateFactoryImpl, java.naming.factory.url.pkgs=com.sun.enterprise.naming} [Root exception is javax.naming.NamingException: Invocation exception: Got null ComponentInvocation ]
	at org.eclipse.persistence.exceptions.ValidationException.cannotAcquireDataSource(ValidationException.java:520)
	at org.eclipse.persistence.sessions.JNDIConnector.connect(JNDIConnector.java:109)
	at org.eclipse.persistence.sessions.DatasourceLogin.connectToDatasource(DatasourceLogin.java:162)
	at org.eclipse.persistence.internal.sessions.DatabaseSessionImpl.setOrDetectDatasource(DatabaseSessionImpl.java:204)
	at org.eclipse.persistence.internal.sessions.DatabaseSessionImpl.loginAndDetectDatasource(DatabaseSessionImpl.java:741)
	at org.eclipse.persistence.internal.jpa.EntityManagerFactoryProvider.login(EntityManagerFactoryProvider.java:239)
	at org.eclipse.persistence.internal.jpa.EntityManagerSetupImpl.deploy(EntityManagerSetupImpl.java:685)
	... 40 more
Caused by: javax.naming.NamingException: Lookup failed for &apos;java:app/APHP&apos; in SerialContext[myEnv={java.naming.factory.initial=com.sun.enterprise.naming.impl.SerialInitContextFactory, java.naming.factory.state=com.sun.corba.ee.impl.presentation.rmi.JNDIStateFactoryImpl, java.naming.factory.url.pkgs=com.sun.enterprise.naming} [Root exception is javax.naming.NamingException: Invocation exception: Got null ComponentInvocation ]
	at com.sun.enterprise.naming.impl.SerialContext.lookup(SerialContext.java:491)
	at com.sun.enterprise.naming.impl.SerialContext.lookup(SerialContext.java:438)
	at com.sun.enterprise.naming.impl.SerialContext.lookup(SerialContext.java:622)
	at javax.naming.InitialContext.lookup(InitialContext.java:421)
	at org.eclipse.persistence.sessions.JNDIConnector.connect(JNDIConnector.java:103)
	... 45 more
Caused by: javax.naming.NamingException: Invocation exception: Got null ComponentInvocation 
	at com.sun.enterprise.naming.impl.GlassfishNamingManagerImpl.getComponentId(GlassfishNamingManagerImpl.java:842)
	at com.sun.enterprise.naming.impl.GlassfishNamingManagerImpl.lookup(GlassfishNamingManagerImpl.java:714)
	at com.sun.enterprise.naming.impl.JavaURLContext.lookup(JavaURLContext.java:167)
	at com.sun.enterprise.naming.impl.SerialContext.lookup(SerialContext.java:471)
	... 49 more
</error>
    <system-out>[EL Info]: 2018-02-01 15:06:37.372--ServerSession(1997344422)--EclipseLink, version: Eclipse Persistence Services - 2.5.2.v20140319-9ad6abd
[EL Severe]: ejb: 2018-02-01 15:06:37.376--ServerSession(1997344422)--Exception [EclipseLink-7060] (Eclipse Persistence Services - 2.5.2.v20140319-9ad6abd): org.eclipse.persistence.exceptions.ValidationException
Exception Description: Cannot acquire data source [java:app/APHP].
Internal Exception: javax.naming.NamingException: Lookup failed for &apos;java:app/APHP&apos; in SerialContext[myEnv={java.naming.factory.initial=com.sun.enterprise.naming.impl.SerialInitContextFactory, java.naming.factory.state=com.sun.corba.ee.impl.presentation.rmi.JNDIStateFactoryImpl, java.naming.factory.url.pkgs=com.sun.enterprise.naming} [Root exception is javax.naming.NamingException: Invocation exception: Got null ComponentInvocation ]
</system-out>
  </testcase>
  <testcase classname="fr.devsquad.minutemed.database.JPADataManagerUnitTest" name="testCreateDoctorNull" time="0.312">
    <error message="Exception [EclipseLink-7060] (Eclipse Persistence Services - 2.5.2.v20140319-9ad6abd): org.eclipse.persistence.exceptions.ValidationException
Exception Description: Cannot acquire data source [java:app/APHP].
Internal Exception: javax.naming.NamingException: Lookup failed for &apos;java:app/APHP&apos; in SerialContext[myEnv={java.naming.factory.initial=com.sun.enterprise.naming.impl.SerialInitContextFactory, java.naming.factory.state=com.sun.corba.ee.impl.presentation.rmi.JNDIStateFactoryImpl, java.naming.factory.url.pkgs=com.sun.enterprise.naming} [Root exception is javax.naming.NamingException: Invocation exception: Got null ComponentInvocation ]" type="javax.persistence.PersistenceException">javax.persistence.PersistenceException: Exception [EclipseLink-7060] (Eclipse Persistence Services - 2.5.2.v20140319-9ad6abd): org.eclipse.persistence.exceptions.ValidationException
Exception Description: Cannot acquire data source [java:app/APHP].
Internal Exception: javax.naming.NamingException: Lookup failed for &apos;java:app/APHP&apos; in SerialContext[myEnv={java.naming.factory.initial=com.sun.enterprise.naming.impl.SerialInitContextFactory, java.naming.factory.state=com.sun.corba.ee.impl.presentation.rmi.JNDIStateFactoryImpl, java.naming.factory.url.pkgs=com.sun.enterprise.naming} [Root exception is javax.naming.NamingException: Invocation exception: Got null ComponentInvocation ]
	at org.eclipse.persistence.internal.jpa.EntityManagerSetupImpl.deploy(EntityManagerSetupImpl.java:766)
	at org.eclipse.persistence.internal.jpa.EntityManagerFactoryDelegate.getAbstractSession(EntityManagerFactoryDelegate.java:204)
	at org.eclipse.persistence.internal.jpa.EntityManagerFactoryDelegate.getDatabaseSession(EntityManagerFactoryDelegate.java:182)
	at org.eclipse.persistence.internal.jpa.EntityManagerFactoryImpl.getDatabaseSession(EntityManagerFactoryImpl.java:527)
	at org.eclipse.persistence.jpa.PersistenceProvider.createEntityManagerFactoryImpl(PersistenceProvider.java:140)
	at org.eclipse.persistence.jpa.PersistenceProvider.createEntityManagerFactory(PersistenceProvider.java:177)
	at javax.persistence.Persistence.createEntityManagerFactory(Persistence.java:79)
	at javax.persistence.Persistence.createEntityManagerFactory(Persistence.java:54)
	at fr.devsquad.minutemed.database.JPADataManager.&lt;init&gt;(JPADataManager.java:41)
	at fr.devsquad.minutemed.database.JPADataManagerUnitTest.testCreateDoctorNull(JPADataManagerUnitTest.java:742)
	at sun.reflect.NativeMethodAccessorImpl.invoke0(Native Method)
	at sun.reflect.NativeMethodAccessorImpl.invoke(NativeMethodAccessorImpl.java:62)
	at sun.reflect.DelegatingMethodAccessorImpl.invoke(DelegatingMethodAccessorImpl.java:43)
	at java.lang.reflect.Method.invoke(Method.java:498)
	at org.junit.runners.model.FrameworkMethod$1.runReflectiveCall(FrameworkMethod.java:50)
	at org.junit.internal.runners.model.ReflectiveCallable.run(ReflectiveCallable.java:12)
	at org.junit.runners.model.FrameworkMethod.invokeExplosively(FrameworkMethod.java:47)
	at org.junit.internal.runners.statements.InvokeMethod.evaluate(InvokeMethod.java:17)
	at org.junit.runners.ParentRunner.runLeaf(ParentRunner.java:325)
	at org.junit.runners.BlockJUnit4ClassRunner.runChild(BlockJUnit4ClassRunner.java:78)
	at org.junit.runners.BlockJUnit4ClassRunner.runChild(BlockJUnit4ClassRunner.java:57)
	at org.junit.runners.ParentRunner$3.run(ParentRunner.java:290)
	at org.junit.runners.ParentRunner$1.schedule(ParentRunner.java:71)
	at org.junit.runners.ParentRunner.runChildren(ParentRunner.java:288)
	at org.junit.runners.ParentRunner.access$000(ParentRunner.java:58)
	at org.junit.runners.ParentRunner$2.evaluate(ParentRunner.java:268)
	at org.junit.runners.ParentRunner.run(ParentRunner.java:363)
	at org.mockito.internal.runners.JUnit45AndHigherRunnerImpl.run(JUnit45AndHigherRunnerImpl.java:37)
	at org.mockito.runners.MockitoJUnitRunner.run(MockitoJUnitRunner.java:62)
	at org.apache.maven.surefire.junit4.JUnit4TestSet.execute(JUnit4TestSet.java:53)
	at org.apache.maven.surefire.junit4.JUnit4Provider.executeTestSet(JUnit4Provider.java:123)
	at org.apache.maven.surefire.junit4.JUnit4Provider.invoke(JUnit4Provider.java:104)
	at sun.reflect.NativeMethodAccessorImpl.invoke0(Native Method)
	at sun.reflect.NativeMethodAccessorImpl.invoke(NativeMethodAccessorImpl.java:62)
	at sun.reflect.DelegatingMethodAccessorImpl.invoke(DelegatingMethodAccessorImpl.java:43)
	at java.lang.reflect.Method.invoke(Method.java:498)
	at org.apache.maven.surefire.util.ReflectionUtils.invokeMethodWithArray(ReflectionUtils.java:164)
	at org.apache.maven.surefire.booter.ProviderFactory$ProviderProxy.invoke(ProviderFactory.java:110)
	at org.apache.maven.surefire.booter.SurefireStarter.invokeProvider(SurefireStarter.java:175)
	at org.apache.maven.surefire.booter.SurefireStarter.runSuitesInProcessWhenForked(SurefireStarter.java:107)
	at org.apache.maven.surefire.booter.ForkedBooter.main(ForkedBooter.java:68)
Caused by: Exception [EclipseLink-7060] (Eclipse Persistence Services - 2.5.2.v20140319-9ad6abd): org.eclipse.persistence.exceptions.ValidationException
Exception Description: Cannot acquire data source [java:app/APHP].
Internal Exception: javax.naming.NamingException: Lookup failed for &apos;java:app/APHP&apos; in SerialContext[myEnv={java.naming.factory.initial=com.sun.enterprise.naming.impl.SerialInitContextFactory, java.naming.factory.state=com.sun.corba.ee.impl.presentation.rmi.JNDIStateFactoryImpl, java.naming.factory.url.pkgs=com.sun.enterprise.naming} [Root exception is javax.naming.NamingException: Invocation exception: Got null ComponentInvocation ]
	at org.eclipse.persistence.exceptions.ValidationException.cannotAcquireDataSource(ValidationException.java:520)
	at org.eclipse.persistence.sessions.JNDIConnector.connect(JNDIConnector.java:109)
	at org.eclipse.persistence.sessions.DatasourceLogin.connectToDatasource(DatasourceLogin.java:162)
	at org.eclipse.persistence.internal.sessions.DatabaseSessionImpl.setOrDetectDatasource(DatabaseSessionImpl.java:204)
	at org.eclipse.persistence.internal.sessions.DatabaseSessionImpl.loginAndDetectDatasource(DatabaseSessionImpl.java:741)
	at org.eclipse.persistence.internal.jpa.EntityManagerFactoryProvider.login(EntityManagerFactoryProvider.java:239)
	at org.eclipse.persistence.internal.jpa.EntityManagerSetupImpl.deploy(EntityManagerSetupImpl.java:685)
	... 40 more
Caused by: javax.naming.NamingException: Lookup failed for &apos;java:app/APHP&apos; in SerialContext[myEnv={java.naming.factory.initial=com.sun.enterprise.naming.impl.SerialInitContextFactory, java.naming.factory.state=com.sun.corba.ee.impl.presentation.rmi.JNDIStateFactoryImpl, java.naming.factory.url.pkgs=com.sun.enterprise.naming} [Root exception is javax.naming.NamingException: Invocation exception: Got null ComponentInvocation ]
	at com.sun.enterprise.naming.impl.SerialContext.lookup(SerialContext.java:491)
	at com.sun.enterprise.naming.impl.SerialContext.lookup(SerialContext.java:438)
	at com.sun.enterprise.naming.impl.SerialContext.lookup(SerialContext.java:622)
	at javax.naming.InitialContext.lookup(InitialContext.java:421)
	at org.eclipse.persistence.sessions.JNDIConnector.connect(JNDIConnector.java:103)
	... 45 more
Caused by: javax.naming.NamingException: Invocation exception: Got null ComponentInvocation 
	at com.sun.enterprise.naming.impl.GlassfishNamingManagerImpl.getComponentId(GlassfishNamingManagerImpl.java:842)
	at com.sun.enterprise.naming.impl.GlassfishNamingManagerImpl.lookup(GlassfishNamingManagerImpl.java:714)
	at com.sun.enterprise.naming.impl.JavaURLContext.lookup(JavaURLContext.java:167)
	at com.sun.enterprise.naming.impl.SerialContext.lookup(SerialContext.java:471)
	... 49 more
</error>
    <system-out>[EL Info]: 2018-02-01 15:06:37.688--ServerSession(1095947149)--EclipseLink, version: Eclipse Persistence Services - 2.5.2.v20140319-9ad6abd
[EL Severe]: ejb: 2018-02-01 15:06:37.692--ServerSession(1095947149)--Exception [EclipseLink-7060] (Eclipse Persistence Services - 2.5.2.v20140319-9ad6abd): org.eclipse.persistence.exceptions.ValidationException
Exception Description: Cannot acquire data source [java:app/APHP].
Internal Exception: javax.naming.NamingException: Lookup failed for &apos;java:app/APHP&apos; in SerialContext[myEnv={java.naming.factory.initial=com.sun.enterprise.naming.impl.SerialInitContextFactory, java.naming.factory.state=com.sun.corba.ee.impl.presentation.rmi.JNDIStateFactoryImpl, java.naming.factory.url.pkgs=com.sun.enterprise.naming} [Root exception is javax.naming.NamingException: Invocation exception: Got null ComponentInvocation ]
</system-out>
  </testcase>
  <testcase classname="fr.devsquad.minutemed.database.JPADataManagerUnitTest" name="testCreateAccountNull" time="0.336">
    <error message="Exception [EclipseLink-7060] (Eclipse Persistence Services - 2.5.2.v20140319-9ad6abd): org.eclipse.persistence.exceptions.ValidationException
Exception Description: Cannot acquire data source [java:app/APHP].
Internal Exception: javax.naming.NamingException: Lookup failed for &apos;java:app/APHP&apos; in SerialContext[myEnv={java.naming.factory.initial=com.sun.enterprise.naming.impl.SerialInitContextFactory, java.naming.factory.state=com.sun.corba.ee.impl.presentation.rmi.JNDIStateFactoryImpl, java.naming.factory.url.pkgs=com.sun.enterprise.naming} [Root exception is javax.naming.NamingException: Invocation exception: Got null ComponentInvocation ]" type="javax.persistence.PersistenceException">javax.persistence.PersistenceException: Exception [EclipseLink-7060] (Eclipse Persistence Services - 2.5.2.v20140319-9ad6abd): org.eclipse.persistence.exceptions.ValidationException
Exception Description: Cannot acquire data source [java:app/APHP].
Internal Exception: javax.naming.NamingException: Lookup failed for &apos;java:app/APHP&apos; in SerialContext[myEnv={java.naming.factory.initial=com.sun.enterprise.naming.impl.SerialInitContextFactory, java.naming.factory.state=com.sun.corba.ee.impl.presentation.rmi.JNDIStateFactoryImpl, java.naming.factory.url.pkgs=com.sun.enterprise.naming} [Root exception is javax.naming.NamingException: Invocation exception: Got null ComponentInvocation ]
	at org.eclipse.persistence.internal.jpa.EntityManagerSetupImpl.deploy(EntityManagerSetupImpl.java:766)
	at org.eclipse.persistence.internal.jpa.EntityManagerFactoryDelegate.getAbstractSession(EntityManagerFactoryDelegate.java:204)
	at org.eclipse.persistence.internal.jpa.EntityManagerFactoryDelegate.getDatabaseSession(EntityManagerFactoryDelegate.java:182)
	at org.eclipse.persistence.internal.jpa.EntityManagerFactoryImpl.getDatabaseSession(EntityManagerFactoryImpl.java:527)
	at org.eclipse.persistence.jpa.PersistenceProvider.createEntityManagerFactoryImpl(PersistenceProvider.java:140)
	at org.eclipse.persistence.jpa.PersistenceProvider.createEntityManagerFactory(PersistenceProvider.java:177)
	at javax.persistence.Persistence.createEntityManagerFactory(Persistence.java:79)
	at javax.persistence.Persistence.createEntityManagerFactory(Persistence.java:54)
	at fr.devsquad.minutemed.database.JPADataManager.&lt;init&gt;(JPADataManager.java:41)
	at fr.devsquad.minutemed.database.JPADataManagerUnitTest.testCreateAccountNull(JPADataManagerUnitTest.java:36)
	at sun.reflect.NativeMethodAccessorImpl.invoke0(Native Method)
	at sun.reflect.NativeMethodAccessorImpl.invoke(NativeMethodAccessorImpl.java:62)
	at sun.reflect.DelegatingMethodAccessorImpl.invoke(DelegatingMethodAccessorImpl.java:43)
	at java.lang.reflect.Method.invoke(Method.java:498)
	at org.junit.runners.model.FrameworkMethod$1.runReflectiveCall(FrameworkMethod.java:50)
	at org.junit.internal.runners.model.ReflectiveCallable.run(ReflectiveCallable.java:12)
	at org.junit.runners.model.FrameworkMethod.invokeExplosively(FrameworkMethod.java:47)
	at org.junit.internal.runners.statements.InvokeMethod.evaluate(InvokeMethod.java:17)
	at org.junit.runners.ParentRunner.runLeaf(ParentRunner.java:325)
	at org.junit.runners.BlockJUnit4ClassRunner.runChild(BlockJUnit4ClassRunner.java:78)
	at org.junit.runners.BlockJUnit4ClassRunner.runChild(BlockJUnit4ClassRunner.java:57)
	at org.junit.runners.ParentRunner$3.run(ParentRunner.java:290)
	at org.junit.runners.ParentRunner$1.schedule(ParentRunner.java:71)
	at org.junit.runners.ParentRunner.runChildren(ParentRunner.java:288)
	at org.junit.runners.ParentRunner.access$000(ParentRunner.java:58)
	at org.junit.runners.ParentRunner$2.evaluate(ParentRunner.java:268)
	at org.junit.runners.ParentRunner.run(ParentRunner.java:363)
	at org.mockito.internal.runners.JUnit45AndHigherRunnerImpl.run(JUnit45AndHigherRunnerImpl.java:37)
	at org.mockito.runners.MockitoJUnitRunner.run(MockitoJUnitRunner.java:62)
	at org.apache.maven.surefire.junit4.JUnit4TestSet.execute(JUnit4TestSet.java:53)
	at org.apache.maven.surefire.junit4.JUnit4Provider.executeTestSet(JUnit4Provider.java:123)
	at org.apache.maven.surefire.junit4.JUnit4Provider.invoke(JUnit4Provider.java:104)
	at sun.reflect.NativeMethodAccessorImpl.invoke0(Native Method)
	at sun.reflect.NativeMethodAccessorImpl.invoke(NativeMethodAccessorImpl.java:62)
	at sun.reflect.DelegatingMethodAccessorImpl.invoke(DelegatingMethodAccessorImpl.java:43)
	at java.lang.reflect.Method.invoke(Method.java:498)
	at org.apache.maven.surefire.util.ReflectionUtils.invokeMethodWithArray(ReflectionUtils.java:164)
	at org.apache.maven.surefire.booter.ProviderFactory$ProviderProxy.invoke(ProviderFactory.java:110)
	at org.apache.maven.surefire.booter.SurefireStarter.invokeProvider(SurefireStarter.java:175)
	at org.apache.maven.surefire.booter.SurefireStarter.runSuitesInProcessWhenForked(SurefireStarter.java:107)
	at org.apache.maven.surefire.booter.ForkedBooter.main(ForkedBooter.java:68)
Caused by: Exception [EclipseLink-7060] (Eclipse Persistence Services - 2.5.2.v20140319-9ad6abd): org.eclipse.persistence.exceptions.ValidationException
Exception Description: Cannot acquire data source [java:app/APHP].
Internal Exception: javax.naming.NamingException: Lookup failed for &apos;java:app/APHP&apos; in SerialContext[myEnv={java.naming.factory.initial=com.sun.enterprise.naming.impl.SerialInitContextFactory, java.naming.factory.state=com.sun.corba.ee.impl.presentation.rmi.JNDIStateFactoryImpl, java.naming.factory.url.pkgs=com.sun.enterprise.naming} [Root exception is javax.naming.NamingException: Invocation exception: Got null ComponentInvocation ]
	at org.eclipse.persistence.exceptions.ValidationException.cannotAcquireDataSource(ValidationException.java:520)
	at org.eclipse.persistence.sessions.JNDIConnector.connect(JNDIConnector.java:109)
	at org.eclipse.persistence.sessions.DatasourceLogin.connectToDatasource(DatasourceLogin.java:162)
	at org.eclipse.persistence.internal.sessions.DatabaseSessionImpl.setOrDetectDatasource(DatabaseSessionImpl.java:204)
	at org.eclipse.persistence.internal.sessions.DatabaseSessionImpl.loginAndDetectDatasource(DatabaseSessionImpl.java:741)
	at org.eclipse.persistence.internal.jpa.EntityManagerFactoryProvider.login(EntityManagerFactoryProvider.java:239)
	at org.eclipse.persistence.internal.jpa.EntityManagerSetupImpl.deploy(EntityManagerSetupImpl.java:685)
	... 40 more
Caused by: javax.naming.NamingException: Lookup failed for &apos;java:app/APHP&apos; in SerialContext[myEnv={java.naming.factory.initial=com.sun.enterprise.naming.impl.SerialInitContextFactory, java.naming.factory.state=com.sun.corba.ee.impl.presentation.rmi.JNDIStateFactoryImpl, java.naming.factory.url.pkgs=com.sun.enterprise.naming} [Root exception is javax.naming.NamingException: Invocation exception: Got null ComponentInvocation ]
	at com.sun.enterprise.naming.impl.SerialContext.lookup(SerialContext.java:491)
	at com.sun.enterprise.naming.impl.SerialContext.lookup(SerialContext.java:438)
	at com.sun.enterprise.naming.impl.SerialContext.lookup(SerialContext.java:622)
	at javax.naming.InitialContext.lookup(InitialContext.java:421)
	at org.eclipse.persistence.sessions.JNDIConnector.connect(JNDIConnector.java:103)
	... 45 more
Caused by: javax.naming.NamingException: Invocation exception: Got null ComponentInvocation 
	at com.sun.enterprise.naming.impl.GlassfishNamingManagerImpl.getComponentId(GlassfishNamingManagerImpl.java:842)
	at com.sun.enterprise.naming.impl.GlassfishNamingManagerImpl.lookup(GlassfishNamingManagerImpl.java:714)
	at com.sun.enterprise.naming.impl.JavaURLContext.lookup(JavaURLContext.java:167)
	at com.sun.enterprise.naming.impl.SerialContext.lookup(SerialContext.java:471)
	... 49 more
</error>
    <system-out>[EL Info]: 2018-02-01 15:06:38.012--ServerSession(57085696)--EclipseLink, version: Eclipse Persistence Services - 2.5.2.v20140319-9ad6abd
[EL Severe]: ejb: 2018-02-01 15:06:38.012--ServerSession(57085696)--Exception [EclipseLink-7060] (Eclipse Persistence Services - 2.5.2.v20140319-9ad6abd): org.eclipse.persistence.exceptions.ValidationException
Exception Description: Cannot acquire data source [java:app/APHP].
Internal Exception: javax.naming.NamingException: Lookup failed for &apos;java:app/APHP&apos; in SerialContext[myEnv={java.naming.factory.initial=com.sun.enterprise.naming.impl.SerialInitContextFactory, java.naming.factory.state=com.sun.corba.ee.impl.presentation.rmi.JNDIStateFactoryImpl, java.naming.factory.url.pkgs=com.sun.enterprise.naming} [Root exception is javax.naming.NamingException: Invocation exception: Got null ComponentInvocation ]
</system-out>
  </testcase>
  <testcase classname="fr.devsquad.minutemed.database.JPADataManagerUnitTest" name="testCreateHospital" time="0.272">
    <error message="Exception [EclipseLink-7060] (Eclipse Persistence Services - 2.5.2.v20140319-9ad6abd): org.eclipse.persistence.exceptions.ValidationException
Exception Description: Cannot acquire data source [java:app/APHP].
Internal Exception: javax.naming.NamingException: Lookup failed for &apos;java:app/APHP&apos; in SerialContext[myEnv={java.naming.factory.initial=com.sun.enterprise.naming.impl.SerialInitContextFactory, java.naming.factory.state=com.sun.corba.ee.impl.presentation.rmi.JNDIStateFactoryImpl, java.naming.factory.url.pkgs=com.sun.enterprise.naming} [Root exception is javax.naming.NamingException: Invocation exception: Got null ComponentInvocation ]" type="javax.persistence.PersistenceException">javax.persistence.PersistenceException: Exception [EclipseLink-7060] (Eclipse Persistence Services - 2.5.2.v20140319-9ad6abd): org.eclipse.persistence.exceptions.ValidationException
Exception Description: Cannot acquire data source [java:app/APHP].
Internal Exception: javax.naming.NamingException: Lookup failed for &apos;java:app/APHP&apos; in SerialContext[myEnv={java.naming.factory.initial=com.sun.enterprise.naming.impl.SerialInitContextFactory, java.naming.factory.state=com.sun.corba.ee.impl.presentation.rmi.JNDIStateFactoryImpl, java.naming.factory.url.pkgs=com.sun.enterprise.naming} [Root exception is javax.naming.NamingException: Invocation exception: Got null ComponentInvocation ]
	at org.eclipse.persistence.internal.jpa.EntityManagerSetupImpl.deploy(EntityManagerSetupImpl.java:766)
	at org.eclipse.persistence.internal.jpa.EntityManagerFactoryDelegate.getAbstractSession(EntityManagerFactoryDelegate.java:204)
	at org.eclipse.persistence.internal.jpa.EntityManagerFactoryDelegate.getDatabaseSession(EntityManagerFactoryDelegate.java:182)
	at org.eclipse.persistence.internal.jpa.EntityManagerFactoryImpl.getDatabaseSession(EntityManagerFactoryImpl.java:527)
	at org.eclipse.persistence.jpa.PersistenceProvider.createEntityManagerFactoryImpl(PersistenceProvider.java:140)
	at org.eclipse.persistence.jpa.PersistenceProvider.createEntityManagerFactory(PersistenceProvider.java:177)
	at javax.persistence.Persistence.createEntityManagerFactory(Persistence.java:79)
	at javax.persistence.Persistence.createEntityManagerFactory(Persistence.java:54)
	at fr.devsquad.minutemed.database.JPADataManager.&lt;init&gt;(JPADataManager.java:41)
	at fr.devsquad.minutemed.database.JPADataManagerUnitTest.testCreateHospital(JPADataManagerUnitTest.java:137)
	at sun.reflect.NativeMethodAccessorImpl.invoke0(Native Method)
	at sun.reflect.NativeMethodAccessorImpl.invoke(NativeMethodAccessorImpl.java:62)
	at sun.reflect.DelegatingMethodAccessorImpl.invoke(DelegatingMethodAccessorImpl.java:43)
	at java.lang.reflect.Method.invoke(Method.java:498)
	at org.junit.runners.model.FrameworkMethod$1.runReflectiveCall(FrameworkMethod.java:50)
	at org.junit.internal.runners.model.ReflectiveCallable.run(ReflectiveCallable.java:12)
	at org.junit.runners.model.FrameworkMethod.invokeExplosively(FrameworkMethod.java:47)
	at org.junit.internal.runners.statements.InvokeMethod.evaluate(InvokeMethod.java:17)
	at org.junit.runners.ParentRunner.runLeaf(ParentRunner.java:325)
	at org.junit.runners.BlockJUnit4ClassRunner.runChild(BlockJUnit4ClassRunner.java:78)
	at org.junit.runners.BlockJUnit4ClassRunner.runChild(BlockJUnit4ClassRunner.java:57)
	at org.junit.runners.ParentRunner$3.run(ParentRunner.java:290)
	at org.junit.runners.ParentRunner$1.schedule(ParentRunner.java:71)
	at org.junit.runners.ParentRunner.runChildren(ParentRunner.java:288)
	at org.junit.runners.ParentRunner.access$000(ParentRunner.java:58)
	at org.junit.runners.ParentRunner$2.evaluate(ParentRunner.java:268)
	at org.junit.runners.ParentRunner.run(ParentRunner.java:363)
	at org.mockito.internal.runners.JUnit45AndHigherRunnerImpl.run(JUnit45AndHigherRunnerImpl.java:37)
	at org.mockito.runners.MockitoJUnitRunner.run(MockitoJUnitRunner.java:62)
	at org.apache.maven.surefire.junit4.JUnit4TestSet.execute(JUnit4TestSet.java:53)
	at org.apache.maven.surefire.junit4.JUnit4Provider.executeTestSet(JUnit4Provider.java:123)
	at org.apache.maven.surefire.junit4.JUnit4Provider.invoke(JUnit4Provider.java:104)
	at sun.reflect.NativeMethodAccessorImpl.invoke0(Native Method)
	at sun.reflect.NativeMethodAccessorImpl.invoke(NativeMethodAccessorImpl.java:62)
	at sun.reflect.DelegatingMethodAccessorImpl.invoke(DelegatingMethodAccessorImpl.java:43)
	at java.lang.reflect.Method.invoke(Method.java:498)
	at org.apache.maven.surefire.util.ReflectionUtils.invokeMethodWithArray(ReflectionUtils.java:164)
	at org.apache.maven.surefire.booter.ProviderFactory$ProviderProxy.invoke(ProviderFactory.java:110)
	at org.apache.maven.surefire.booter.SurefireStarter.invokeProvider(SurefireStarter.java:175)
	at org.apache.maven.surefire.booter.SurefireStarter.runSuitesInProcessWhenForked(SurefireStarter.java:107)
	at org.apache.maven.surefire.booter.ForkedBooter.main(ForkedBooter.java:68)
Caused by: Exception [EclipseLink-7060] (Eclipse Persistence Services - 2.5.2.v20140319-9ad6abd): org.eclipse.persistence.exceptions.ValidationException
Exception Description: Cannot acquire data source [java:app/APHP].
Internal Exception: javax.naming.NamingException: Lookup failed for &apos;java:app/APHP&apos; in SerialContext[myEnv={java.naming.factory.initial=com.sun.enterprise.naming.impl.SerialInitContextFactory, java.naming.factory.state=com.sun.corba.ee.impl.presentation.rmi.JNDIStateFactoryImpl, java.naming.factory.url.pkgs=com.sun.enterprise.naming} [Root exception is javax.naming.NamingException: Invocation exception: Got null ComponentInvocation ]
	at org.eclipse.persistence.exceptions.ValidationException.cannotAcquireDataSource(ValidationException.java:520)
	at org.eclipse.persistence.sessions.JNDIConnector.connect(JNDIConnector.java:109)
	at org.eclipse.persistence.sessions.DatasourceLogin.connectToDatasource(DatasourceLogin.java:162)
	at org.eclipse.persistence.internal.sessions.DatabaseSessionImpl.setOrDetectDatasource(DatabaseSessionImpl.java:204)
	at org.eclipse.persistence.internal.sessions.DatabaseSessionImpl.loginAndDetectDatasource(DatabaseSessionImpl.java:741)
	at org.eclipse.persistence.internal.jpa.EntityManagerFactoryProvider.login(EntityManagerFactoryProvider.java:239)
	at org.eclipse.persistence.internal.jpa.EntityManagerSetupImpl.deploy(EntityManagerSetupImpl.java:685)
	... 40 more
Caused by: javax.naming.NamingException: Lookup failed for &apos;java:app/APHP&apos; in SerialContext[myEnv={java.naming.factory.initial=com.sun.enterprise.naming.impl.SerialInitContextFactory, java.naming.factory.state=com.sun.corba.ee.impl.presentation.rmi.JNDIStateFactoryImpl, java.naming.factory.url.pkgs=com.sun.enterprise.naming} [Root exception is javax.naming.NamingException: Invocation exception: Got null ComponentInvocation ]
	at com.sun.enterprise.naming.impl.SerialContext.lookup(SerialContext.java:491)
	at com.sun.enterprise.naming.impl.SerialContext.lookup(SerialContext.java:438)
	at com.sun.enterprise.naming.impl.SerialContext.lookup(SerialContext.java:622)
	at javax.naming.InitialContext.lookup(InitialContext.java:421)
	at org.eclipse.persistence.sessions.JNDIConnector.connect(JNDIConnector.java:103)
	... 45 more
Caused by: javax.naming.NamingException: Invocation exception: Got null ComponentInvocation 
	at com.sun.enterprise.naming.impl.GlassfishNamingManagerImpl.getComponentId(GlassfishNamingManagerImpl.java:842)
	at com.sun.enterprise.naming.impl.GlassfishNamingManagerImpl.lookup(GlassfishNamingManagerImpl.java:714)
	at com.sun.enterprise.naming.impl.JavaURLContext.lookup(JavaURLContext.java:167)
	at com.sun.enterprise.naming.impl.SerialContext.lookup(SerialContext.java:471)
	... 49 more
</error>
    <system-out>[EL Info]: 2018-02-01 15:06:38.296--ServerSession(1103017075)--EclipseLink, version: Eclipse Persistence Services - 2.5.2.v20140319-9ad6abd
[EL Severe]: ejb: 2018-02-01 15:06:38.3--ServerSession(1103017075)--Exception [EclipseLink-7060] (Eclipse Persistence Services - 2.5.2.v20140319-9ad6abd): org.eclipse.persistence.exceptions.ValidationException
Exception Description: Cannot acquire data source [java:app/APHP].
Internal Exception: javax.naming.NamingException: Lookup failed for &apos;java:app/APHP&apos; in SerialContext[myEnv={java.naming.factory.initial=com.sun.enterprise.naming.impl.SerialInitContextFactory, java.naming.factory.state=com.sun.corba.ee.impl.presentation.rmi.JNDIStateFactoryImpl, java.naming.factory.url.pkgs=com.sun.enterprise.naming} [Root exception is javax.naming.NamingException: Invocation exception: Got null ComponentInvocation ]
</system-out>
  </testcase>
  <testcase classname="fr.devsquad.minutemed.database.JPADataManagerUnitTest" name="testGetHospitalUnit" time="0.224">
    <error message="Exception [EclipseLink-7060] (Eclipse Persistence Services - 2.5.2.v20140319-9ad6abd): org.eclipse.persistence.exceptions.ValidationException
Exception Description: Cannot acquire data source [java:app/APHP].
Internal Exception: javax.naming.NamingException: Lookup failed for &apos;java:app/APHP&apos; in SerialContext[myEnv={java.naming.factory.initial=com.sun.enterprise.naming.impl.SerialInitContextFactory, java.naming.factory.state=com.sun.corba.ee.impl.presentation.rmi.JNDIStateFactoryImpl, java.naming.factory.url.pkgs=com.sun.enterprise.naming} [Root exception is javax.naming.NamingException: Invocation exception: Got null ComponentInvocation ]" type="javax.persistence.PersistenceException">javax.persistence.PersistenceException: Exception [EclipseLink-7060] (Eclipse Persistence Services - 2.5.2.v20140319-9ad6abd): org.eclipse.persistence.exceptions.ValidationException
Exception Description: Cannot acquire data source [java:app/APHP].
Internal Exception: javax.naming.NamingException: Lookup failed for &apos;java:app/APHP&apos; in SerialContext[myEnv={java.naming.factory.initial=com.sun.enterprise.naming.impl.SerialInitContextFactory, java.naming.factory.state=com.sun.corba.ee.impl.presentation.rmi.JNDIStateFactoryImpl, java.naming.factory.url.pkgs=com.sun.enterprise.naming} [Root exception is javax.naming.NamingException: Invocation exception: Got null ComponentInvocation ]
	at org.eclipse.persistence.internal.jpa.EntityManagerSetupImpl.deploy(EntityManagerSetupImpl.java:766)
	at org.eclipse.persistence.internal.jpa.EntityManagerFactoryDelegate.getAbstractSession(EntityManagerFactoryDelegate.java:204)
	at org.eclipse.persistence.internal.jpa.EntityManagerFactoryDelegate.getDatabaseSession(EntityManagerFactoryDelegate.java:182)
	at org.eclipse.persistence.internal.jpa.EntityManagerFactoryImpl.getDatabaseSession(EntityManagerFactoryImpl.java:527)
	at org.eclipse.persistence.jpa.PersistenceProvider.createEntityManagerFactoryImpl(PersistenceProvider.java:140)
	at org.eclipse.persistence.jpa.PersistenceProvider.createEntityManagerFactory(PersistenceProvider.java:177)
	at javax.persistence.Persistence.createEntityManagerFactory(Persistence.java:79)
	at javax.persistence.Persistence.createEntityManagerFactory(Persistence.java:54)
	at fr.devsquad.minutemed.database.JPADataManager.&lt;init&gt;(JPADataManager.java:41)
	at fr.devsquad.minutemed.database.JPADataManagerUnitTest.testGetHospitalUnit(JPADataManagerUnitTest.java:482)
	at sun.reflect.NativeMethodAccessorImpl.invoke0(Native Method)
	at sun.reflect.NativeMethodAccessorImpl.invoke(NativeMethodAccessorImpl.java:62)
	at sun.reflect.DelegatingMethodAccessorImpl.invoke(DelegatingMethodAccessorImpl.java:43)
	at java.lang.reflect.Method.invoke(Method.java:498)
	at org.junit.runners.model.FrameworkMethod$1.runReflectiveCall(FrameworkMethod.java:50)
	at org.junit.internal.runners.model.ReflectiveCallable.run(ReflectiveCallable.java:12)
	at org.junit.runners.model.FrameworkMethod.invokeExplosively(FrameworkMethod.java:47)
	at org.junit.internal.runners.statements.InvokeMethod.evaluate(InvokeMethod.java:17)
	at org.junit.runners.ParentRunner.runLeaf(ParentRunner.java:325)
	at org.junit.runners.BlockJUnit4ClassRunner.runChild(BlockJUnit4ClassRunner.java:78)
	at org.junit.runners.BlockJUnit4ClassRunner.runChild(BlockJUnit4ClassRunner.java:57)
	at org.junit.runners.ParentRunner$3.run(ParentRunner.java:290)
	at org.junit.runners.ParentRunner$1.schedule(ParentRunner.java:71)
	at org.junit.runners.ParentRunner.runChildren(ParentRunner.java:288)
	at org.junit.runners.ParentRunner.access$000(ParentRunner.java:58)
	at org.junit.runners.ParentRunner$2.evaluate(ParentRunner.java:268)
	at org.junit.runners.ParentRunner.run(ParentRunner.java:363)
	at org.mockito.internal.runners.JUnit45AndHigherRunnerImpl.run(JUnit45AndHigherRunnerImpl.java:37)
	at org.mockito.runners.MockitoJUnitRunner.run(MockitoJUnitRunner.java:62)
	at org.apache.maven.surefire.junit4.JUnit4TestSet.execute(JUnit4TestSet.java:53)
	at org.apache.maven.surefire.junit4.JUnit4Provider.executeTestSet(JUnit4Provider.java:123)
	at org.apache.maven.surefire.junit4.JUnit4Provider.invoke(JUnit4Provider.java:104)
	at sun.reflect.NativeMethodAccessorImpl.invoke0(Native Method)
	at sun.reflect.NativeMethodAccessorImpl.invoke(NativeMethodAccessorImpl.java:62)
	at sun.reflect.DelegatingMethodAccessorImpl.invoke(DelegatingMethodAccessorImpl.java:43)
	at java.lang.reflect.Method.invoke(Method.java:498)
	at org.apache.maven.surefire.util.ReflectionUtils.invokeMethodWithArray(ReflectionUtils.java:164)
	at org.apache.maven.surefire.booter.ProviderFactory$ProviderProxy.invoke(ProviderFactory.java:110)
	at org.apache.maven.surefire.booter.SurefireStarter.invokeProvider(SurefireStarter.java:175)
	at org.apache.maven.surefire.booter.SurefireStarter.runSuitesInProcessWhenForked(SurefireStarter.java:107)
	at org.apache.maven.surefire.booter.ForkedBooter.main(ForkedBooter.java:68)
Caused by: Exception [EclipseLink-7060] (Eclipse Persistence Services - 2.5.2.v20140319-9ad6abd): org.eclipse.persistence.exceptions.ValidationException
Exception Description: Cannot acquire data source [java:app/APHP].
Internal Exception: javax.naming.NamingException: Lookup failed for &apos;java:app/APHP&apos; in SerialContext[myEnv={java.naming.factory.initial=com.sun.enterprise.naming.impl.SerialInitContextFactory, java.naming.factory.state=com.sun.corba.ee.impl.presentation.rmi.JNDIStateFactoryImpl, java.naming.factory.url.pkgs=com.sun.enterprise.naming} [Root exception is javax.naming.NamingException: Invocation exception: Got null ComponentInvocation ]
	at org.eclipse.persistence.exceptions.ValidationException.cannotAcquireDataSource(ValidationException.java:520)
	at org.eclipse.persistence.sessions.JNDIConnector.connect(JNDIConnector.java:109)
	at org.eclipse.persistence.sessions.DatasourceLogin.connectToDatasource(DatasourceLogin.java:162)
	at org.eclipse.persistence.internal.sessions.DatabaseSessionImpl.setOrDetectDatasource(DatabaseSessionImpl.java:204)
	at org.eclipse.persistence.internal.sessions.DatabaseSessionImpl.loginAndDetectDatasource(DatabaseSessionImpl.java:741)
	at org.eclipse.persistence.internal.jpa.EntityManagerFactoryProvider.login(EntityManagerFactoryProvider.java:239)
	at org.eclipse.persistence.internal.jpa.EntityManagerSetupImpl.deploy(EntityManagerSetupImpl.java:685)
	... 40 more
Caused by: javax.naming.NamingException: Lookup failed for &apos;java:app/APHP&apos; in SerialContext[myEnv={java.naming.factory.initial=com.sun.enterprise.naming.impl.SerialInitContextFactory, java.naming.factory.state=com.sun.corba.ee.impl.presentation.rmi.JNDIStateFactoryImpl, java.naming.factory.url.pkgs=com.sun.enterprise.naming} [Root exception is javax.naming.NamingException: Invocation exception: Got null ComponentInvocation ]
	at com.sun.enterprise.naming.impl.SerialContext.lookup(SerialContext.java:491)
	at com.sun.enterprise.naming.impl.SerialContext.lookup(SerialContext.java:438)
	at com.sun.enterprise.naming.impl.SerialContext.lookup(SerialContext.java:622)
	at javax.naming.InitialContext.lookup(InitialContext.java:421)
	at org.eclipse.persistence.sessions.JNDIConnector.connect(JNDIConnector.java:103)
	... 45 more
Caused by: javax.naming.NamingException: Invocation exception: Got null ComponentInvocation 
	at com.sun.enterprise.naming.impl.GlassfishNamingManagerImpl.getComponentId(GlassfishNamingManagerImpl.java:842)
	at com.sun.enterprise.naming.impl.GlassfishNamingManagerImpl.lookup(GlassfishNamingManagerImpl.java:714)
	at com.sun.enterprise.naming.impl.JavaURLContext.lookup(JavaURLContext.java:167)
	at com.sun.enterprise.naming.impl.SerialContext.lookup(SerialContext.java:471)
	... 49 more
</error>
    <system-out>[EL Info]: 2018-02-01 15:06:38.524--ServerSession(944752500)--EclipseLink, version: Eclipse Persistence Services - 2.5.2.v20140319-9ad6abd
[EL Severe]: ejb: 2018-02-01 15:06:38.532--ServerSession(944752500)--Exception [EclipseLink-7060] (Eclipse Persistence Services - 2.5.2.v20140319-9ad6abd): org.eclipse.persistence.exceptions.ValidationException
Exception Description: Cannot acquire data source [java:app/APHP].
Internal Exception: javax.naming.NamingException: Lookup failed for &apos;java:app/APHP&apos; in SerialContext[myEnv={java.naming.factory.initial=com.sun.enterprise.naming.impl.SerialInitContextFactory, java.naming.factory.state=com.sun.corba.ee.impl.presentation.rmi.JNDIStateFactoryImpl, java.naming.factory.url.pkgs=com.sun.enterprise.naming} [Root exception is javax.naming.NamingException: Invocation exception: Got null ComponentInvocation ]
</system-out>
  </testcase>
  <testcase classname="fr.devsquad.minutemed.database.JPADataManagerUnitTest" name="testGetPole" time="0.208">
    <error message="Exception [EclipseLink-7060] (Eclipse Persistence Services - 2.5.2.v20140319-9ad6abd): org.eclipse.persistence.exceptions.ValidationException
Exception Description: Cannot acquire data source [java:app/APHP].
Internal Exception: javax.naming.NamingException: Lookup failed for &apos;java:app/APHP&apos; in SerialContext[myEnv={java.naming.factory.initial=com.sun.enterprise.naming.impl.SerialInitContextFactory, java.naming.factory.state=com.sun.corba.ee.impl.presentation.rmi.JNDIStateFactoryImpl, java.naming.factory.url.pkgs=com.sun.enterprise.naming} [Root exception is javax.naming.NamingException: Invocation exception: Got null ComponentInvocation ]" type="javax.persistence.PersistenceException">javax.persistence.PersistenceException: Exception [EclipseLink-7060] (Eclipse Persistence Services - 2.5.2.v20140319-9ad6abd): org.eclipse.persistence.exceptions.ValidationException
Exception Description: Cannot acquire data source [java:app/APHP].
Internal Exception: javax.naming.NamingException: Lookup failed for &apos;java:app/APHP&apos; in SerialContext[myEnv={java.naming.factory.initial=com.sun.enterprise.naming.impl.SerialInitContextFactory, java.naming.factory.state=com.sun.corba.ee.impl.presentation.rmi.JNDIStateFactoryImpl, java.naming.factory.url.pkgs=com.sun.enterprise.naming} [Root exception is javax.naming.NamingException: Invocation exception: Got null ComponentInvocation ]
	at org.eclipse.persistence.internal.jpa.EntityManagerSetupImpl.deploy(EntityManagerSetupImpl.java:766)
	at org.eclipse.persistence.internal.jpa.EntityManagerFactoryDelegate.getAbstractSession(EntityManagerFactoryDelegate.java:204)
	at org.eclipse.persistence.internal.jpa.EntityManagerFactoryDelegate.getDatabaseSession(EntityManagerFactoryDelegate.java:182)
	at org.eclipse.persistence.internal.jpa.EntityManagerFactoryImpl.getDatabaseSession(EntityManagerFactoryImpl.java:527)
	at org.eclipse.persistence.jpa.PersistenceProvider.createEntityManagerFactoryImpl(PersistenceProvider.java:140)
	at org.eclipse.persistence.jpa.PersistenceProvider.createEntityManagerFactory(PersistenceProvider.java:177)
	at javax.persistence.Persistence.createEntityManagerFactory(Persistence.java:79)
	at javax.persistence.Persistence.createEntityManagerFactory(Persistence.java:54)
	at fr.devsquad.minutemed.database.JPADataManager.&lt;init&gt;(JPADataManager.java:41)
	at fr.devsquad.minutemed.database.JPADataManagerUnitTest.testGetPole(JPADataManagerUnitTest.java:241)
	at sun.reflect.NativeMethodAccessorImpl.invoke0(Native Method)
	at sun.reflect.NativeMethodAccessorImpl.invoke(NativeMethodAccessorImpl.java:62)
	at sun.reflect.DelegatingMethodAccessorImpl.invoke(DelegatingMethodAccessorImpl.java:43)
	at java.lang.reflect.Method.invoke(Method.java:498)
	at org.junit.runners.model.FrameworkMethod$1.runReflectiveCall(FrameworkMethod.java:50)
	at org.junit.internal.runners.model.ReflectiveCallable.run(ReflectiveCallable.java:12)
	at org.junit.runners.model.FrameworkMethod.invokeExplosively(FrameworkMethod.java:47)
	at org.junit.internal.runners.statements.InvokeMethod.evaluate(InvokeMethod.java:17)
	at org.junit.runners.ParentRunner.runLeaf(ParentRunner.java:325)
	at org.junit.runners.BlockJUnit4ClassRunner.runChild(BlockJUnit4ClassRunner.java:78)
	at org.junit.runners.BlockJUnit4ClassRunner.runChild(BlockJUnit4ClassRunner.java:57)
	at org.junit.runners.ParentRunner$3.run(ParentRunner.java:290)
	at org.junit.runners.ParentRunner$1.schedule(ParentRunner.java:71)
	at org.junit.runners.ParentRunner.runChildren(ParentRunner.java:288)
	at org.junit.runners.ParentRunner.access$000(ParentRunner.java:58)
	at org.junit.runners.ParentRunner$2.evaluate(ParentRunner.java:268)
	at org.junit.runners.ParentRunner.run(ParentRunner.java:363)
	at org.mockito.internal.runners.JUnit45AndHigherRunnerImpl.run(JUnit45AndHigherRunnerImpl.java:37)
	at org.mockito.runners.MockitoJUnitRunner.run(MockitoJUnitRunner.java:62)
	at org.apache.maven.surefire.junit4.JUnit4TestSet.execute(JUnit4TestSet.java:53)
	at org.apache.maven.surefire.junit4.JUnit4Provider.executeTestSet(JUnit4Provider.java:123)
	at org.apache.maven.surefire.junit4.JUnit4Provider.invoke(JUnit4Provider.java:104)
	at sun.reflect.NativeMethodAccessorImpl.invoke0(Native Method)
	at sun.reflect.NativeMethodAccessorImpl.invoke(NativeMethodAccessorImpl.java:62)
	at sun.reflect.DelegatingMethodAccessorImpl.invoke(DelegatingMethodAccessorImpl.java:43)
	at java.lang.reflect.Method.invoke(Method.java:498)
	at org.apache.maven.surefire.util.ReflectionUtils.invokeMethodWithArray(ReflectionUtils.java:164)
	at org.apache.maven.surefire.booter.ProviderFactory$ProviderProxy.invoke(ProviderFactory.java:110)
	at org.apache.maven.surefire.booter.SurefireStarter.invokeProvider(SurefireStarter.java:175)
	at org.apache.maven.surefire.booter.SurefireStarter.runSuitesInProcessWhenForked(SurefireStarter.java:107)
	at org.apache.maven.surefire.booter.ForkedBooter.main(ForkedBooter.java:68)
Caused by: Exception [EclipseLink-7060] (Eclipse Persistence Services - 2.5.2.v20140319-9ad6abd): org.eclipse.persistence.exceptions.ValidationException
Exception Description: Cannot acquire data source [java:app/APHP].
Internal Exception: javax.naming.NamingException: Lookup failed for &apos;java:app/APHP&apos; in SerialContext[myEnv={java.naming.factory.initial=com.sun.enterprise.naming.impl.SerialInitContextFactory, java.naming.factory.state=com.sun.corba.ee.impl.presentation.rmi.JNDIStateFactoryImpl, java.naming.factory.url.pkgs=com.sun.enterprise.naming} [Root exception is javax.naming.NamingException: Invocation exception: Got null ComponentInvocation ]
	at org.eclipse.persistence.exceptions.ValidationException.cannotAcquireDataSource(ValidationException.java:520)
	at org.eclipse.persistence.sessions.JNDIConnector.connect(JNDIConnector.java:109)
	at org.eclipse.persistence.sessions.DatasourceLogin.connectToDatasource(DatasourceLogin.java:162)
	at org.eclipse.persistence.internal.sessions.DatabaseSessionImpl.setOrDetectDatasource(DatabaseSessionImpl.java:204)
	at org.eclipse.persistence.internal.sessions.DatabaseSessionImpl.loginAndDetectDatasource(DatabaseSessionImpl.java:741)
	at org.eclipse.persistence.internal.jpa.EntityManagerFactoryProvider.login(EntityManagerFactoryProvider.java:239)
	at org.eclipse.persistence.internal.jpa.EntityManagerSetupImpl.deploy(EntityManagerSetupImpl.java:685)
	... 40 more
Caused by: javax.naming.NamingException: Lookup failed for &apos;java:app/APHP&apos; in SerialContext[myEnv={java.naming.factory.initial=com.sun.enterprise.naming.impl.SerialInitContextFactory, java.naming.factory.state=com.sun.corba.ee.impl.presentation.rmi.JNDIStateFactoryImpl, java.naming.factory.url.pkgs=com.sun.enterprise.naming} [Root exception is javax.naming.NamingException: Invocation exception: Got null ComponentInvocation ]
	at com.sun.enterprise.naming.impl.SerialContext.lookup(SerialContext.java:491)
	at com.sun.enterprise.naming.impl.SerialContext.lookup(SerialContext.java:438)
	at com.sun.enterprise.naming.impl.SerialContext.lookup(SerialContext.java:622)
	at javax.naming.InitialContext.lookup(InitialContext.java:421)
	at org.eclipse.persistence.sessions.JNDIConnector.connect(JNDIConnector.java:103)
	... 45 more
Caused by: javax.naming.NamingException: Invocation exception: Got null ComponentInvocation 
	at com.sun.enterprise.naming.impl.GlassfishNamingManagerImpl.getComponentId(GlassfishNamingManagerImpl.java:842)
	at com.sun.enterprise.naming.impl.GlassfishNamingManagerImpl.lookup(GlassfishNamingManagerImpl.java:714)
	at com.sun.enterprise.naming.impl.JavaURLContext.lookup(JavaURLContext.java:167)
	at com.sun.enterprise.naming.impl.SerialContext.lookup(SerialContext.java:471)
	... 49 more
</error>
    <system-out>[EL Info]: 2018-02-01 15:06:38.744--ServerSession(1816468636)--EclipseLink, version: Eclipse Persistence Services - 2.5.2.v20140319-9ad6abd
[EL Severe]: ejb: 2018-02-01 15:06:38.744--ServerSession(1816468636)--Exception [EclipseLink-7060] (Eclipse Persistence Services - 2.5.2.v20140319-9ad6abd): org.eclipse.persistence.exceptions.ValidationException
Exception Description: Cannot acquire data source [java:app/APHP].
Internal Exception: javax.naming.NamingException: Lookup failed for &apos;java:app/APHP&apos; in SerialContext[myEnv={java.naming.factory.initial=com.sun.enterprise.naming.impl.SerialInitContextFactory, java.naming.factory.state=com.sun.corba.ee.impl.presentation.rmi.JNDIStateFactoryImpl, java.naming.factory.url.pkgs=com.sun.enterprise.naming} [Root exception is javax.naming.NamingException: Invocation exception: Got null ComponentInvocation ]
</system-out>
  </testcase>
  <testcase classname="fr.devsquad.minutemed.database.JPADataManagerUnitTest" name="testGetAllServices" time="0.18">
    <error message="Exception [EclipseLink-7060] (Eclipse Persistence Services - 2.5.2.v20140319-9ad6abd): org.eclipse.persistence.exceptions.ValidationException
Exception Description: Cannot acquire data source [java:app/APHP].
Internal Exception: javax.naming.NamingException: Lookup failed for &apos;java:app/APHP&apos; in SerialContext[myEnv={java.naming.factory.initial=com.sun.enterprise.naming.impl.SerialInitContextFactory, java.naming.factory.state=com.sun.corba.ee.impl.presentation.rmi.JNDIStateFactoryImpl, java.naming.factory.url.pkgs=com.sun.enterprise.naming} [Root exception is javax.naming.NamingException: Invocation exception: Got null ComponentInvocation ]" type="javax.persistence.PersistenceException">javax.persistence.PersistenceException: Exception [EclipseLink-7060] (Eclipse Persistence Services - 2.5.2.v20140319-9ad6abd): org.eclipse.persistence.exceptions.ValidationException
Exception Description: Cannot acquire data source [java:app/APHP].
Internal Exception: javax.naming.NamingException: Lookup failed for &apos;java:app/APHP&apos; in SerialContext[myEnv={java.naming.factory.initial=com.sun.enterprise.naming.impl.SerialInitContextFactory, java.naming.factory.state=com.sun.corba.ee.impl.presentation.rmi.JNDIStateFactoryImpl, java.naming.factory.url.pkgs=com.sun.enterprise.naming} [Root exception is javax.naming.NamingException: Invocation exception: Got null ComponentInvocation ]
	at org.eclipse.persistence.internal.jpa.EntityManagerSetupImpl.deploy(EntityManagerSetupImpl.java:766)
	at org.eclipse.persistence.internal.jpa.EntityManagerFactoryDelegate.getAbstractSession(EntityManagerFactoryDelegate.java:204)
	at org.eclipse.persistence.internal.jpa.EntityManagerFactoryDelegate.getDatabaseSession(EntityManagerFactoryDelegate.java:182)
	at org.eclipse.persistence.internal.jpa.EntityManagerFactoryImpl.getDatabaseSession(EntityManagerFactoryImpl.java:527)
	at org.eclipse.persistence.jpa.PersistenceProvider.createEntityManagerFactoryImpl(PersistenceProvider.java:140)
	at org.eclipse.persistence.jpa.PersistenceProvider.createEntityManagerFactory(PersistenceProvider.java:177)
	at javax.persistence.Persistence.createEntityManagerFactory(Persistence.java:79)
	at javax.persistence.Persistence.createEntityManagerFactory(Persistence.java:54)
	at fr.devsquad.minutemed.database.JPADataManager.&lt;init&gt;(JPADataManager.java:41)
	at fr.devsquad.minutemed.database.JPADataManagerUnitTest.testGetAllServices(JPADataManagerUnitTest.java:392)
	at sun.reflect.NativeMethodAccessorImpl.invoke0(Native Method)
	at sun.reflect.NativeMethodAccessorImpl.invoke(NativeMethodAccessorImpl.java:62)
	at sun.reflect.DelegatingMethodAccessorImpl.invoke(DelegatingMethodAccessorImpl.java:43)
	at java.lang.reflect.Method.invoke(Method.java:498)
	at org.junit.runners.model.FrameworkMethod$1.runReflectiveCall(FrameworkMethod.java:50)
	at org.junit.internal.runners.model.ReflectiveCallable.run(ReflectiveCallable.java:12)
	at org.junit.runners.model.FrameworkMethod.invokeExplosively(FrameworkMethod.java:47)
	at org.junit.internal.runners.statements.InvokeMethod.evaluate(InvokeMethod.java:17)
	at org.junit.runners.ParentRunner.runLeaf(ParentRunner.java:325)
	at org.junit.runners.BlockJUnit4ClassRunner.runChild(BlockJUnit4ClassRunner.java:78)
	at org.junit.runners.BlockJUnit4ClassRunner.runChild(BlockJUnit4ClassRunner.java:57)
	at org.junit.runners.ParentRunner$3.run(ParentRunner.java:290)
	at org.junit.runners.ParentRunner$1.schedule(ParentRunner.java:71)
	at org.junit.runners.ParentRunner.runChildren(ParentRunner.java:288)
	at org.junit.runners.ParentRunner.access$000(ParentRunner.java:58)
	at org.junit.runners.ParentRunner$2.evaluate(ParentRunner.java:268)
	at org.junit.runners.ParentRunner.run(ParentRunner.java:363)
	at org.mockito.internal.runners.JUnit45AndHigherRunnerImpl.run(JUnit45AndHigherRunnerImpl.java:37)
	at org.mockito.runners.MockitoJUnitRunner.run(MockitoJUnitRunner.java:62)
	at org.apache.maven.surefire.junit4.JUnit4TestSet.execute(JUnit4TestSet.java:53)
	at org.apache.maven.surefire.junit4.JUnit4Provider.executeTestSet(JUnit4Provider.java:123)
	at org.apache.maven.surefire.junit4.JUnit4Provider.invoke(JUnit4Provider.java:104)
	at sun.reflect.NativeMethodAccessorImpl.invoke0(Native Method)
	at sun.reflect.NativeMethodAccessorImpl.invoke(NativeMethodAccessorImpl.java:62)
	at sun.reflect.DelegatingMethodAccessorImpl.invoke(DelegatingMethodAccessorImpl.java:43)
	at java.lang.reflect.Method.invoke(Method.java:498)
	at org.apache.maven.surefire.util.ReflectionUtils.invokeMethodWithArray(ReflectionUtils.java:164)
	at org.apache.maven.surefire.booter.ProviderFactory$ProviderProxy.invoke(ProviderFactory.java:110)
	at org.apache.maven.surefire.booter.SurefireStarter.invokeProvider(SurefireStarter.java:175)
	at org.apache.maven.surefire.booter.SurefireStarter.runSuitesInProcessWhenForked(SurefireStarter.java:107)
	at org.apache.maven.surefire.booter.ForkedBooter.main(ForkedBooter.java:68)
Caused by: Exception [EclipseLink-7060] (Eclipse Persistence Services - 2.5.2.v20140319-9ad6abd): org.eclipse.persistence.exceptions.ValidationException
Exception Description: Cannot acquire data source [java:app/APHP].
Internal Exception: javax.naming.NamingException: Lookup failed for &apos;java:app/APHP&apos; in SerialContext[myEnv={java.naming.factory.initial=com.sun.enterprise.naming.impl.SerialInitContextFactory, java.naming.factory.state=com.sun.corba.ee.impl.presentation.rmi.JNDIStateFactoryImpl, java.naming.factory.url.pkgs=com.sun.enterprise.naming} [Root exception is javax.naming.NamingException: Invocation exception: Got null ComponentInvocation ]
	at org.eclipse.persistence.exceptions.ValidationException.cannotAcquireDataSource(ValidationException.java:520)
	at org.eclipse.persistence.sessions.JNDIConnector.connect(JNDIConnector.java:109)
	at org.eclipse.persistence.sessions.DatasourceLogin.connectToDatasource(DatasourceLogin.java:162)
	at org.eclipse.persistence.internal.sessions.DatabaseSessionImpl.setOrDetectDatasource(DatabaseSessionImpl.java:204)
	at org.eclipse.persistence.internal.sessions.DatabaseSessionImpl.loginAndDetectDatasource(DatabaseSessionImpl.java:741)
	at org.eclipse.persistence.internal.jpa.EntityManagerFactoryProvider.login(EntityManagerFactoryProvider.java:239)
	at org.eclipse.persistence.internal.jpa.EntityManagerSetupImpl.deploy(EntityManagerSetupImpl.java:685)
	... 40 more
Caused by: javax.naming.NamingException: Lookup failed for &apos;java:app/APHP&apos; in SerialContext[myEnv={java.naming.factory.initial=com.sun.enterprise.naming.impl.SerialInitContextFactory, java.naming.factory.state=com.sun.corba.ee.impl.presentation.rmi.JNDIStateFactoryImpl, java.naming.factory.url.pkgs=com.sun.enterprise.naming} [Root exception is javax.naming.NamingException: Invocation exception: Got null ComponentInvocation ]
	at com.sun.enterprise.naming.impl.SerialContext.lookup(SerialContext.java:491)
	at com.sun.enterprise.naming.impl.SerialContext.lookup(SerialContext.java:438)
	at com.sun.enterprise.naming.impl.SerialContext.lookup(SerialContext.java:622)
	at javax.naming.InitialContext.lookup(InitialContext.java:421)
	at org.eclipse.persistence.sessions.JNDIConnector.connect(JNDIConnector.java:103)
	... 45 more
Caused by: javax.naming.NamingException: Invocation exception: Got null ComponentInvocation 
	at com.sun.enterprise.naming.impl.GlassfishNamingManagerImpl.getComponentId(GlassfishNamingManagerImpl.java:842)
	at com.sun.enterprise.naming.impl.GlassfishNamingManagerImpl.lookup(GlassfishNamingManagerImpl.java:714)
	at com.sun.enterprise.naming.impl.JavaURLContext.lookup(JavaURLContext.java:167)
	at com.sun.enterprise.naming.impl.SerialContext.lookup(SerialContext.java:471)
	... 49 more
</error>
    <system-out>[EL Info]: 2018-02-01 15:06:38.924--ServerSession(764358458)--EclipseLink, version: Eclipse Persistence Services - 2.5.2.v20140319-9ad6abd
[EL Severe]: ejb: 2018-02-01 15:06:38.928--ServerSession(764358458)--Exception [EclipseLink-7060] (Eclipse Persistence Services - 2.5.2.v20140319-9ad6abd): org.eclipse.persistence.exceptions.ValidationException
Exception Description: Cannot acquire data source [java:app/APHP].
Internal Exception: javax.naming.NamingException: Lookup failed for &apos;java:app/APHP&apos; in SerialContext[myEnv={java.naming.factory.initial=com.sun.enterprise.naming.impl.SerialInitContextFactory, java.naming.factory.state=com.sun.corba.ee.impl.presentation.rmi.JNDIStateFactoryImpl, java.naming.factory.url.pkgs=com.sun.enterprise.naming} [Root exception is javax.naming.NamingException: Invocation exception: Got null ComponentInvocation ]
</system-out>
  </testcase>
  <testcase classname="fr.devsquad.minutemed.database.JPADataManagerUnitTest" name="testCreateCareUnit" time="0.272">
    <error message="Exception [EclipseLink-7060] (Eclipse Persistence Services - 2.5.2.v20140319-9ad6abd): org.eclipse.persistence.exceptions.ValidationException
Exception Description: Cannot acquire data source [java:app/APHP].
Internal Exception: javax.naming.NamingException: Lookup failed for &apos;java:app/APHP&apos; in SerialContext[myEnv={java.naming.factory.initial=com.sun.enterprise.naming.impl.SerialInitContextFactory, java.naming.factory.state=com.sun.corba.ee.impl.presentation.rmi.JNDIStateFactoryImpl, java.naming.factory.url.pkgs=com.sun.enterprise.naming} [Root exception is javax.naming.NamingException: Invocation exception: Got null ComponentInvocation ]" type="javax.persistence.PersistenceException">javax.persistence.PersistenceException: Exception [EclipseLink-7060] (Eclipse Persistence Services - 2.5.2.v20140319-9ad6abd): org.eclipse.persistence.exceptions.ValidationException
Exception Description: Cannot acquire data source [java:app/APHP].
Internal Exception: javax.naming.NamingException: Lookup failed for &apos;java:app/APHP&apos; in SerialContext[myEnv={java.naming.factory.initial=com.sun.enterprise.naming.impl.SerialInitContextFactory, java.naming.factory.state=com.sun.corba.ee.impl.presentation.rmi.JNDIStateFactoryImpl, java.naming.factory.url.pkgs=com.sun.enterprise.naming} [Root exception is javax.naming.NamingException: Invocation exception: Got null ComponentInvocation ]
	at org.eclipse.persistence.internal.jpa.EntityManagerSetupImpl.deploy(EntityManagerSetupImpl.java:766)
	at org.eclipse.persistence.internal.jpa.EntityManagerFactoryDelegate.getAbstractSession(EntityManagerFactoryDelegate.java:204)
	at org.eclipse.persistence.internal.jpa.EntityManagerFactoryDelegate.getDatabaseSession(EntityManagerFactoryDelegate.java:182)
	at org.eclipse.persistence.internal.jpa.EntityManagerFactoryImpl.getDatabaseSession(EntityManagerFactoryImpl.java:527)
	at org.eclipse.persistence.jpa.PersistenceProvider.createEntityManagerFactoryImpl(PersistenceProvider.java:140)
	at org.eclipse.persistence.jpa.PersistenceProvider.createEntityManagerFactory(PersistenceProvider.java:177)
	at javax.persistence.Persistence.createEntityManagerFactory(Persistence.java:79)
	at javax.persistence.Persistence.createEntityManagerFactory(Persistence.java:54)
	at fr.devsquad.minutemed.database.JPADataManager.&lt;init&gt;(JPADataManager.java:41)
	at fr.devsquad.minutemed.database.JPADataManagerUnitTest.testCreateCareUnit(JPADataManagerUnitTest.java:586)
	at sun.reflect.NativeMethodAccessorImpl.invoke0(Native Method)
	at sun.reflect.NativeMethodAccessorImpl.invoke(NativeMethodAccessorImpl.java:62)
	at sun.reflect.DelegatingMethodAccessorImpl.invoke(DelegatingMethodAccessorImpl.java:43)
	at java.lang.reflect.Method.invoke(Method.java:498)
	at org.junit.runners.model.FrameworkMethod$1.runReflectiveCall(FrameworkMethod.java:50)
	at org.junit.internal.runners.model.ReflectiveCallable.run(ReflectiveCallable.java:12)
	at org.junit.runners.model.FrameworkMethod.invokeExplosively(FrameworkMethod.java:47)
	at org.junit.internal.runners.statements.InvokeMethod.evaluate(InvokeMethod.java:17)
	at org.junit.runners.ParentRunner.runLeaf(ParentRunner.java:325)
	at org.junit.runners.BlockJUnit4ClassRunner.runChild(BlockJUnit4ClassRunner.java:78)
	at org.junit.runners.BlockJUnit4ClassRunner.runChild(BlockJUnit4ClassRunner.java:57)
	at org.junit.runners.ParentRunner$3.run(ParentRunner.java:290)
	at org.junit.runners.ParentRunner$1.schedule(ParentRunner.java:71)
	at org.junit.runners.ParentRunner.runChildren(ParentRunner.java:288)
	at org.junit.runners.ParentRunner.access$000(ParentRunner.java:58)
	at org.junit.runners.ParentRunner$2.evaluate(ParentRunner.java:268)
	at org.junit.runners.ParentRunner.run(ParentRunner.java:363)
	at org.mockito.internal.runners.JUnit45AndHigherRunnerImpl.run(JUnit45AndHigherRunnerImpl.java:37)
	at org.mockito.runners.MockitoJUnitRunner.run(MockitoJUnitRunner.java:62)
	at org.apache.maven.surefire.junit4.JUnit4TestSet.execute(JUnit4TestSet.java:53)
	at org.apache.maven.surefire.junit4.JUnit4Provider.executeTestSet(JUnit4Provider.java:123)
	at org.apache.maven.surefire.junit4.JUnit4Provider.invoke(JUnit4Provider.java:104)
	at sun.reflect.NativeMethodAccessorImpl.invoke0(Native Method)
	at sun.reflect.NativeMethodAccessorImpl.invoke(NativeMethodAccessorImpl.java:62)
	at sun.reflect.DelegatingMethodAccessorImpl.invoke(DelegatingMethodAccessorImpl.java:43)
	at java.lang.reflect.Method.invoke(Method.java:498)
	at org.apache.maven.surefire.util.ReflectionUtils.invokeMethodWithArray(ReflectionUtils.java:164)
	at org.apache.maven.surefire.booter.ProviderFactory$ProviderProxy.invoke(ProviderFactory.java:110)
	at org.apache.maven.surefire.booter.SurefireStarter.invokeProvider(SurefireStarter.java:175)
	at org.apache.maven.surefire.booter.SurefireStarter.runSuitesInProcessWhenForked(SurefireStarter.java:107)
	at org.apache.maven.surefire.booter.ForkedBooter.main(ForkedBooter.java:68)
Caused by: Exception [EclipseLink-7060] (Eclipse Persistence Services - 2.5.2.v20140319-9ad6abd): org.eclipse.persistence.exceptions.ValidationException
Exception Description: Cannot acquire data source [java:app/APHP].
Internal Exception: javax.naming.NamingException: Lookup failed for &apos;java:app/APHP&apos; in SerialContext[myEnv={java.naming.factory.initial=com.sun.enterprise.naming.impl.SerialInitContextFactory, java.naming.factory.state=com.sun.corba.ee.impl.presentation.rmi.JNDIStateFactoryImpl, java.naming.factory.url.pkgs=com.sun.enterprise.naming} [Root exception is javax.naming.NamingException: Invocation exception: Got null ComponentInvocation ]
	at org.eclipse.persistence.exceptions.ValidationException.cannotAcquireDataSource(ValidationException.java:520)
	at org.eclipse.persistence.sessions.JNDIConnector.connect(JNDIConnector.java:109)
	at org.eclipse.persistence.sessions.DatasourceLogin.connectToDatasource(DatasourceLogin.java:162)
	at org.eclipse.persistence.internal.sessions.DatabaseSessionImpl.setOrDetectDatasource(DatabaseSessionImpl.java:204)
	at org.eclipse.persistence.internal.sessions.DatabaseSessionImpl.loginAndDetectDatasource(DatabaseSessionImpl.java:741)
	at org.eclipse.persistence.internal.jpa.EntityManagerFactoryProvider.login(EntityManagerFactoryProvider.java:239)
	at org.eclipse.persistence.internal.jpa.EntityManagerSetupImpl.deploy(EntityManagerSetupImpl.java:685)
	... 40 more
Caused by: javax.naming.NamingException: Lookup failed for &apos;java:app/APHP&apos; in SerialContext[myEnv={java.naming.factory.initial=com.sun.enterprise.naming.impl.SerialInitContextFactory, java.naming.factory.state=com.sun.corba.ee.impl.presentation.rmi.JNDIStateFactoryImpl, java.naming.factory.url.pkgs=com.sun.enterprise.naming} [Root exception is javax.naming.NamingException: Invocation exception: Got null ComponentInvocation ]
	at com.sun.enterprise.naming.impl.SerialContext.lookup(SerialContext.java:491)
	at com.sun.enterprise.naming.impl.SerialContext.lookup(SerialContext.java:438)
	at com.sun.enterprise.naming.impl.SerialContext.lookup(SerialContext.java:622)
	at javax.naming.InitialContext.lookup(InitialContext.java:421)
	at org.eclipse.persistence.sessions.JNDIConnector.connect(JNDIConnector.java:103)
	... 45 more
Caused by: javax.naming.NamingException: Invocation exception: Got null ComponentInvocation 
	at com.sun.enterprise.naming.impl.GlassfishNamingManagerImpl.getComponentId(GlassfishNamingManagerImpl.java:842)
	at com.sun.enterprise.naming.impl.GlassfishNamingManagerImpl.lookup(GlassfishNamingManagerImpl.java:714)
	at com.sun.enterprise.naming.impl.JavaURLContext.lookup(JavaURLContext.java:167)
	at com.sun.enterprise.naming.impl.SerialContext.lookup(SerialContext.java:471)
	... 49 more
</error>
    <system-out>[EL Info]: 2018-02-01 15:06:39.196--ServerSession(1513029997)--EclipseLink, version: Eclipse Persistence Services - 2.5.2.v20140319-9ad6abd
[EL Severe]: ejb: 2018-02-01 15:06:39.2--ServerSession(1513029997)--Exception [EclipseLink-7060] (Eclipse Persistence Services - 2.5.2.v20140319-9ad6abd): org.eclipse.persistence.exceptions.ValidationException
Exception Description: Cannot acquire data source [java:app/APHP].
Internal Exception: javax.naming.NamingException: Lookup failed for &apos;java:app/APHP&apos; in SerialContext[myEnv={java.naming.factory.initial=com.sun.enterprise.naming.impl.SerialInitContextFactory, java.naming.factory.state=com.sun.corba.ee.impl.presentation.rmi.JNDIStateFactoryImpl, java.naming.factory.url.pkgs=com.sun.enterprise.naming} [Root exception is javax.naming.NamingException: Invocation exception: Got null ComponentInvocation ]
</system-out>
  </testcase>
  <testcase classname="fr.devsquad.minutemed.database.JPADataManagerUnitTest" name="testRemoveDoctor" time="0.312">
    <error message="Exception [EclipseLink-7060] (Eclipse Persistence Services - 2.5.2.v20140319-9ad6abd): org.eclipse.persistence.exceptions.ValidationException
Exception Description: Cannot acquire data source [java:app/APHP].
Internal Exception: javax.naming.NamingException: Lookup failed for &apos;java:app/APHP&apos; in SerialContext[myEnv={java.naming.factory.initial=com.sun.enterprise.naming.impl.SerialInitContextFactory, java.naming.factory.state=com.sun.corba.ee.impl.presentation.rmi.JNDIStateFactoryImpl, java.naming.factory.url.pkgs=com.sun.enterprise.naming} [Root exception is javax.naming.NamingException: Invocation exception: Got null ComponentInvocation ]" type="javax.persistence.PersistenceException">javax.persistence.PersistenceException: Exception [EclipseLink-7060] (Eclipse Persistence Services - 2.5.2.v20140319-9ad6abd): org.eclipse.persistence.exceptions.ValidationException
Exception Description: Cannot acquire data source [java:app/APHP].
Internal Exception: javax.naming.NamingException: Lookup failed for &apos;java:app/APHP&apos; in SerialContext[myEnv={java.naming.factory.initial=com.sun.enterprise.naming.impl.SerialInitContextFactory, java.naming.factory.state=com.sun.corba.ee.impl.presentation.rmi.JNDIStateFactoryImpl, java.naming.factory.url.pkgs=com.sun.enterprise.naming} [Root exception is javax.naming.NamingException: Invocation exception: Got null ComponentInvocation ]
	at org.eclipse.persistence.internal.jpa.EntityManagerSetupImpl.deploy(EntityManagerSetupImpl.java:766)
	at org.eclipse.persistence.internal.jpa.EntityManagerFactoryDelegate.getAbstractSession(EntityManagerFactoryDelegate.java:204)
	at org.eclipse.persistence.internal.jpa.EntityManagerFactoryDelegate.getDatabaseSession(EntityManagerFactoryDelegate.java:182)
	at org.eclipse.persistence.internal.jpa.EntityManagerFactoryImpl.getDatabaseSession(EntityManagerFactoryImpl.java:527)
	at org.eclipse.persistence.jpa.PersistenceProvider.createEntityManagerFactoryImpl(PersistenceProvider.java:140)
	at org.eclipse.persistence.jpa.PersistenceProvider.createEntityManagerFactory(PersistenceProvider.java:177)
	at javax.persistence.Persistence.createEntityManagerFactory(Persistence.java:79)
	at javax.persistence.Persistence.createEntityManagerFactory(Persistence.java:54)
	at fr.devsquad.minutemed.database.JPADataManager.&lt;init&gt;(JPADataManager.java:41)
	at fr.devsquad.minutemed.database.JPADataManagerUnitTest.testRemoveDoctor(JPADataManagerUnitTest.java:865)
	at sun.reflect.NativeMethodAccessorImpl.invoke0(Native Method)
	at sun.reflect.NativeMethodAccessorImpl.invoke(NativeMethodAccessorImpl.java:62)
	at sun.reflect.DelegatingMethodAccessorImpl.invoke(DelegatingMethodAccessorImpl.java:43)
	at java.lang.reflect.Method.invoke(Method.java:498)
	at org.junit.runners.model.FrameworkMethod$1.runReflectiveCall(FrameworkMethod.java:50)
	at org.junit.internal.runners.model.ReflectiveCallable.run(ReflectiveCallable.java:12)
	at org.junit.runners.model.FrameworkMethod.invokeExplosively(FrameworkMethod.java:47)
	at org.junit.internal.runners.statements.InvokeMethod.evaluate(InvokeMethod.java:17)
	at org.junit.runners.ParentRunner.runLeaf(ParentRunner.java:325)
	at org.junit.runners.BlockJUnit4ClassRunner.runChild(BlockJUnit4ClassRunner.java:78)
	at org.junit.runners.BlockJUnit4ClassRunner.runChild(BlockJUnit4ClassRunner.java:57)
	at org.junit.runners.ParentRunner$3.run(ParentRunner.java:290)
	at org.junit.runners.ParentRunner$1.schedule(ParentRunner.java:71)
	at org.junit.runners.ParentRunner.runChildren(ParentRunner.java:288)
	at org.junit.runners.ParentRunner.access$000(ParentRunner.java:58)
	at org.junit.runners.ParentRunner$2.evaluate(ParentRunner.java:268)
	at org.junit.runners.ParentRunner.run(ParentRunner.java:363)
	at org.mockito.internal.runners.JUnit45AndHigherRunnerImpl.run(JUnit45AndHigherRunnerImpl.java:37)
	at org.mockito.runners.MockitoJUnitRunner.run(MockitoJUnitRunner.java:62)
	at org.apache.maven.surefire.junit4.JUnit4TestSet.execute(JUnit4TestSet.java:53)
	at org.apache.maven.surefire.junit4.JUnit4Provider.executeTestSet(JUnit4Provider.java:123)
	at org.apache.maven.surefire.junit4.JUnit4Provider.invoke(JUnit4Provider.java:104)
	at sun.reflect.NativeMethodAccessorImpl.invoke0(Native Method)
	at sun.reflect.NativeMethodAccessorImpl.invoke(NativeMethodAccessorImpl.java:62)
	at sun.reflect.DelegatingMethodAccessorImpl.invoke(DelegatingMethodAccessorImpl.java:43)
	at java.lang.reflect.Method.invoke(Method.java:498)
	at org.apache.maven.surefire.util.ReflectionUtils.invokeMethodWithArray(ReflectionUtils.java:164)
	at org.apache.maven.surefire.booter.ProviderFactory$ProviderProxy.invoke(ProviderFactory.java:110)
	at org.apache.maven.surefire.booter.SurefireStarter.invokeProvider(SurefireStarter.java:175)
	at org.apache.maven.surefire.booter.SurefireStarter.runSuitesInProcessWhenForked(SurefireStarter.java:107)
	at org.apache.maven.surefire.booter.ForkedBooter.main(ForkedBooter.java:68)
Caused by: Exception [EclipseLink-7060] (Eclipse Persistence Services - 2.5.2.v20140319-9ad6abd): org.eclipse.persistence.exceptions.ValidationException
Exception Description: Cannot acquire data source [java:app/APHP].
Internal Exception: javax.naming.NamingException: Lookup failed for &apos;java:app/APHP&apos; in SerialContext[myEnv={java.naming.factory.initial=com.sun.enterprise.naming.impl.SerialInitContextFactory, java.naming.factory.state=com.sun.corba.ee.impl.presentation.rmi.JNDIStateFactoryImpl, java.naming.factory.url.pkgs=com.sun.enterprise.naming} [Root exception is javax.naming.NamingException: Invocation exception: Got null ComponentInvocation ]
	at org.eclipse.persistence.exceptions.ValidationException.cannotAcquireDataSource(ValidationException.java:520)
	at org.eclipse.persistence.sessions.JNDIConnector.connect(JNDIConnector.java:109)
	at org.eclipse.persistence.sessions.DatasourceLogin.connectToDatasource(DatasourceLogin.java:162)
	at org.eclipse.persistence.internal.sessions.DatabaseSessionImpl.setOrDetectDatasource(DatabaseSessionImpl.java:204)
	at org.eclipse.persistence.internal.sessions.DatabaseSessionImpl.loginAndDetectDatasource(DatabaseSessionImpl.java:741)
	at org.eclipse.persistence.internal.jpa.EntityManagerFactoryProvider.login(EntityManagerFactoryProvider.java:239)
	at org.eclipse.persistence.internal.jpa.EntityManagerSetupImpl.deploy(EntityManagerSetupImpl.java:685)
	... 40 more
Caused by: javax.naming.NamingException: Lookup failed for &apos;java:app/APHP&apos; in SerialContext[myEnv={java.naming.factory.initial=com.sun.enterprise.naming.impl.SerialInitContextFactory, java.naming.factory.state=com.sun.corba.ee.impl.presentation.rmi.JNDIStateFactoryImpl, java.naming.factory.url.pkgs=com.sun.enterprise.naming} [Root exception is javax.naming.NamingException: Invocation exception: Got null ComponentInvocation ]
	at com.sun.enterprise.naming.impl.SerialContext.lookup(SerialContext.java:491)
	at com.sun.enterprise.naming.impl.SerialContext.lookup(SerialContext.java:438)
	at com.sun.enterprise.naming.impl.SerialContext.lookup(SerialContext.java:622)
	at javax.naming.InitialContext.lookup(InitialContext.java:421)
	at org.eclipse.persistence.sessions.JNDIConnector.connect(JNDIConnector.java:103)
	... 45 more
Caused by: javax.naming.NamingException: Invocation exception: Got null ComponentInvocation 
	at com.sun.enterprise.naming.impl.GlassfishNamingManagerImpl.getComponentId(GlassfishNamingManagerImpl.java:842)
	at com.sun.enterprise.naming.impl.GlassfishNamingManagerImpl.lookup(GlassfishNamingManagerImpl.java:714)
	at com.sun.enterprise.naming.impl.JavaURLContext.lookup(JavaURLContext.java:167)
	at com.sun.enterprise.naming.impl.SerialContext.lookup(SerialContext.java:471)
	... 49 more
</error>
    <system-out>[EL Info]: 2018-02-01 15:06:39.504--ServerSession(2123269713)--EclipseLink, version: Eclipse Persistence Services - 2.5.2.v20140319-9ad6abd
[EL Severe]: ejb: 2018-02-01 15:06:39.508--ServerSession(2123269713)--Exception [EclipseLink-7060] (Eclipse Persistence Services - 2.5.2.v20140319-9ad6abd): org.eclipse.persistence.exceptions.ValidationException
Exception Description: Cannot acquire data source [java:app/APHP].
Internal Exception: javax.naming.NamingException: Lookup failed for &apos;java:app/APHP&apos; in SerialContext[myEnv={java.naming.factory.initial=com.sun.enterprise.naming.impl.SerialInitContextFactory, java.naming.factory.state=com.sun.corba.ee.impl.presentation.rmi.JNDIStateFactoryImpl, java.naming.factory.url.pkgs=com.sun.enterprise.naming} [Root exception is javax.naming.NamingException: Invocation exception: Got null ComponentInvocation ]
</system-out>
  </testcase>
  <testcase classname="fr.devsquad.minutemed.database.JPADataManagerUnitTest" name="testCreatePoleNull" time="0.276">
    <error message="Exception [EclipseLink-7060] (Eclipse Persistence Services - 2.5.2.v20140319-9ad6abd): org.eclipse.persistence.exceptions.ValidationException
Exception Description: Cannot acquire data source [java:app/APHP].
Internal Exception: javax.naming.NamingException: Lookup failed for &apos;java:app/APHP&apos; in SerialContext[myEnv={java.naming.factory.initial=com.sun.enterprise.naming.impl.SerialInitContextFactory, java.naming.factory.state=com.sun.corba.ee.impl.presentation.rmi.JNDIStateFactoryImpl, java.naming.factory.url.pkgs=com.sun.enterprise.naming} [Root exception is javax.naming.NamingException: Invocation exception: Got null ComponentInvocation ]" type="javax.persistence.PersistenceException">javax.persistence.PersistenceException: Exception [EclipseLink-7060] (Eclipse Persistence Services - 2.5.2.v20140319-9ad6abd): org.eclipse.persistence.exceptions.ValidationException
Exception Description: Cannot acquire data source [java:app/APHP].
Internal Exception: javax.naming.NamingException: Lookup failed for &apos;java:app/APHP&apos; in SerialContext[myEnv={java.naming.factory.initial=com.sun.enterprise.naming.impl.SerialInitContextFactory, java.naming.factory.state=com.sun.corba.ee.impl.presentation.rmi.JNDIStateFactoryImpl, java.naming.factory.url.pkgs=com.sun.enterprise.naming} [Root exception is javax.naming.NamingException: Invocation exception: Got null ComponentInvocation ]
	at org.eclipse.persistence.internal.jpa.EntityManagerSetupImpl.deploy(EntityManagerSetupImpl.java:766)
	at org.eclipse.persistence.internal.jpa.EntityManagerFactoryDelegate.getAbstractSession(EntityManagerFactoryDelegate.java:204)
	at org.eclipse.persistence.internal.jpa.EntityManagerFactoryDelegate.getDatabaseSession(EntityManagerFactoryDelegate.java:182)
	at org.eclipse.persistence.internal.jpa.EntityManagerFactoryImpl.getDatabaseSession(EntityManagerFactoryImpl.java:527)
	at org.eclipse.persistence.jpa.PersistenceProvider.createEntityManagerFactoryImpl(PersistenceProvider.java:140)
	at org.eclipse.persistence.jpa.PersistenceProvider.createEntityManagerFactory(PersistenceProvider.java:177)
	at javax.persistence.Persistence.createEntityManagerFactory(Persistence.java:79)
	at javax.persistence.Persistence.createEntityManagerFactory(Persistence.java:54)
	at fr.devsquad.minutemed.database.JPADataManager.&lt;init&gt;(JPADataManager.java:41)
	at fr.devsquad.minutemed.database.JPADataManagerUnitTest.testCreatePoleNull(JPADataManagerUnitTest.java:205)
	at sun.reflect.NativeMethodAccessorImpl.invoke0(Native Method)
	at sun.reflect.NativeMethodAccessorImpl.invoke(NativeMethodAccessorImpl.java:62)
	at sun.reflect.DelegatingMethodAccessorImpl.invoke(DelegatingMethodAccessorImpl.java:43)
	at java.lang.reflect.Method.invoke(Method.java:498)
	at org.junit.runners.model.FrameworkMethod$1.runReflectiveCall(FrameworkMethod.java:50)
	at org.junit.internal.runners.model.ReflectiveCallable.run(ReflectiveCallable.java:12)
	at org.junit.runners.model.FrameworkMethod.invokeExplosively(FrameworkMethod.java:47)
	at org.junit.internal.runners.statements.InvokeMethod.evaluate(InvokeMethod.java:17)
	at org.junit.runners.ParentRunner.runLeaf(ParentRunner.java:325)
	at org.junit.runners.BlockJUnit4ClassRunner.runChild(BlockJUnit4ClassRunner.java:78)
	at org.junit.runners.BlockJUnit4ClassRunner.runChild(BlockJUnit4ClassRunner.java:57)
	at org.junit.runners.ParentRunner$3.run(ParentRunner.java:290)
	at org.junit.runners.ParentRunner$1.schedule(ParentRunner.java:71)
	at org.junit.runners.ParentRunner.runChildren(ParentRunner.java:288)
	at org.junit.runners.ParentRunner.access$000(ParentRunner.java:58)
	at org.junit.runners.ParentRunner$2.evaluate(ParentRunner.java:268)
	at org.junit.runners.ParentRunner.run(ParentRunner.java:363)
	at org.mockito.internal.runners.JUnit45AndHigherRunnerImpl.run(JUnit45AndHigherRunnerImpl.java:37)
	at org.mockito.runners.MockitoJUnitRunner.run(MockitoJUnitRunner.java:62)
	at org.apache.maven.surefire.junit4.JUnit4TestSet.execute(JUnit4TestSet.java:53)
	at org.apache.maven.surefire.junit4.JUnit4Provider.executeTestSet(JUnit4Provider.java:123)
	at org.apache.maven.surefire.junit4.JUnit4Provider.invoke(JUnit4Provider.java:104)
	at sun.reflect.NativeMethodAccessorImpl.invoke0(Native Method)
	at sun.reflect.NativeMethodAccessorImpl.invoke(NativeMethodAccessorImpl.java:62)
	at sun.reflect.DelegatingMethodAccessorImpl.invoke(DelegatingMethodAccessorImpl.java:43)
	at java.lang.reflect.Method.invoke(Method.java:498)
	at org.apache.maven.surefire.util.ReflectionUtils.invokeMethodWithArray(ReflectionUtils.java:164)
	at org.apache.maven.surefire.booter.ProviderFactory$ProviderProxy.invoke(ProviderFactory.java:110)
	at org.apache.maven.surefire.booter.SurefireStarter.invokeProvider(SurefireStarter.java:175)
	at org.apache.maven.surefire.booter.SurefireStarter.runSuitesInProcessWhenForked(SurefireStarter.java:107)
	at org.apache.maven.surefire.booter.ForkedBooter.main(ForkedBooter.java:68)
Caused by: Exception [EclipseLink-7060] (Eclipse Persistence Services - 2.5.2.v20140319-9ad6abd): org.eclipse.persistence.exceptions.ValidationException
Exception Description: Cannot acquire data source [java:app/APHP].
Internal Exception: javax.naming.NamingException: Lookup failed for &apos;java:app/APHP&apos; in SerialContext[myEnv={java.naming.factory.initial=com.sun.enterprise.naming.impl.SerialInitContextFactory, java.naming.factory.state=com.sun.corba.ee.impl.presentation.rmi.JNDIStateFactoryImpl, java.naming.factory.url.pkgs=com.sun.enterprise.naming} [Root exception is javax.naming.NamingException: Invocation exception: Got null ComponentInvocation ]
	at org.eclipse.persistence.exceptions.ValidationException.cannotAcquireDataSource(ValidationException.java:520)
	at org.eclipse.persistence.sessions.JNDIConnector.connect(JNDIConnector.java:109)
	at org.eclipse.persistence.sessions.DatasourceLogin.connectToDatasource(DatasourceLogin.java:162)
	at org.eclipse.persistence.internal.sessions.DatabaseSessionImpl.setOrDetectDatasource(DatabaseSessionImpl.java:204)
	at org.eclipse.persistence.internal.sessions.DatabaseSessionImpl.loginAndDetectDatasource(DatabaseSessionImpl.java:741)
	at org.eclipse.persistence.internal.jpa.EntityManagerFactoryProvider.login(EntityManagerFactoryProvider.java:239)
	at org.eclipse.persistence.internal.jpa.EntityManagerSetupImpl.deploy(EntityManagerSetupImpl.java:685)
	... 40 more
Caused by: javax.naming.NamingException: Lookup failed for &apos;java:app/APHP&apos; in SerialContext[myEnv={java.naming.factory.initial=com.sun.enterprise.naming.impl.SerialInitContextFactory, java.naming.factory.state=com.sun.corba.ee.impl.presentation.rmi.JNDIStateFactoryImpl, java.naming.factory.url.pkgs=com.sun.enterprise.naming} [Root exception is javax.naming.NamingException: Invocation exception: Got null ComponentInvocation ]
	at com.sun.enterprise.naming.impl.SerialContext.lookup(SerialContext.java:491)
	at com.sun.enterprise.naming.impl.SerialContext.lookup(SerialContext.java:438)
	at com.sun.enterprise.naming.impl.SerialContext.lookup(SerialContext.java:622)
	at javax.naming.InitialContext.lookup(InitialContext.java:421)
	at org.eclipse.persistence.sessions.JNDIConnector.connect(JNDIConnector.java:103)
	... 45 more
Caused by: javax.naming.NamingException: Invocation exception: Got null ComponentInvocation 
	at com.sun.enterprise.naming.impl.GlassfishNamingManagerImpl.getComponentId(GlassfishNamingManagerImpl.java:842)
	at com.sun.enterprise.naming.impl.GlassfishNamingManagerImpl.lookup(GlassfishNamingManagerImpl.java:714)
	at com.sun.enterprise.naming.impl.JavaURLContext.lookup(JavaURLContext.java:167)
	at com.sun.enterprise.naming.impl.SerialContext.lookup(SerialContext.java:471)
	... 49 more
</error>
    <system-out>[EL Info]: 2018-02-01 15:06:39.78--ServerSession(997294994)--EclipseLink, version: Eclipse Persistence Services - 2.5.2.v20140319-9ad6abd
[EL Severe]: ejb: 2018-02-01 15:06:39.784--ServerSession(997294994)--Exception [EclipseLink-7060] (Eclipse Persistence Services - 2.5.2.v20140319-9ad6abd): org.eclipse.persistence.exceptions.ValidationException
Exception Description: Cannot acquire data source [java:app/APHP].
Internal Exception: javax.naming.NamingException: Lookup failed for &apos;java:app/APHP&apos; in SerialContext[myEnv={java.naming.factory.initial=com.sun.enterprise.naming.impl.SerialInitContextFactory, java.naming.factory.state=com.sun.corba.ee.impl.presentation.rmi.JNDIStateFactoryImpl, java.naming.factory.url.pkgs=com.sun.enterprise.naming} [Root exception is javax.naming.NamingException: Invocation exception: Got null ComponentInvocation ]
</system-out>
  </testcase>
  <testcase classname="fr.devsquad.minutemed.database.JPADataManagerUnitTest" name="testGetAllNurses" time="0.296">
    <error message="Exception [EclipseLink-7060] (Eclipse Persistence Services - 2.5.2.v20140319-9ad6abd): org.eclipse.persistence.exceptions.ValidationException
Exception Description: Cannot acquire data source [java:app/APHP].
Internal Exception: javax.naming.NamingException: Lookup failed for &apos;java:app/APHP&apos; in SerialContext[myEnv={java.naming.factory.initial=com.sun.enterprise.naming.impl.SerialInitContextFactory, java.naming.factory.state=com.sun.corba.ee.impl.presentation.rmi.JNDIStateFactoryImpl, java.naming.factory.url.pkgs=com.sun.enterprise.naming} [Root exception is javax.naming.NamingException: Invocation exception: Got null ComponentInvocation ]" type="javax.persistence.PersistenceException">javax.persistence.PersistenceException: Exception [EclipseLink-7060] (Eclipse Persistence Services - 2.5.2.v20140319-9ad6abd): org.eclipse.persistence.exceptions.ValidationException
Exception Description: Cannot acquire data source [java:app/APHP].
Internal Exception: javax.naming.NamingException: Lookup failed for &apos;java:app/APHP&apos; in SerialContext[myEnv={java.naming.factory.initial=com.sun.enterprise.naming.impl.SerialInitContextFactory, java.naming.factory.state=com.sun.corba.ee.impl.presentation.rmi.JNDIStateFactoryImpl, java.naming.factory.url.pkgs=com.sun.enterprise.naming} [Root exception is javax.naming.NamingException: Invocation exception: Got null ComponentInvocation ]
	at org.eclipse.persistence.internal.jpa.EntityManagerSetupImpl.deploy(EntityManagerSetupImpl.java:766)
	at org.eclipse.persistence.internal.jpa.EntityManagerFactoryDelegate.getAbstractSession(EntityManagerFactoryDelegate.java:204)
	at org.eclipse.persistence.internal.jpa.EntityManagerFactoryDelegate.getDatabaseSession(EntityManagerFactoryDelegate.java:182)
	at org.eclipse.persistence.internal.jpa.EntityManagerFactoryImpl.getDatabaseSession(EntityManagerFactoryImpl.java:527)
	at org.eclipse.persistence.jpa.PersistenceProvider.createEntityManagerFactoryImpl(PersistenceProvider.java:140)
	at org.eclipse.persistence.jpa.PersistenceProvider.createEntityManagerFactory(PersistenceProvider.java:177)
	at javax.persistence.Persistence.createEntityManagerFactory(Persistence.java:79)
	at javax.persistence.Persistence.createEntityManagerFactory(Persistence.java:54)
	at fr.devsquad.minutemed.database.JPADataManager.&lt;init&gt;(JPADataManager.java:41)
	at fr.devsquad.minutemed.database.JPADataManagerUnitTest.testGetAllNurses(JPADataManagerUnitTest.java:984)
	at sun.reflect.NativeMethodAccessorImpl.invoke0(Native Method)
	at sun.reflect.NativeMethodAccessorImpl.invoke(NativeMethodAccessorImpl.java:62)
	at sun.reflect.DelegatingMethodAccessorImpl.invoke(DelegatingMethodAccessorImpl.java:43)
	at java.lang.reflect.Method.invoke(Method.java:498)
	at org.junit.runners.model.FrameworkMethod$1.runReflectiveCall(FrameworkMethod.java:50)
	at org.junit.internal.runners.model.ReflectiveCallable.run(ReflectiveCallable.java:12)
	at org.junit.runners.model.FrameworkMethod.invokeExplosively(FrameworkMethod.java:47)
	at org.junit.internal.runners.statements.InvokeMethod.evaluate(InvokeMethod.java:17)
	at org.junit.runners.ParentRunner.runLeaf(ParentRunner.java:325)
	at org.junit.runners.BlockJUnit4ClassRunner.runChild(BlockJUnit4ClassRunner.java:78)
	at org.junit.runners.BlockJUnit4ClassRunner.runChild(BlockJUnit4ClassRunner.java:57)
	at org.junit.runners.ParentRunner$3.run(ParentRunner.java:290)
	at org.junit.runners.ParentRunner$1.schedule(ParentRunner.java:71)
	at org.junit.runners.ParentRunner.runChildren(ParentRunner.java:288)
	at org.junit.runners.ParentRunner.access$000(ParentRunner.java:58)
	at org.junit.runners.ParentRunner$2.evaluate(ParentRunner.java:268)
	at org.junit.runners.ParentRunner.run(ParentRunner.java:363)
	at org.mockito.internal.runners.JUnit45AndHigherRunnerImpl.run(JUnit45AndHigherRunnerImpl.java:37)
	at org.mockito.runners.MockitoJUnitRunner.run(MockitoJUnitRunner.java:62)
	at org.apache.maven.surefire.junit4.JUnit4TestSet.execute(JUnit4TestSet.java:53)
	at org.apache.maven.surefire.junit4.JUnit4Provider.executeTestSet(JUnit4Provider.java:123)
	at org.apache.maven.surefire.junit4.JUnit4Provider.invoke(JUnit4Provider.java:104)
	at sun.reflect.NativeMethodAccessorImpl.invoke0(Native Method)
	at sun.reflect.NativeMethodAccessorImpl.invoke(NativeMethodAccessorImpl.java:62)
	at sun.reflect.DelegatingMethodAccessorImpl.invoke(DelegatingMethodAccessorImpl.java:43)
	at java.lang.reflect.Method.invoke(Method.java:498)
	at org.apache.maven.surefire.util.ReflectionUtils.invokeMethodWithArray(ReflectionUtils.java:164)
	at org.apache.maven.surefire.booter.ProviderFactory$ProviderProxy.invoke(ProviderFactory.java:110)
	at org.apache.maven.surefire.booter.SurefireStarter.invokeProvider(SurefireStarter.java:175)
	at org.apache.maven.surefire.booter.SurefireStarter.runSuitesInProcessWhenForked(SurefireStarter.java:107)
	at org.apache.maven.surefire.booter.ForkedBooter.main(ForkedBooter.java:68)
Caused by: Exception [EclipseLink-7060] (Eclipse Persistence Services - 2.5.2.v20140319-9ad6abd): org.eclipse.persistence.exceptions.ValidationException
Exception Description: Cannot acquire data source [java:app/APHP].
Internal Exception: javax.naming.NamingException: Lookup failed for &apos;java:app/APHP&apos; in SerialContext[myEnv={java.naming.factory.initial=com.sun.enterprise.naming.impl.SerialInitContextFactory, java.naming.factory.state=com.sun.corba.ee.impl.presentation.rmi.JNDIStateFactoryImpl, java.naming.factory.url.pkgs=com.sun.enterprise.naming} [Root exception is javax.naming.NamingException: Invocation exception: Got null ComponentInvocation ]
	at org.eclipse.persistence.exceptions.ValidationException.cannotAcquireDataSource(ValidationException.java:520)
	at org.eclipse.persistence.sessions.JNDIConnector.connect(JNDIConnector.java:109)
	at org.eclipse.persistence.sessions.DatasourceLogin.connectToDatasource(DatasourceLogin.java:162)
	at org.eclipse.persistence.internal.sessions.DatabaseSessionImpl.setOrDetectDatasource(DatabaseSessionImpl.java:204)
	at org.eclipse.persistence.internal.sessions.DatabaseSessionImpl.loginAndDetectDatasource(DatabaseSessionImpl.java:741)
	at org.eclipse.persistence.internal.jpa.EntityManagerFactoryProvider.login(EntityManagerFactoryProvider.java:239)
	at org.eclipse.persistence.internal.jpa.EntityManagerSetupImpl.deploy(EntityManagerSetupImpl.java:685)
	... 40 more
Caused by: javax.naming.NamingException: Lookup failed for &apos;java:app/APHP&apos; in SerialContext[myEnv={java.naming.factory.initial=com.sun.enterprise.naming.impl.SerialInitContextFactory, java.naming.factory.state=com.sun.corba.ee.impl.presentation.rmi.JNDIStateFactoryImpl, java.naming.factory.url.pkgs=com.sun.enterprise.naming} [Root exception is javax.naming.NamingException: Invocation exception: Got null ComponentInvocation ]
	at com.sun.enterprise.naming.impl.SerialContext.lookup(SerialContext.java:491)
	at com.sun.enterprise.naming.impl.SerialContext.lookup(SerialContext.java:438)
	at com.sun.enterprise.naming.impl.SerialContext.lookup(SerialContext.java:622)
	at javax.naming.InitialContext.lookup(InitialContext.java:421)
	at org.eclipse.persistence.sessions.JNDIConnector.connect(JNDIConnector.java:103)
	... 45 more
Caused by: javax.naming.NamingException: Invocation exception: Got null ComponentInvocation 
	at com.sun.enterprise.naming.impl.GlassfishNamingManagerImpl.getComponentId(GlassfishNamingManagerImpl.java:842)
	at com.sun.enterprise.naming.impl.GlassfishNamingManagerImpl.lookup(GlassfishNamingManagerImpl.java:714)
	at com.sun.enterprise.naming.impl.JavaURLContext.lookup(JavaURLContext.java:167)
	at com.sun.enterprise.naming.impl.SerialContext.lookup(SerialContext.java:471)
	... 49 more
</error>
    <system-out>[EL Info]: 2018-02-01 15:06:40.08--ServerSession(291651850)--EclipseLink, version: Eclipse Persistence Services - 2.5.2.v20140319-9ad6abd
[EL Severe]: ejb: 2018-02-01 15:06:40.084--ServerSession(291651850)--Exception [EclipseLink-7060] (Eclipse Persistence Services - 2.5.2.v20140319-9ad6abd): org.eclipse.persistence.exceptions.ValidationException
Exception Description: Cannot acquire data source [java:app/APHP].
Internal Exception: javax.naming.NamingException: Lookup failed for &apos;java:app/APHP&apos; in SerialContext[myEnv={java.naming.factory.initial=com.sun.enterprise.naming.impl.SerialInitContextFactory, java.naming.factory.state=com.sun.corba.ee.impl.presentation.rmi.JNDIStateFactoryImpl, java.naming.factory.url.pkgs=com.sun.enterprise.naming} [Root exception is javax.naming.NamingException: Invocation exception: Got null ComponentInvocation ]
</system-out>
  </testcase>
  <testcase classname="fr.devsquad.minutemed.database.JPADataManagerUnitTest" name="testGetAllDoctors" time="0.288">
    <error message="Exception [EclipseLink-7060] (Eclipse Persistence Services - 2.5.2.v20140319-9ad6abd): org.eclipse.persistence.exceptions.ValidationException
Exception Description: Cannot acquire data source [java:app/APHP].
Internal Exception: javax.naming.NamingException: Lookup failed for &apos;java:app/APHP&apos; in SerialContext[myEnv={java.naming.factory.initial=com.sun.enterprise.naming.impl.SerialInitContextFactory, java.naming.factory.state=com.sun.corba.ee.impl.presentation.rmi.JNDIStateFactoryImpl, java.naming.factory.url.pkgs=com.sun.enterprise.naming} [Root exception is javax.naming.NamingException: Invocation exception: Got null ComponentInvocation ]" type="javax.persistence.PersistenceException">javax.persistence.PersistenceException: Exception [EclipseLink-7060] (Eclipse Persistence Services - 2.5.2.v20140319-9ad6abd): org.eclipse.persistence.exceptions.ValidationException
Exception Description: Cannot acquire data source [java:app/APHP].
Internal Exception: javax.naming.NamingException: Lookup failed for &apos;java:app/APHP&apos; in SerialContext[myEnv={java.naming.factory.initial=com.sun.enterprise.naming.impl.SerialInitContextFactory, java.naming.factory.state=com.sun.corba.ee.impl.presentation.rmi.JNDIStateFactoryImpl, java.naming.factory.url.pkgs=com.sun.enterprise.naming} [Root exception is javax.naming.NamingException: Invocation exception: Got null ComponentInvocation ]
	at org.eclipse.persistence.internal.jpa.EntityManagerSetupImpl.deploy(EntityManagerSetupImpl.java:766)
	at org.eclipse.persistence.internal.jpa.EntityManagerFactoryDelegate.getAbstractSession(EntityManagerFactoryDelegate.java:204)
	at org.eclipse.persistence.internal.jpa.EntityManagerFactoryDelegate.getDatabaseSession(EntityManagerFactoryDelegate.java:182)
	at org.eclipse.persistence.internal.jpa.EntityManagerFactoryImpl.getDatabaseSession(EntityManagerFactoryImpl.java:527)
	at org.eclipse.persistence.jpa.PersistenceProvider.createEntityManagerFactoryImpl(PersistenceProvider.java:140)
	at org.eclipse.persistence.jpa.PersistenceProvider.createEntityManagerFactory(PersistenceProvider.java:177)
	at javax.persistence.Persistence.createEntityManagerFactory(Persistence.java:79)
	at javax.persistence.Persistence.createEntityManagerFactory(Persistence.java:54)
	at fr.devsquad.minutemed.database.JPADataManager.&lt;init&gt;(JPADataManager.java:41)
	at fr.devsquad.minutemed.database.JPADataManagerUnitTest.testGetAllDoctors(JPADataManagerUnitTest.java:827)
	at sun.reflect.NativeMethodAccessorImpl.invoke0(Native Method)
	at sun.reflect.NativeMethodAccessorImpl.invoke(NativeMethodAccessorImpl.java:62)
	at sun.reflect.DelegatingMethodAccessorImpl.invoke(DelegatingMethodAccessorImpl.java:43)
	at java.lang.reflect.Method.invoke(Method.java:498)
	at org.junit.runners.model.FrameworkMethod$1.runReflectiveCall(FrameworkMethod.java:50)
	at org.junit.internal.runners.model.ReflectiveCallable.run(ReflectiveCallable.java:12)
	at org.junit.runners.model.FrameworkMethod.invokeExplosively(FrameworkMethod.java:47)
	at org.junit.internal.runners.statements.InvokeMethod.evaluate(InvokeMethod.java:17)
	at org.junit.runners.ParentRunner.runLeaf(ParentRunner.java:325)
	at org.junit.runners.BlockJUnit4ClassRunner.runChild(BlockJUnit4ClassRunner.java:78)
	at org.junit.runners.BlockJUnit4ClassRunner.runChild(BlockJUnit4ClassRunner.java:57)
	at org.junit.runners.ParentRunner$3.run(ParentRunner.java:290)
	at org.junit.runners.ParentRunner$1.schedule(ParentRunner.java:71)
	at org.junit.runners.ParentRunner.runChildren(ParentRunner.java:288)
	at org.junit.runners.ParentRunner.access$000(ParentRunner.java:58)
	at org.junit.runners.ParentRunner$2.evaluate(ParentRunner.java:268)
	at org.junit.runners.ParentRunner.run(ParentRunner.java:363)
	at org.mockito.internal.runners.JUnit45AndHigherRunnerImpl.run(JUnit45AndHigherRunnerImpl.java:37)
	at org.mockito.runners.MockitoJUnitRunner.run(MockitoJUnitRunner.java:62)
	at org.apache.maven.surefire.junit4.JUnit4TestSet.execute(JUnit4TestSet.java:53)
	at org.apache.maven.surefire.junit4.JUnit4Provider.executeTestSet(JUnit4Provider.java:123)
	at org.apache.maven.surefire.junit4.JUnit4Provider.invoke(JUnit4Provider.java:104)
	at sun.reflect.NativeMethodAccessorImpl.invoke0(Native Method)
	at sun.reflect.NativeMethodAccessorImpl.invoke(NativeMethodAccessorImpl.java:62)
	at sun.reflect.DelegatingMethodAccessorImpl.invoke(DelegatingMethodAccessorImpl.java:43)
	at java.lang.reflect.Method.invoke(Method.java:498)
	at org.apache.maven.surefire.util.ReflectionUtils.invokeMethodWithArray(ReflectionUtils.java:164)
	at org.apache.maven.surefire.booter.ProviderFactory$ProviderProxy.invoke(ProviderFactory.java:110)
	at org.apache.maven.surefire.booter.SurefireStarter.invokeProvider(SurefireStarter.java:175)
	at org.apache.maven.surefire.booter.SurefireStarter.runSuitesInProcessWhenForked(SurefireStarter.java:107)
	at org.apache.maven.surefire.booter.ForkedBooter.main(ForkedBooter.java:68)
Caused by: Exception [EclipseLink-7060] (Eclipse Persistence Services - 2.5.2.v20140319-9ad6abd): org.eclipse.persistence.exceptions.ValidationException
Exception Description: Cannot acquire data source [java:app/APHP].
Internal Exception: javax.naming.NamingException: Lookup failed for &apos;java:app/APHP&apos; in SerialContext[myEnv={java.naming.factory.initial=com.sun.enterprise.naming.impl.SerialInitContextFactory, java.naming.factory.state=com.sun.corba.ee.impl.presentation.rmi.JNDIStateFactoryImpl, java.naming.factory.url.pkgs=com.sun.enterprise.naming} [Root exception is javax.naming.NamingException: Invocation exception: Got null ComponentInvocation ]
	at org.eclipse.persistence.exceptions.ValidationException.cannotAcquireDataSource(ValidationException.java:520)
	at org.eclipse.persistence.sessions.JNDIConnector.connect(JNDIConnector.java:109)
	at org.eclipse.persistence.sessions.DatasourceLogin.connectToDatasource(DatasourceLogin.java:162)
	at org.eclipse.persistence.internal.sessions.DatabaseSessionImpl.setOrDetectDatasource(DatabaseSessionImpl.java:204)
	at org.eclipse.persistence.internal.sessions.DatabaseSessionImpl.loginAndDetectDatasource(DatabaseSessionImpl.java:741)
	at org.eclipse.persistence.internal.jpa.EntityManagerFactoryProvider.login(EntityManagerFactoryProvider.java:239)
	at org.eclipse.persistence.internal.jpa.EntityManagerSetupImpl.deploy(EntityManagerSetupImpl.java:685)
	... 40 more
Caused by: javax.naming.NamingException: Lookup failed for &apos;java:app/APHP&apos; in SerialContext[myEnv={java.naming.factory.initial=com.sun.enterprise.naming.impl.SerialInitContextFactory, java.naming.factory.state=com.sun.corba.ee.impl.presentation.rmi.JNDIStateFactoryImpl, java.naming.factory.url.pkgs=com.sun.enterprise.naming} [Root exception is javax.naming.NamingException: Invocation exception: Got null ComponentInvocation ]
	at com.sun.enterprise.naming.impl.SerialContext.lookup(SerialContext.java:491)
	at com.sun.enterprise.naming.impl.SerialContext.lookup(SerialContext.java:438)
	at com.sun.enterprise.naming.impl.SerialContext.lookup(SerialContext.java:622)
	at javax.naming.InitialContext.lookup(InitialContext.java:421)
	at org.eclipse.persistence.sessions.JNDIConnector.connect(JNDIConnector.java:103)
	... 45 more
Caused by: javax.naming.NamingException: Invocation exception: Got null ComponentInvocation 
	at com.sun.enterprise.naming.impl.GlassfishNamingManagerImpl.getComponentId(GlassfishNamingManagerImpl.java:842)
	at com.sun.enterprise.naming.impl.GlassfishNamingManagerImpl.lookup(GlassfishNamingManagerImpl.java:714)
	at com.sun.enterprise.naming.impl.JavaURLContext.lookup(JavaURLContext.java:167)
	at com.sun.enterprise.naming.impl.SerialContext.lookup(SerialContext.java:471)
	... 49 more
</error>
    <system-out>[EL Info]: 2018-02-01 15:06:40.36--ServerSession(1949126165)--EclipseLink, version: Eclipse Persistence Services - 2.5.2.v20140319-9ad6abd
[EL Severe]: ejb: 2018-02-01 15:06:40.368--ServerSession(1949126165)--Exception [EclipseLink-7060] (Eclipse Persistence Services - 2.5.2.v20140319-9ad6abd): org.eclipse.persistence.exceptions.ValidationException
Exception Description: Cannot acquire data source [java:app/APHP].
Internal Exception: javax.naming.NamingException: Lookup failed for &apos;java:app/APHP&apos; in SerialContext[myEnv={java.naming.factory.initial=com.sun.enterprise.naming.impl.SerialInitContextFactory, java.naming.factory.state=com.sun.corba.ee.impl.presentation.rmi.JNDIStateFactoryImpl, java.naming.factory.url.pkgs=com.sun.enterprise.naming} [Root exception is javax.naming.NamingException: Invocation exception: Got null ComponentInvocation ]
</system-out>
  </testcase>
  <testcase classname="fr.devsquad.minutemed.database.JPADataManagerUnitTest" name="testCreateNurseNull" time="0.32">
    <error message="Exception [EclipseLink-7060] (Eclipse Persistence Services - 2.5.2.v20140319-9ad6abd): org.eclipse.persistence.exceptions.ValidationException
Exception Description: Cannot acquire data source [java:app/APHP].
Internal Exception: javax.naming.NamingException: Lookup failed for &apos;java:app/APHP&apos; in SerialContext[myEnv={java.naming.factory.initial=com.sun.enterprise.naming.impl.SerialInitContextFactory, java.naming.factory.state=com.sun.corba.ee.impl.presentation.rmi.JNDIStateFactoryImpl, java.naming.factory.url.pkgs=com.sun.enterprise.naming} [Root exception is javax.naming.NamingException: Invocation exception: Got null ComponentInvocation ]" type="javax.persistence.PersistenceException">javax.persistence.PersistenceException: Exception [EclipseLink-7060] (Eclipse Persistence Services - 2.5.2.v20140319-9ad6abd): org.eclipse.persistence.exceptions.ValidationException
Exception Description: Cannot acquire data source [java:app/APHP].
Internal Exception: javax.naming.NamingException: Lookup failed for &apos;java:app/APHP&apos; in SerialContext[myEnv={java.naming.factory.initial=com.sun.enterprise.naming.impl.SerialInitContextFactory, java.naming.factory.state=com.sun.corba.ee.impl.presentation.rmi.JNDIStateFactoryImpl, java.naming.factory.url.pkgs=com.sun.enterprise.naming} [Root exception is javax.naming.NamingException: Invocation exception: Got null ComponentInvocation ]
	at org.eclipse.persistence.internal.jpa.EntityManagerSetupImpl.deploy(EntityManagerSetupImpl.java:766)
	at org.eclipse.persistence.internal.jpa.EntityManagerFactoryDelegate.getAbstractSession(EntityManagerFactoryDelegate.java:204)
	at org.eclipse.persistence.internal.jpa.EntityManagerFactoryDelegate.getDatabaseSession(EntityManagerFactoryDelegate.java:182)
	at org.eclipse.persistence.internal.jpa.EntityManagerFactoryImpl.getDatabaseSession(EntityManagerFactoryImpl.java:527)
	at org.eclipse.persistence.jpa.PersistenceProvider.createEntityManagerFactoryImpl(PersistenceProvider.java:140)
	at org.eclipse.persistence.jpa.PersistenceProvider.createEntityManagerFactory(PersistenceProvider.java:177)
	at javax.persistence.Persistence.createEntityManagerFactory(Persistence.java:79)
	at javax.persistence.Persistence.createEntityManagerFactory(Persistence.java:54)
	at fr.devsquad.minutemed.database.JPADataManager.&lt;init&gt;(JPADataManager.java:41)
	at fr.devsquad.minutemed.database.JPADataManagerUnitTest.testCreateNurseNull(JPADataManagerUnitTest.java:901)
	at sun.reflect.NativeMethodAccessorImpl.invoke0(Native Method)
	at sun.reflect.NativeMethodAccessorImpl.invoke(NativeMethodAccessorImpl.java:62)
	at sun.reflect.DelegatingMethodAccessorImpl.invoke(DelegatingMethodAccessorImpl.java:43)
	at java.lang.reflect.Method.invoke(Method.java:498)
	at org.junit.runners.model.FrameworkMethod$1.runReflectiveCall(FrameworkMethod.java:50)
	at org.junit.internal.runners.model.ReflectiveCallable.run(ReflectiveCallable.java:12)
	at org.junit.runners.model.FrameworkMethod.invokeExplosively(FrameworkMethod.java:47)
	at org.junit.internal.runners.statements.InvokeMethod.evaluate(InvokeMethod.java:17)
	at org.junit.runners.ParentRunner.runLeaf(ParentRunner.java:325)
	at org.junit.runners.BlockJUnit4ClassRunner.runChild(BlockJUnit4ClassRunner.java:78)
	at org.junit.runners.BlockJUnit4ClassRunner.runChild(BlockJUnit4ClassRunner.java:57)
	at org.junit.runners.ParentRunner$3.run(ParentRunner.java:290)
	at org.junit.runners.ParentRunner$1.schedule(ParentRunner.java:71)
	at org.junit.runners.ParentRunner.runChildren(ParentRunner.java:288)
	at org.junit.runners.ParentRunner.access$000(ParentRunner.java:58)
	at org.junit.runners.ParentRunner$2.evaluate(ParentRunner.java:268)
	at org.junit.runners.ParentRunner.run(ParentRunner.java:363)
	at org.mockito.internal.runners.JUnit45AndHigherRunnerImpl.run(JUnit45AndHigherRunnerImpl.java:37)
	at org.mockito.runners.MockitoJUnitRunner.run(MockitoJUnitRunner.java:62)
	at org.apache.maven.surefire.junit4.JUnit4TestSet.execute(JUnit4TestSet.java:53)
	at org.apache.maven.surefire.junit4.JUnit4Provider.executeTestSet(JUnit4Provider.java:123)
	at org.apache.maven.surefire.junit4.JUnit4Provider.invoke(JUnit4Provider.java:104)
	at sun.reflect.NativeMethodAccessorImpl.invoke0(Native Method)
	at sun.reflect.NativeMethodAccessorImpl.invoke(NativeMethodAccessorImpl.java:62)
	at sun.reflect.DelegatingMethodAccessorImpl.invoke(DelegatingMethodAccessorImpl.java:43)
	at java.lang.reflect.Method.invoke(Method.java:498)
	at org.apache.maven.surefire.util.ReflectionUtils.invokeMethodWithArray(ReflectionUtils.java:164)
	at org.apache.maven.surefire.booter.ProviderFactory$ProviderProxy.invoke(ProviderFactory.java:110)
	at org.apache.maven.surefire.booter.SurefireStarter.invokeProvider(SurefireStarter.java:175)
	at org.apache.maven.surefire.booter.SurefireStarter.runSuitesInProcessWhenForked(SurefireStarter.java:107)
	at org.apache.maven.surefire.booter.ForkedBooter.main(ForkedBooter.java:68)
Caused by: Exception [EclipseLink-7060] (Eclipse Persistence Services - 2.5.2.v20140319-9ad6abd): org.eclipse.persistence.exceptions.ValidationException
Exception Description: Cannot acquire data source [java:app/APHP].
Internal Exception: javax.naming.NamingException: Lookup failed for &apos;java:app/APHP&apos; in SerialContext[myEnv={java.naming.factory.initial=com.sun.enterprise.naming.impl.SerialInitContextFactory, java.naming.factory.state=com.sun.corba.ee.impl.presentation.rmi.JNDIStateFactoryImpl, java.naming.factory.url.pkgs=com.sun.enterprise.naming} [Root exception is javax.naming.NamingException: Invocation exception: Got null ComponentInvocation ]
	at org.eclipse.persistence.exceptions.ValidationException.cannotAcquireDataSource(ValidationException.java:520)
	at org.eclipse.persistence.sessions.JNDIConnector.connect(JNDIConnector.java:109)
	at org.eclipse.persistence.sessions.DatasourceLogin.connectToDatasource(DatasourceLogin.java:162)
	at org.eclipse.persistence.internal.sessions.DatabaseSessionImpl.setOrDetectDatasource(DatabaseSessionImpl.java:204)
	at org.eclipse.persistence.internal.sessions.DatabaseSessionImpl.loginAndDetectDatasource(DatabaseSessionImpl.java:741)
	at org.eclipse.persistence.internal.jpa.EntityManagerFactoryProvider.login(EntityManagerFactoryProvider.java:239)
	at org.eclipse.persistence.internal.jpa.EntityManagerSetupImpl.deploy(EntityManagerSetupImpl.java:685)
	... 40 more
Caused by: javax.naming.NamingException: Lookup failed for &apos;java:app/APHP&apos; in SerialContext[myEnv={java.naming.factory.initial=com.sun.enterprise.naming.impl.SerialInitContextFactory, java.naming.factory.state=com.sun.corba.ee.impl.presentation.rmi.JNDIStateFactoryImpl, java.naming.factory.url.pkgs=com.sun.enterprise.naming} [Root exception is javax.naming.NamingException: Invocation exception: Got null ComponentInvocation ]
	at com.sun.enterprise.naming.impl.SerialContext.lookup(SerialContext.java:491)
	at com.sun.enterprise.naming.impl.SerialContext.lookup(SerialContext.java:438)
	at com.sun.enterprise.naming.impl.SerialContext.lookup(SerialContext.java:622)
	at javax.naming.InitialContext.lookup(InitialContext.java:421)
	at org.eclipse.persistence.sessions.JNDIConnector.connect(JNDIConnector.java:103)
	... 45 more
Caused by: javax.naming.NamingException: Invocation exception: Got null ComponentInvocation 
	at com.sun.enterprise.naming.impl.GlassfishNamingManagerImpl.getComponentId(GlassfishNamingManagerImpl.java:842)
	at com.sun.enterprise.naming.impl.GlassfishNamingManagerImpl.lookup(GlassfishNamingManagerImpl.java:714)
	at com.sun.enterprise.naming.impl.JavaURLContext.lookup(JavaURLContext.java:167)
	at com.sun.enterprise.naming.impl.SerialContext.lookup(SerialContext.java:471)
	... 49 more
</error>
    <system-out>[EL Info]: 2018-02-01 15:06:40.684--ServerSession(546446235)--EclipseLink, version: Eclipse Persistence Services - 2.5.2.v20140319-9ad6abd
[EL Severe]: ejb: 2018-02-01 15:06:40.688--ServerSession(546446235)--Exception [EclipseLink-7060] (Eclipse Persistence Services - 2.5.2.v20140319-9ad6abd): org.eclipse.persistence.exceptions.ValidationException
Exception Description: Cannot acquire data source [java:app/APHP].
Internal Exception: javax.naming.NamingException: Lookup failed for &apos;java:app/APHP&apos; in SerialContext[myEnv={java.naming.factory.initial=com.sun.enterprise.naming.impl.SerialInitContextFactory, java.naming.factory.state=com.sun.corba.ee.impl.presentation.rmi.JNDIStateFactoryImpl, java.naming.factory.url.pkgs=com.sun.enterprise.naming} [Root exception is javax.naming.NamingException: Invocation exception: Got null ComponentInvocation ]
</system-out>
  </testcase>
  <testcase classname="fr.devsquad.minutemed.database.JPADataManagerUnitTest" name="testCreatePole" time="0.428">
    <error message="Exception [EclipseLink-7060] (Eclipse Persistence Services - 2.5.2.v20140319-9ad6abd): org.eclipse.persistence.exceptions.ValidationException
Exception Description: Cannot acquire data source [java:app/APHP].
Internal Exception: javax.naming.NamingException: Lookup failed for &apos;java:app/APHP&apos; in SerialContext[myEnv={java.naming.factory.initial=com.sun.enterprise.naming.impl.SerialInitContextFactory, java.naming.factory.state=com.sun.corba.ee.impl.presentation.rmi.JNDIStateFactoryImpl, java.naming.factory.url.pkgs=com.sun.enterprise.naming} [Root exception is javax.naming.NamingException: Invocation exception: Got null ComponentInvocation ]" type="javax.persistence.PersistenceException">javax.persistence.PersistenceException: Exception [EclipseLink-7060] (Eclipse Persistence Services - 2.5.2.v20140319-9ad6abd): org.eclipse.persistence.exceptions.ValidationException
Exception Description: Cannot acquire data source [java:app/APHP].
Internal Exception: javax.naming.NamingException: Lookup failed for &apos;java:app/APHP&apos; in SerialContext[myEnv={java.naming.factory.initial=com.sun.enterprise.naming.impl.SerialInitContextFactory, java.naming.factory.state=com.sun.corba.ee.impl.presentation.rmi.JNDIStateFactoryImpl, java.naming.factory.url.pkgs=com.sun.enterprise.naming} [Root exception is javax.naming.NamingException: Invocation exception: Got null ComponentInvocation ]
	at org.eclipse.persistence.internal.jpa.EntityManagerSetupImpl.deploy(EntityManagerSetupImpl.java:766)
	at org.eclipse.persistence.internal.jpa.EntityManagerFactoryDelegate.getAbstractSession(EntityManagerFactoryDelegate.java:204)
	at org.eclipse.persistence.internal.jpa.EntityManagerFactoryDelegate.getDatabaseSession(EntityManagerFactoryDelegate.java:182)
	at org.eclipse.persistence.internal.jpa.EntityManagerFactoryImpl.getDatabaseSession(EntityManagerFactoryImpl.java:527)
	at org.eclipse.persistence.jpa.PersistenceProvider.createEntityManagerFactoryImpl(PersistenceProvider.java:140)
	at org.eclipse.persistence.jpa.PersistenceProvider.createEntityManagerFactory(PersistenceProvider.java:177)
	at javax.persistence.Persistence.createEntityManagerFactory(Persistence.java:79)
	at javax.persistence.Persistence.createEntityManagerFactory(Persistence.java:54)
	at fr.devsquad.minutemed.database.JPADataManager.&lt;init&gt;(JPADataManager.java:41)
	at fr.devsquad.minutemed.database.JPADataManagerUnitTest.testCreatePole(JPADataManagerUnitTest.java:215)
	at sun.reflect.NativeMethodAccessorImpl.invoke0(Native Method)
	at sun.reflect.NativeMethodAccessorImpl.invoke(NativeMethodAccessorImpl.java:62)
	at sun.reflect.DelegatingMethodAccessorImpl.invoke(DelegatingMethodAccessorImpl.java:43)
	at java.lang.reflect.Method.invoke(Method.java:498)
	at org.junit.runners.model.FrameworkMethod$1.runReflectiveCall(FrameworkMethod.java:50)
	at org.junit.internal.runners.model.ReflectiveCallable.run(ReflectiveCallable.java:12)
	at org.junit.runners.model.FrameworkMethod.invokeExplosively(FrameworkMethod.java:47)
	at org.junit.internal.runners.statements.InvokeMethod.evaluate(InvokeMethod.java:17)
	at org.junit.runners.ParentRunner.runLeaf(ParentRunner.java:325)
	at org.junit.runners.BlockJUnit4ClassRunner.runChild(BlockJUnit4ClassRunner.java:78)
	at org.junit.runners.BlockJUnit4ClassRunner.runChild(BlockJUnit4ClassRunner.java:57)
	at org.junit.runners.ParentRunner$3.run(ParentRunner.java:290)
	at org.junit.runners.ParentRunner$1.schedule(ParentRunner.java:71)
	at org.junit.runners.ParentRunner.runChildren(ParentRunner.java:288)
	at org.junit.runners.ParentRunner.access$000(ParentRunner.java:58)
	at org.junit.runners.ParentRunner$2.evaluate(ParentRunner.java:268)
	at org.junit.runners.ParentRunner.run(ParentRunner.java:363)
	at org.mockito.internal.runners.JUnit45AndHigherRunnerImpl.run(JUnit45AndHigherRunnerImpl.java:37)
	at org.mockito.runners.MockitoJUnitRunner.run(MockitoJUnitRunner.java:62)
	at org.apache.maven.surefire.junit4.JUnit4TestSet.execute(JUnit4TestSet.java:53)
	at org.apache.maven.surefire.junit4.JUnit4Provider.executeTestSet(JUnit4Provider.java:123)
	at org.apache.maven.surefire.junit4.JUnit4Provider.invoke(JUnit4Provider.java:104)
	at sun.reflect.NativeMethodAccessorImpl.invoke0(Native Method)
	at sun.reflect.NativeMethodAccessorImpl.invoke(NativeMethodAccessorImpl.java:62)
	at sun.reflect.DelegatingMethodAccessorImpl.invoke(DelegatingMethodAccessorImpl.java:43)
	at java.lang.reflect.Method.invoke(Method.java:498)
	at org.apache.maven.surefire.util.ReflectionUtils.invokeMethodWithArray(ReflectionUtils.java:164)
	at org.apache.maven.surefire.booter.ProviderFactory$ProviderProxy.invoke(ProviderFactory.java:110)
	at org.apache.maven.surefire.booter.SurefireStarter.invokeProvider(SurefireStarter.java:175)
	at org.apache.maven.surefire.booter.SurefireStarter.runSuitesInProcessWhenForked(SurefireStarter.java:107)
	at org.apache.maven.surefire.booter.ForkedBooter.main(ForkedBooter.java:68)
Caused by: Exception [EclipseLink-7060] (Eclipse Persistence Services - 2.5.2.v20140319-9ad6abd): org.eclipse.persistence.exceptions.ValidationException
Exception Description: Cannot acquire data source [java:app/APHP].
Internal Exception: javax.naming.NamingException: Lookup failed for &apos;java:app/APHP&apos; in SerialContext[myEnv={java.naming.factory.initial=com.sun.enterprise.naming.impl.SerialInitContextFactory, java.naming.factory.state=com.sun.corba.ee.impl.presentation.rmi.JNDIStateFactoryImpl, java.naming.factory.url.pkgs=com.sun.enterprise.naming} [Root exception is javax.naming.NamingException: Invocation exception: Got null ComponentInvocation ]
	at org.eclipse.persistence.exceptions.ValidationException.cannotAcquireDataSource(ValidationException.java:520)
	at org.eclipse.persistence.sessions.JNDIConnector.connect(JNDIConnector.java:109)
	at org.eclipse.persistence.sessions.DatasourceLogin.connectToDatasource(DatasourceLogin.java:162)
	at org.eclipse.persistence.internal.sessions.DatabaseSessionImpl.setOrDetectDatasource(DatabaseSessionImpl.java:204)
	at org.eclipse.persistence.internal.sessions.DatabaseSessionImpl.loginAndDetectDatasource(DatabaseSessionImpl.java:741)
	at org.eclipse.persistence.internal.jpa.EntityManagerFactoryProvider.login(EntityManagerFactoryProvider.java:239)
	at org.eclipse.persistence.internal.jpa.EntityManagerSetupImpl.deploy(EntityManagerSetupImpl.java:685)
	... 40 more
Caused by: javax.naming.NamingException: Lookup failed for &apos;java:app/APHP&apos; in SerialContext[myEnv={java.naming.factory.initial=com.sun.enterprise.naming.impl.SerialInitContextFactory, java.naming.factory.state=com.sun.corba.ee.impl.presentation.rmi.JNDIStateFactoryImpl, java.naming.factory.url.pkgs=com.sun.enterprise.naming} [Root exception is javax.naming.NamingException: Invocation exception: Got null ComponentInvocation ]
	at com.sun.enterprise.naming.impl.SerialContext.lookup(SerialContext.java:491)
	at com.sun.enterprise.naming.impl.SerialContext.lookup(SerialContext.java:438)
	at com.sun.enterprise.naming.impl.SerialContext.lookup(SerialContext.java:622)
	at javax.naming.InitialContext.lookup(InitialContext.java:421)
	at org.eclipse.persistence.sessions.JNDIConnector.connect(JNDIConnector.java:103)
	... 45 more
Caused by: javax.naming.NamingException: Invocation exception: Got null ComponentInvocation 
	at com.sun.enterprise.naming.impl.GlassfishNamingManagerImpl.getComponentId(GlassfishNamingManagerImpl.java:842)
	at com.sun.enterprise.naming.impl.GlassfishNamingManagerImpl.lookup(GlassfishNamingManagerImpl.java:714)
	at com.sun.enterprise.naming.impl.JavaURLContext.lookup(JavaURLContext.java:167)
	at com.sun.enterprise.naming.impl.SerialContext.lookup(SerialContext.java:471)
	... 49 more
</error>
    <system-out>[EL Info]: 2018-02-01 15:06:41.108--ServerSession(818785904)--EclipseLink, version: Eclipse Persistence Services - 2.5.2.v20140319-9ad6abd
[EL Severe]: ejb: 2018-02-01 15:06:41.116--ServerSession(818785904)--Exception [EclipseLink-7060] (Eclipse Persistence Services - 2.5.2.v20140319-9ad6abd): org.eclipse.persistence.exceptions.ValidationException
Exception Description: Cannot acquire data source [java:app/APHP].
Internal Exception: javax.naming.NamingException: Lookup failed for &apos;java:app/APHP&apos; in SerialContext[myEnv={java.naming.factory.initial=com.sun.enterprise.naming.impl.SerialInitContextFactory, java.naming.factory.state=com.sun.corba.ee.impl.presentation.rmi.JNDIStateFactoryImpl, java.naming.factory.url.pkgs=com.sun.enterprise.naming} [Root exception is javax.naming.NamingException: Invocation exception: Got null ComponentInvocation ]
</system-out>
  </testcase>
  <testcase classname="fr.devsquad.minutemed.database.JPADataManagerUnitTest" name="testCreateServiceNull" time="0.296">
    <error message="Exception [EclipseLink-7060] (Eclipse Persistence Services - 2.5.2.v20140319-9ad6abd): org.eclipse.persistence.exceptions.ValidationException
Exception Description: Cannot acquire data source [java:app/APHP].
Internal Exception: javax.naming.NamingException: Lookup failed for &apos;java:app/APHP&apos; in SerialContext[myEnv={java.naming.factory.initial=com.sun.enterprise.naming.impl.SerialInitContextFactory, java.naming.factory.state=com.sun.corba.ee.impl.presentation.rmi.JNDIStateFactoryImpl, java.naming.factory.url.pkgs=com.sun.enterprise.naming} [Root exception is javax.naming.NamingException: Invocation exception: Got null ComponentInvocation ]" type="javax.persistence.PersistenceException">javax.persistence.PersistenceException: Exception [EclipseLink-7060] (Eclipse Persistence Services - 2.5.2.v20140319-9ad6abd): org.eclipse.persistence.exceptions.ValidationException
Exception Description: Cannot acquire data source [java:app/APHP].
Internal Exception: javax.naming.NamingException: Lookup failed for &apos;java:app/APHP&apos; in SerialContext[myEnv={java.naming.factory.initial=com.sun.enterprise.naming.impl.SerialInitContextFactory, java.naming.factory.state=com.sun.corba.ee.impl.presentation.rmi.JNDIStateFactoryImpl, java.naming.factory.url.pkgs=com.sun.enterprise.naming} [Root exception is javax.naming.NamingException: Invocation exception: Got null ComponentInvocation ]
	at org.eclipse.persistence.internal.jpa.EntityManagerSetupImpl.deploy(EntityManagerSetupImpl.java:766)
	at org.eclipse.persistence.internal.jpa.EntityManagerFactoryDelegate.getAbstractSession(EntityManagerFactoryDelegate.java:204)
	at org.eclipse.persistence.internal.jpa.EntityManagerFactoryDelegate.getDatabaseSession(EntityManagerFactoryDelegate.java:182)
	at org.eclipse.persistence.internal.jpa.EntityManagerFactoryImpl.getDatabaseSession(EntityManagerFactoryImpl.java:527)
	at org.eclipse.persistence.jpa.PersistenceProvider.createEntityManagerFactoryImpl(PersistenceProvider.java:140)
	at org.eclipse.persistence.jpa.PersistenceProvider.createEntityManagerFactory(PersistenceProvider.java:177)
	at javax.persistence.Persistence.createEntityManagerFactory(Persistence.java:79)
	at javax.persistence.Persistence.createEntityManagerFactory(Persistence.java:54)
	at fr.devsquad.minutemed.database.JPADataManager.&lt;init&gt;(JPADataManager.java:41)
	at fr.devsquad.minutemed.database.JPADataManagerUnitTest.testCreateServiceNull(JPADataManagerUnitTest.java:307)
	at sun.reflect.NativeMethodAccessorImpl.invoke0(Native Method)
	at sun.reflect.NativeMethodAccessorImpl.invoke(NativeMethodAccessorImpl.java:62)
	at sun.reflect.DelegatingMethodAccessorImpl.invoke(DelegatingMethodAccessorImpl.java:43)
	at java.lang.reflect.Method.invoke(Method.java:498)
	at org.junit.runners.model.FrameworkMethod$1.runReflectiveCall(FrameworkMethod.java:50)
	at org.junit.internal.runners.model.ReflectiveCallable.run(ReflectiveCallable.java:12)
	at org.junit.runners.model.FrameworkMethod.invokeExplosively(FrameworkMethod.java:47)
	at org.junit.internal.runners.statements.InvokeMethod.evaluate(InvokeMethod.java:17)
	at org.junit.runners.ParentRunner.runLeaf(ParentRunner.java:325)
	at org.junit.runners.BlockJUnit4ClassRunner.runChild(BlockJUnit4ClassRunner.java:78)
	at org.junit.runners.BlockJUnit4ClassRunner.runChild(BlockJUnit4ClassRunner.java:57)
	at org.junit.runners.ParentRunner$3.run(ParentRunner.java:290)
	at org.junit.runners.ParentRunner$1.schedule(ParentRunner.java:71)
	at org.junit.runners.ParentRunner.runChildren(ParentRunner.java:288)
	at org.junit.runners.ParentRunner.access$000(ParentRunner.java:58)
	at org.junit.runners.ParentRunner$2.evaluate(ParentRunner.java:268)
	at org.junit.runners.ParentRunner.run(ParentRunner.java:363)
	at org.mockito.internal.runners.JUnit45AndHigherRunnerImpl.run(JUnit45AndHigherRunnerImpl.java:37)
	at org.mockito.runners.MockitoJUnitRunner.run(MockitoJUnitRunner.java:62)
	at org.apache.maven.surefire.junit4.JUnit4TestSet.execute(JUnit4TestSet.java:53)
	at org.apache.maven.surefire.junit4.JUnit4Provider.executeTestSet(JUnit4Provider.java:123)
	at org.apache.maven.surefire.junit4.JUnit4Provider.invoke(JUnit4Provider.java:104)
	at sun.reflect.NativeMethodAccessorImpl.invoke0(Native Method)
	at sun.reflect.NativeMethodAccessorImpl.invoke(NativeMethodAccessorImpl.java:62)
	at sun.reflect.DelegatingMethodAccessorImpl.invoke(DelegatingMethodAccessorImpl.java:43)
	at java.lang.reflect.Method.invoke(Method.java:498)
	at org.apache.maven.surefire.util.ReflectionUtils.invokeMethodWithArray(ReflectionUtils.java:164)
	at org.apache.maven.surefire.booter.ProviderFactory$ProviderProxy.invoke(ProviderFactory.java:110)
	at org.apache.maven.surefire.booter.SurefireStarter.invokeProvider(SurefireStarter.java:175)
	at org.apache.maven.surefire.booter.SurefireStarter.runSuitesInProcessWhenForked(SurefireStarter.java:107)
	at org.apache.maven.surefire.booter.ForkedBooter.main(ForkedBooter.java:68)
Caused by: Exception [EclipseLink-7060] (Eclipse Persistence Services - 2.5.2.v20140319-9ad6abd): org.eclipse.persistence.exceptions.ValidationException
Exception Description: Cannot acquire data source [java:app/APHP].
Internal Exception: javax.naming.NamingException: Lookup failed for &apos;java:app/APHP&apos; in SerialContext[myEnv={java.naming.factory.initial=com.sun.enterprise.naming.impl.SerialInitContextFactory, java.naming.factory.state=com.sun.corba.ee.impl.presentation.rmi.JNDIStateFactoryImpl, java.naming.factory.url.pkgs=com.sun.enterprise.naming} [Root exception is javax.naming.NamingException: Invocation exception: Got null ComponentInvocation ]
	at org.eclipse.persistence.exceptions.ValidationException.cannotAcquireDataSource(ValidationException.java:520)
	at org.eclipse.persistence.sessions.JNDIConnector.connect(JNDIConnector.java:109)
	at org.eclipse.persistence.sessions.DatasourceLogin.connectToDatasource(DatasourceLogin.java:162)
	at org.eclipse.persistence.internal.sessions.DatabaseSessionImpl.setOrDetectDatasource(DatabaseSessionImpl.java:204)
	at org.eclipse.persistence.internal.sessions.DatabaseSessionImpl.loginAndDetectDatasource(DatabaseSessionImpl.java:741)
	at org.eclipse.persistence.internal.jpa.EntityManagerFactoryProvider.login(EntityManagerFactoryProvider.java:239)
	at org.eclipse.persistence.internal.jpa.EntityManagerSetupImpl.deploy(EntityManagerSetupImpl.java:685)
	... 40 more
Caused by: javax.naming.NamingException: Lookup failed for &apos;java:app/APHP&apos; in SerialContext[myEnv={java.naming.factory.initial=com.sun.enterprise.naming.impl.SerialInitContextFactory, java.naming.factory.state=com.sun.corba.ee.impl.presentation.rmi.JNDIStateFactoryImpl, java.naming.factory.url.pkgs=com.sun.enterprise.naming} [Root exception is javax.naming.NamingException: Invocation exception: Got null ComponentInvocation ]
	at com.sun.enterprise.naming.impl.SerialContext.lookup(SerialContext.java:491)
	at com.sun.enterprise.naming.impl.SerialContext.lookup(SerialContext.java:438)
	at com.sun.enterprise.naming.impl.SerialContext.lookup(SerialContext.java:622)
	at javax.naming.InitialContext.lookup(InitialContext.java:421)
	at org.eclipse.persistence.sessions.JNDIConnector.connect(JNDIConnector.java:103)
	... 45 more
Caused by: javax.naming.NamingException: Invocation exception: Got null ComponentInvocation 
	at com.sun.enterprise.naming.impl.GlassfishNamingManagerImpl.getComponentId(GlassfishNamingManagerImpl.java:842)
	at com.sun.enterprise.naming.impl.GlassfishNamingManagerImpl.lookup(GlassfishNamingManagerImpl.java:714)
	at com.sun.enterprise.naming.impl.JavaURLContext.lookup(JavaURLContext.java:167)
	at com.sun.enterprise.naming.impl.SerialContext.lookup(SerialContext.java:471)
	... 49 more
</error>
    <system-out>[EL Info]: 2018-02-01 15:06:41.4--ServerSession(2112135199)--EclipseLink, version: Eclipse Persistence Services - 2.5.2.v20140319-9ad6abd
[EL Severe]: ejb: 2018-02-01 15:06:41.408--ServerSession(2112135199)--Exception [EclipseLink-7060] (Eclipse Persistence Services - 2.5.2.v20140319-9ad6abd): org.eclipse.persistence.exceptions.ValidationException
Exception Description: Cannot acquire data source [java:app/APHP].
Internal Exception: javax.naming.NamingException: Lookup failed for &apos;java:app/APHP&apos; in SerialContext[myEnv={java.naming.factory.initial=com.sun.enterprise.naming.impl.SerialInitContextFactory, java.naming.factory.state=com.sun.corba.ee.impl.presentation.rmi.JNDIStateFactoryImpl, java.naming.factory.url.pkgs=com.sun.enterprise.naming} [Root exception is javax.naming.NamingException: Invocation exception: Got null ComponentInvocation ]
</system-out>
  </testcase>
  <testcase classname="fr.devsquad.minutemed.database.JPADataManagerUnitTest" name="testGetDoctor" time="0.316">
    <error message="Exception [EclipseLink-7060] (Eclipse Persistence Services - 2.5.2.v20140319-9ad6abd): org.eclipse.persistence.exceptions.ValidationException
Exception Description: Cannot acquire data source [java:app/APHP].
Internal Exception: javax.naming.NamingException: Lookup failed for &apos;java:app/APHP&apos; in SerialContext[myEnv={java.naming.factory.initial=com.sun.enterprise.naming.impl.SerialInitContextFactory, java.naming.factory.state=com.sun.corba.ee.impl.presentation.rmi.JNDIStateFactoryImpl, java.naming.factory.url.pkgs=com.sun.enterprise.naming} [Root exception is javax.naming.NamingException: Invocation exception: Got null ComponentInvocation ]" type="javax.persistence.PersistenceException">javax.persistence.PersistenceException: Exception [EclipseLink-7060] (Eclipse Persistence Services - 2.5.2.v20140319-9ad6abd): org.eclipse.persistence.exceptions.ValidationException
Exception Description: Cannot acquire data source [java:app/APHP].
Internal Exception: javax.naming.NamingException: Lookup failed for &apos;java:app/APHP&apos; in SerialContext[myEnv={java.naming.factory.initial=com.sun.enterprise.naming.impl.SerialInitContextFactory, java.naming.factory.state=com.sun.corba.ee.impl.presentation.rmi.JNDIStateFactoryImpl, java.naming.factory.url.pkgs=com.sun.enterprise.naming} [Root exception is javax.naming.NamingException: Invocation exception: Got null ComponentInvocation ]
	at org.eclipse.persistence.internal.jpa.EntityManagerSetupImpl.deploy(EntityManagerSetupImpl.java:766)
	at org.eclipse.persistence.internal.jpa.EntityManagerFactoryDelegate.getAbstractSession(EntityManagerFactoryDelegate.java:204)
	at org.eclipse.persistence.internal.jpa.EntityManagerFactoryDelegate.getDatabaseSession(EntityManagerFactoryDelegate.java:182)
	at org.eclipse.persistence.internal.jpa.EntityManagerFactoryImpl.getDatabaseSession(EntityManagerFactoryImpl.java:527)
	at org.eclipse.persistence.jpa.PersistenceProvider.createEntityManagerFactoryImpl(PersistenceProvider.java:140)
	at org.eclipse.persistence.jpa.PersistenceProvider.createEntityManagerFactory(PersistenceProvider.java:177)
	at javax.persistence.Persistence.createEntityManagerFactory(Persistence.java:79)
	at javax.persistence.Persistence.createEntityManagerFactory(Persistence.java:54)
	at fr.devsquad.minutemed.database.JPADataManager.&lt;init&gt;(JPADataManager.java:41)
	at fr.devsquad.minutemed.database.JPADataManagerUnitTest.testGetDoctor(JPADataManagerUnitTest.java:784)
	at sun.reflect.NativeMethodAccessorImpl.invoke0(Native Method)
	at sun.reflect.NativeMethodAccessorImpl.invoke(NativeMethodAccessorImpl.java:62)
	at sun.reflect.DelegatingMethodAccessorImpl.invoke(DelegatingMethodAccessorImpl.java:43)
	at java.lang.reflect.Method.invoke(Method.java:498)
	at org.junit.runners.model.FrameworkMethod$1.runReflectiveCall(FrameworkMethod.java:50)
	at org.junit.internal.runners.model.ReflectiveCallable.run(ReflectiveCallable.java:12)
	at org.junit.runners.model.FrameworkMethod.invokeExplosively(FrameworkMethod.java:47)
	at org.junit.internal.runners.statements.InvokeMethod.evaluate(InvokeMethod.java:17)
	at org.junit.runners.ParentRunner.runLeaf(ParentRunner.java:325)
	at org.junit.runners.BlockJUnit4ClassRunner.runChild(BlockJUnit4ClassRunner.java:78)
	at org.junit.runners.BlockJUnit4ClassRunner.runChild(BlockJUnit4ClassRunner.java:57)
	at org.junit.runners.ParentRunner$3.run(ParentRunner.java:290)
	at org.junit.runners.ParentRunner$1.schedule(ParentRunner.java:71)
	at org.junit.runners.ParentRunner.runChildren(ParentRunner.java:288)
	at org.junit.runners.ParentRunner.access$000(ParentRunner.java:58)
	at org.junit.runners.ParentRunner$2.evaluate(ParentRunner.java:268)
	at org.junit.runners.ParentRunner.run(ParentRunner.java:363)
	at org.mockito.internal.runners.JUnit45AndHigherRunnerImpl.run(JUnit45AndHigherRunnerImpl.java:37)
	at org.mockito.runners.MockitoJUnitRunner.run(MockitoJUnitRunner.java:62)
	at org.apache.maven.surefire.junit4.JUnit4TestSet.execute(JUnit4TestSet.java:53)
	at org.apache.maven.surefire.junit4.JUnit4Provider.executeTestSet(JUnit4Provider.java:123)
	at org.apache.maven.surefire.junit4.JUnit4Provider.invoke(JUnit4Provider.java:104)
	at sun.reflect.NativeMethodAccessorImpl.invoke0(Native Method)
	at sun.reflect.NativeMethodAccessorImpl.invoke(NativeMethodAccessorImpl.java:62)
	at sun.reflect.DelegatingMethodAccessorImpl.invoke(DelegatingMethodAccessorImpl.java:43)
	at java.lang.reflect.Method.invoke(Method.java:498)
	at org.apache.maven.surefire.util.ReflectionUtils.invokeMethodWithArray(ReflectionUtils.java:164)
	at org.apache.maven.surefire.booter.ProviderFactory$ProviderProxy.invoke(ProviderFactory.java:110)
	at org.apache.maven.surefire.booter.SurefireStarter.invokeProvider(SurefireStarter.java:175)
	at org.apache.maven.surefire.booter.SurefireStarter.runSuitesInProcessWhenForked(SurefireStarter.java:107)
	at org.apache.maven.surefire.booter.ForkedBooter.main(ForkedBooter.java:68)
Caused by: Exception [EclipseLink-7060] (Eclipse Persistence Services - 2.5.2.v20140319-9ad6abd): org.eclipse.persistence.exceptions.ValidationException
Exception Description: Cannot acquire data source [java:app/APHP].
Internal Exception: javax.naming.NamingException: Lookup failed for &apos;java:app/APHP&apos; in SerialContext[myEnv={java.naming.factory.initial=com.sun.enterprise.naming.impl.SerialInitContextFactory, java.naming.factory.state=com.sun.corba.ee.impl.presentation.rmi.JNDIStateFactoryImpl, java.naming.factory.url.pkgs=com.sun.enterprise.naming} [Root exception is javax.naming.NamingException: Invocation exception: Got null ComponentInvocation ]
	at org.eclipse.persistence.exceptions.ValidationException.cannotAcquireDataSource(ValidationException.java:520)
	at org.eclipse.persistence.sessions.JNDIConnector.connect(JNDIConnector.java:109)
	at org.eclipse.persistence.sessions.DatasourceLogin.connectToDatasource(DatasourceLogin.java:162)
	at org.eclipse.persistence.internal.sessions.DatabaseSessionImpl.setOrDetectDatasource(DatabaseSessionImpl.java:204)
	at org.eclipse.persistence.internal.sessions.DatabaseSessionImpl.loginAndDetectDatasource(DatabaseSessionImpl.java:741)
	at org.eclipse.persistence.internal.jpa.EntityManagerFactoryProvider.login(EntityManagerFactoryProvider.java:239)
	at org.eclipse.persistence.internal.jpa.EntityManagerSetupImpl.deploy(EntityManagerSetupImpl.java:685)
	... 40 more
Caused by: javax.naming.NamingException: Lookup failed for &apos;java:app/APHP&apos; in SerialContext[myEnv={java.naming.factory.initial=com.sun.enterprise.naming.impl.SerialInitContextFactory, java.naming.factory.state=com.sun.corba.ee.impl.presentation.rmi.JNDIStateFactoryImpl, java.naming.factory.url.pkgs=com.sun.enterprise.naming} [Root exception is javax.naming.NamingException: Invocation exception: Got null ComponentInvocation ]
	at com.sun.enterprise.naming.impl.SerialContext.lookup(SerialContext.java:491)
	at com.sun.enterprise.naming.impl.SerialContext.lookup(SerialContext.java:438)
	at com.sun.enterprise.naming.impl.SerialContext.lookup(SerialContext.java:622)
	at javax.naming.InitialContext.lookup(InitialContext.java:421)
	at org.eclipse.persistence.sessions.JNDIConnector.connect(JNDIConnector.java:103)
	... 45 more
Caused by: javax.naming.NamingException: Invocation exception: Got null ComponentInvocation 
	at com.sun.enterprise.naming.impl.GlassfishNamingManagerImpl.getComponentId(GlassfishNamingManagerImpl.java:842)
	at com.sun.enterprise.naming.impl.GlassfishNamingManagerImpl.lookup(GlassfishNamingManagerImpl.java:714)
	at com.sun.enterprise.naming.impl.JavaURLContext.lookup(JavaURLContext.java:167)
	at com.sun.enterprise.naming.impl.SerialContext.lookup(SerialContext.java:471)
	... 49 more
</error>
    <system-out>[EL Info]: 2018-02-01 15:06:41.716--ServerSession(1046056441)--EclipseLink, version: Eclipse Persistence Services - 2.5.2.v20140319-9ad6abd
[EL Severe]: ejb: 2018-02-01 15:06:41.728--ServerSession(1046056441)--Exception [EclipseLink-7060] (Eclipse Persistence Services - 2.5.2.v20140319-9ad6abd): org.eclipse.persistence.exceptions.ValidationException
Exception Description: Cannot acquire data source [java:app/APHP].
Internal Exception: javax.naming.NamingException: Lookup failed for &apos;java:app/APHP&apos; in SerialContext[myEnv={java.naming.factory.initial=com.sun.enterprise.naming.impl.SerialInitContextFactory, java.naming.factory.state=com.sun.corba.ee.impl.presentation.rmi.JNDIStateFactoryImpl, java.naming.factory.url.pkgs=com.sun.enterprise.naming} [Root exception is javax.naming.NamingException: Invocation exception: Got null ComponentInvocation ]
</system-out>
  </testcase>
  <testcase classname="fr.devsquad.minutemed.database.JPADataManagerUnitTest" name="testGetHospital" time="0.364">
    <error message="Exception [EclipseLink-7060] (Eclipse Persistence Services - 2.5.2.v20140319-9ad6abd): org.eclipse.persistence.exceptions.ValidationException
Exception Description: Cannot acquire data source [java:app/APHP].
Internal Exception: javax.naming.NamingException: Lookup failed for &apos;java:app/APHP&apos; in SerialContext[myEnv={java.naming.factory.initial=com.sun.enterprise.naming.impl.SerialInitContextFactory, java.naming.factory.state=com.sun.corba.ee.impl.presentation.rmi.JNDIStateFactoryImpl, java.naming.factory.url.pkgs=com.sun.enterprise.naming} [Root exception is javax.naming.NamingException: Invocation exception: Got null ComponentInvocation ]" type="javax.persistence.PersistenceException">javax.persistence.PersistenceException: Exception [EclipseLink-7060] (Eclipse Persistence Services - 2.5.2.v20140319-9ad6abd): org.eclipse.persistence.exceptions.ValidationException
Exception Description: Cannot acquire data source [java:app/APHP].
Internal Exception: javax.naming.NamingException: Lookup failed for &apos;java:app/APHP&apos; in SerialContext[myEnv={java.naming.factory.initial=com.sun.enterprise.naming.impl.SerialInitContextFactory, java.naming.factory.state=com.sun.corba.ee.impl.presentation.rmi.JNDIStateFactoryImpl, java.naming.factory.url.pkgs=com.sun.enterprise.naming} [Root exception is javax.naming.NamingException: Invocation exception: Got null ComponentInvocation ]
	at org.eclipse.persistence.internal.jpa.EntityManagerSetupImpl.deploy(EntityManagerSetupImpl.java:766)
	at org.eclipse.persistence.internal.jpa.EntityManagerFactoryDelegate.getAbstractSession(EntityManagerFactoryDelegate.java:204)
	at org.eclipse.persistence.internal.jpa.EntityManagerFactoryDelegate.getDatabaseSession(EntityManagerFactoryDelegate.java:182)
	at org.eclipse.persistence.internal.jpa.EntityManagerFactoryImpl.getDatabaseSession(EntityManagerFactoryImpl.java:527)
	at org.eclipse.persistence.jpa.PersistenceProvider.createEntityManagerFactoryImpl(PersistenceProvider.java:140)
	at org.eclipse.persistence.jpa.PersistenceProvider.createEntityManagerFactory(PersistenceProvider.java:177)
	at javax.persistence.Persistence.createEntityManagerFactory(Persistence.java:79)
	at javax.persistence.Persistence.createEntityManagerFactory(Persistence.java:54)
	at fr.devsquad.minutemed.database.JPADataManager.&lt;init&gt;(JPADataManager.java:41)
	at fr.devsquad.minutemed.database.JPADataManagerUnitTest.testGetHospital(JPADataManagerUnitTest.java:156)
	at sun.reflect.NativeMethodAccessorImpl.invoke0(Native Method)
	at sun.reflect.NativeMethodAccessorImpl.invoke(NativeMethodAccessorImpl.java:62)
	at sun.reflect.DelegatingMethodAccessorImpl.invoke(DelegatingMethodAccessorImpl.java:43)
	at java.lang.reflect.Method.invoke(Method.java:498)
	at org.junit.runners.model.FrameworkMethod$1.runReflectiveCall(FrameworkMethod.java:50)
	at org.junit.internal.runners.model.ReflectiveCallable.run(ReflectiveCallable.java:12)
	at org.junit.runners.model.FrameworkMethod.invokeExplosively(FrameworkMethod.java:47)
	at org.junit.internal.runners.statements.InvokeMethod.evaluate(InvokeMethod.java:17)
	at org.junit.runners.ParentRunner.runLeaf(ParentRunner.java:325)
	at org.junit.runners.BlockJUnit4ClassRunner.runChild(BlockJUnit4ClassRunner.java:78)
	at org.junit.runners.BlockJUnit4ClassRunner.runChild(BlockJUnit4ClassRunner.java:57)
	at org.junit.runners.ParentRunner$3.run(ParentRunner.java:290)
	at org.junit.runners.ParentRunner$1.schedule(ParentRunner.java:71)
	at org.junit.runners.ParentRunner.runChildren(ParentRunner.java:288)
	at org.junit.runners.ParentRunner.access$000(ParentRunner.java:58)
	at org.junit.runners.ParentRunner$2.evaluate(ParentRunner.java:268)
	at org.junit.runners.ParentRunner.run(ParentRunner.java:363)
	at org.mockito.internal.runners.JUnit45AndHigherRunnerImpl.run(JUnit45AndHigherRunnerImpl.java:37)
	at org.mockito.runners.MockitoJUnitRunner.run(MockitoJUnitRunner.java:62)
	at org.apache.maven.surefire.junit4.JUnit4TestSet.execute(JUnit4TestSet.java:53)
	at org.apache.maven.surefire.junit4.JUnit4Provider.executeTestSet(JUnit4Provider.java:123)
	at org.apache.maven.surefire.junit4.JUnit4Provider.invoke(JUnit4Provider.java:104)
	at sun.reflect.NativeMethodAccessorImpl.invoke0(Native Method)
	at sun.reflect.NativeMethodAccessorImpl.invoke(NativeMethodAccessorImpl.java:62)
	at sun.reflect.DelegatingMethodAccessorImpl.invoke(DelegatingMethodAccessorImpl.java:43)
	at java.lang.reflect.Method.invoke(Method.java:498)
	at org.apache.maven.surefire.util.ReflectionUtils.invokeMethodWithArray(ReflectionUtils.java:164)
	at org.apache.maven.surefire.booter.ProviderFactory$ProviderProxy.invoke(ProviderFactory.java:110)
	at org.apache.maven.surefire.booter.SurefireStarter.invokeProvider(SurefireStarter.java:175)
	at org.apache.maven.surefire.booter.SurefireStarter.runSuitesInProcessWhenForked(SurefireStarter.java:107)
	at org.apache.maven.surefire.booter.ForkedBooter.main(ForkedBooter.java:68)
Caused by: Exception [EclipseLink-7060] (Eclipse Persistence Services - 2.5.2.v20140319-9ad6abd): org.eclipse.persistence.exceptions.ValidationException
Exception Description: Cannot acquire data source [java:app/APHP].
Internal Exception: javax.naming.NamingException: Lookup failed for &apos;java:app/APHP&apos; in SerialContext[myEnv={java.naming.factory.initial=com.sun.enterprise.naming.impl.SerialInitContextFactory, java.naming.factory.state=com.sun.corba.ee.impl.presentation.rmi.JNDIStateFactoryImpl, java.naming.factory.url.pkgs=com.sun.enterprise.naming} [Root exception is javax.naming.NamingException: Invocation exception: Got null ComponentInvocation ]
	at org.eclipse.persistence.exceptions.ValidationException.cannotAcquireDataSource(ValidationException.java:520)
	at org.eclipse.persistence.sessions.JNDIConnector.connect(JNDIConnector.java:109)
	at org.eclipse.persistence.sessions.DatasourceLogin.connectToDatasource(DatasourceLogin.java:162)
	at org.eclipse.persistence.internal.sessions.DatabaseSessionImpl.setOrDetectDatasource(DatabaseSessionImpl.java:204)
	at org.eclipse.persistence.internal.sessions.DatabaseSessionImpl.loginAndDetectDatasource(DatabaseSessionImpl.java:741)
	at org.eclipse.persistence.internal.jpa.EntityManagerFactoryProvider.login(EntityManagerFactoryProvider.java:239)
	at org.eclipse.persistence.internal.jpa.EntityManagerSetupImpl.deploy(EntityManagerSetupImpl.java:685)
	... 40 more
Caused by: javax.naming.NamingException: Lookup failed for &apos;java:app/APHP&apos; in SerialContext[myEnv={java.naming.factory.initial=com.sun.enterprise.naming.impl.SerialInitContextFactory, java.naming.factory.state=com.sun.corba.ee.impl.presentation.rmi.JNDIStateFactoryImpl, java.naming.factory.url.pkgs=com.sun.enterprise.naming} [Root exception is javax.naming.NamingException: Invocation exception: Got null ComponentInvocation ]
	at com.sun.enterprise.naming.impl.SerialContext.lookup(SerialContext.java:491)
	at com.sun.enterprise.naming.impl.SerialContext.lookup(SerialContext.java:438)
	at com.sun.enterprise.naming.impl.SerialContext.lookup(SerialContext.java:622)
	at javax.naming.InitialContext.lookup(InitialContext.java:421)
	at org.eclipse.persistence.sessions.JNDIConnector.connect(JNDIConnector.java:103)
	... 45 more
Caused by: javax.naming.NamingException: Invocation exception: Got null ComponentInvocation 
	at com.sun.enterprise.naming.impl.GlassfishNamingManagerImpl.getComponentId(GlassfishNamingManagerImpl.java:842)
	at com.sun.enterprise.naming.impl.GlassfishNamingManagerImpl.lookup(GlassfishNamingManagerImpl.java:714)
	at com.sun.enterprise.naming.impl.JavaURLContext.lookup(JavaURLContext.java:167)
	at com.sun.enterprise.naming.impl.SerialContext.lookup(SerialContext.java:471)
	... 49 more
</error>
    <system-out>[EL Info]: 2018-02-01 15:06:42.092--ServerSession(1492822331)--EclipseLink, version: Eclipse Persistence Services - 2.5.2.v20140319-9ad6abd
[EL Severe]: ejb: 2018-02-01 15:06:42.096--ServerSession(1492822331)--Exception [EclipseLink-7060] (Eclipse Persistence Services - 2.5.2.v20140319-9ad6abd): org.eclipse.persistence.exceptions.ValidationException
Exception Description: Cannot acquire data source [java:app/APHP].
Internal Exception: javax.naming.NamingException: Lookup failed for &apos;java:app/APHP&apos; in SerialContext[myEnv={java.naming.factory.initial=com.sun.enterprise.naming.impl.SerialInitContextFactory, java.naming.factory.state=com.sun.corba.ee.impl.presentation.rmi.JNDIStateFactoryImpl, java.naming.factory.url.pkgs=com.sun.enterprise.naming} [Root exception is javax.naming.NamingException: Invocation exception: Got null ComponentInvocation ]
</system-out>
  </testcase>
  <testcase classname="fr.devsquad.minutemed.database.JPADataManagerUnitTest" name="testGetCareUnit" time="0.288">
    <error message="Exception [EclipseLink-7060] (Eclipse Persistence Services - 2.5.2.v20140319-9ad6abd): org.eclipse.persistence.exceptions.ValidationException
Exception Description: Cannot acquire data source [java:app/APHP].
Internal Exception: javax.naming.NamingException: Lookup failed for &apos;java:app/APHP&apos; in SerialContext[myEnv={java.naming.factory.initial=com.sun.enterprise.naming.impl.SerialInitContextFactory, java.naming.factory.state=com.sun.corba.ee.impl.presentation.rmi.JNDIStateFactoryImpl, java.naming.factory.url.pkgs=com.sun.enterprise.naming} [Root exception is javax.naming.NamingException: Invocation exception: Got null ComponentInvocation ]" type="javax.persistence.PersistenceException">javax.persistence.PersistenceException: Exception [EclipseLink-7060] (Eclipse Persistence Services - 2.5.2.v20140319-9ad6abd): org.eclipse.persistence.exceptions.ValidationException
Exception Description: Cannot acquire data source [java:app/APHP].
Internal Exception: javax.naming.NamingException: Lookup failed for &apos;java:app/APHP&apos; in SerialContext[myEnv={java.naming.factory.initial=com.sun.enterprise.naming.impl.SerialInitContextFactory, java.naming.factory.state=com.sun.corba.ee.impl.presentation.rmi.JNDIStateFactoryImpl, java.naming.factory.url.pkgs=com.sun.enterprise.naming} [Root exception is javax.naming.NamingException: Invocation exception: Got null ComponentInvocation ]
	at org.eclipse.persistence.internal.jpa.EntityManagerSetupImpl.deploy(EntityManagerSetupImpl.java:766)
	at org.eclipse.persistence.internal.jpa.EntityManagerFactoryDelegate.getAbstractSession(EntityManagerFactoryDelegate.java:204)
	at org.eclipse.persistence.internal.jpa.EntityManagerFactoryDelegate.getDatabaseSession(EntityManagerFactoryDelegate.java:182)
	at org.eclipse.persistence.internal.jpa.EntityManagerFactoryImpl.getDatabaseSession(EntityManagerFactoryImpl.java:527)
	at org.eclipse.persistence.jpa.PersistenceProvider.createEntityManagerFactoryImpl(PersistenceProvider.java:140)
	at org.eclipse.persistence.jpa.PersistenceProvider.createEntityManagerFactory(PersistenceProvider.java:177)
	at javax.persistence.Persistence.createEntityManagerFactory(Persistence.java:79)
	at javax.persistence.Persistence.createEntityManagerFactory(Persistence.java:54)
	at fr.devsquad.minutemed.database.JPADataManager.&lt;init&gt;(JPADataManager.java:41)
	at fr.devsquad.minutemed.database.JPADataManagerUnitTest.testGetCareUnit(JPADataManagerUnitTest.java:634)
	at sun.reflect.NativeMethodAccessorImpl.invoke0(Native Method)
	at sun.reflect.NativeMethodAccessorImpl.invoke(NativeMethodAccessorImpl.java:62)
	at sun.reflect.DelegatingMethodAccessorImpl.invoke(DelegatingMethodAccessorImpl.java:43)
	at java.lang.reflect.Method.invoke(Method.java:498)
	at org.junit.runners.model.FrameworkMethod$1.runReflectiveCall(FrameworkMethod.java:50)
	at org.junit.internal.runners.model.ReflectiveCallable.run(ReflectiveCallable.java:12)
	at org.junit.runners.model.FrameworkMethod.invokeExplosively(FrameworkMethod.java:47)
	at org.junit.internal.runners.statements.InvokeMethod.evaluate(InvokeMethod.java:17)
	at org.junit.runners.ParentRunner.runLeaf(ParentRunner.java:325)
	at org.junit.runners.BlockJUnit4ClassRunner.runChild(BlockJUnit4ClassRunner.java:78)
	at org.junit.runners.BlockJUnit4ClassRunner.runChild(BlockJUnit4ClassRunner.java:57)
	at org.junit.runners.ParentRunner$3.run(ParentRunner.java:290)
	at org.junit.runners.ParentRunner$1.schedule(ParentRunner.java:71)
	at org.junit.runners.ParentRunner.runChildren(ParentRunner.java:288)
	at org.junit.runners.ParentRunner.access$000(ParentRunner.java:58)
	at org.junit.runners.ParentRunner$2.evaluate(ParentRunner.java:268)
	at org.junit.runners.ParentRunner.run(ParentRunner.java:363)
	at org.mockito.internal.runners.JUnit45AndHigherRunnerImpl.run(JUnit45AndHigherRunnerImpl.java:37)
	at org.mockito.runners.MockitoJUnitRunner.run(MockitoJUnitRunner.java:62)
	at org.apache.maven.surefire.junit4.JUnit4TestSet.execute(JUnit4TestSet.java:53)
	at org.apache.maven.surefire.junit4.JUnit4Provider.executeTestSet(JUnit4Provider.java:123)
	at org.apache.maven.surefire.junit4.JUnit4Provider.invoke(JUnit4Provider.java:104)
	at sun.reflect.NativeMethodAccessorImpl.invoke0(Native Method)
	at sun.reflect.NativeMethodAccessorImpl.invoke(NativeMethodAccessorImpl.java:62)
	at sun.reflect.DelegatingMethodAccessorImpl.invoke(DelegatingMethodAccessorImpl.java:43)
	at java.lang.reflect.Method.invoke(Method.java:498)
	at org.apache.maven.surefire.util.ReflectionUtils.invokeMethodWithArray(ReflectionUtils.java:164)
	at org.apache.maven.surefire.booter.ProviderFactory$ProviderProxy.invoke(ProviderFactory.java:110)
	at org.apache.maven.surefire.booter.SurefireStarter.invokeProvider(SurefireStarter.java:175)
	at org.apache.maven.surefire.booter.SurefireStarter.runSuitesInProcessWhenForked(SurefireStarter.java:107)
	at org.apache.maven.surefire.booter.ForkedBooter.main(ForkedBooter.java:68)
Caused by: Exception [EclipseLink-7060] (Eclipse Persistence Services - 2.5.2.v20140319-9ad6abd): org.eclipse.persistence.exceptions.ValidationException
Exception Description: Cannot acquire data source [java:app/APHP].
Internal Exception: javax.naming.NamingException: Lookup failed for &apos;java:app/APHP&apos; in SerialContext[myEnv={java.naming.factory.initial=com.sun.enterprise.naming.impl.SerialInitContextFactory, java.naming.factory.state=com.sun.corba.ee.impl.presentation.rmi.JNDIStateFactoryImpl, java.naming.factory.url.pkgs=com.sun.enterprise.naming} [Root exception is javax.naming.NamingException: Invocation exception: Got null ComponentInvocation ]
	at org.eclipse.persistence.exceptions.ValidationException.cannotAcquireDataSource(ValidationException.java:520)
	at org.eclipse.persistence.sessions.JNDIConnector.connect(JNDIConnector.java:109)
	at org.eclipse.persistence.sessions.DatasourceLogin.connectToDatasource(DatasourceLogin.java:162)
	at org.eclipse.persistence.internal.sessions.DatabaseSessionImpl.setOrDetectDatasource(DatabaseSessionImpl.java:204)
	at org.eclipse.persistence.internal.sessions.DatabaseSessionImpl.loginAndDetectDatasource(DatabaseSessionImpl.java:741)
	at org.eclipse.persistence.internal.jpa.EntityManagerFactoryProvider.login(EntityManagerFactoryProvider.java:239)
	at org.eclipse.persistence.internal.jpa.EntityManagerSetupImpl.deploy(EntityManagerSetupImpl.java:685)
	... 40 more
Caused by: javax.naming.NamingException: Lookup failed for &apos;java:app/APHP&apos; in SerialContext[myEnv={java.naming.factory.initial=com.sun.enterprise.naming.impl.SerialInitContextFactory, java.naming.factory.state=com.sun.corba.ee.impl.presentation.rmi.JNDIStateFactoryImpl, java.naming.factory.url.pkgs=com.sun.enterprise.naming} [Root exception is javax.naming.NamingException: Invocation exception: Got null ComponentInvocation ]
	at com.sun.enterprise.naming.impl.SerialContext.lookup(SerialContext.java:491)
	at com.sun.enterprise.naming.impl.SerialContext.lookup(SerialContext.java:438)
	at com.sun.enterprise.naming.impl.SerialContext.lookup(SerialContext.java:622)
	at javax.naming.InitialContext.lookup(InitialContext.java:421)
	at org.eclipse.persistence.sessions.JNDIConnector.connect(JNDIConnector.java:103)
	... 45 more
Caused by: javax.naming.NamingException: Invocation exception: Got null ComponentInvocation 
	at com.sun.enterprise.naming.impl.GlassfishNamingManagerImpl.getComponentId(GlassfishNamingManagerImpl.java:842)
	at com.sun.enterprise.naming.impl.GlassfishNamingManagerImpl.lookup(GlassfishNamingManagerImpl.java:714)
	at com.sun.enterprise.naming.impl.JavaURLContext.lookup(JavaURLContext.java:167)
	at com.sun.enterprise.naming.impl.SerialContext.lookup(SerialContext.java:471)
	... 49 more
</error>
    <system-out>[EL Info]: 2018-02-01 15:06:42.38--ServerSession(2026371507)--EclipseLink, version: Eclipse Persistence Services - 2.5.2.v20140319-9ad6abd
[EL Severe]: ejb: 2018-02-01 15:06:42.384--ServerSession(2026371507)--Exception [EclipseLink-7060] (Eclipse Persistence Services - 2.5.2.v20140319-9ad6abd): org.eclipse.persistence.exceptions.ValidationException
Exception Description: Cannot acquire data source [java:app/APHP].
Internal Exception: javax.naming.NamingException: Lookup failed for &apos;java:app/APHP&apos; in SerialContext[myEnv={java.naming.factory.initial=com.sun.enterprise.naming.impl.SerialInitContextFactory, java.naming.factory.state=com.sun.corba.ee.impl.presentation.rmi.JNDIStateFactoryImpl, java.naming.factory.url.pkgs=com.sun.enterprise.naming} [Root exception is javax.naming.NamingException: Invocation exception: Got null ComponentInvocation ]
</system-out>
  </testcase>
  <testcase classname="fr.devsquad.minutemed.database.JPADataManagerUnitTest" name="testGetAllHospitals" time="0.248">
    <error message="Exception [EclipseLink-7060] (Eclipse Persistence Services - 2.5.2.v20140319-9ad6abd): org.eclipse.persistence.exceptions.ValidationException
Exception Description: Cannot acquire data source [java:app/APHP].
Internal Exception: javax.naming.NamingException: Lookup failed for &apos;java:app/APHP&apos; in SerialContext[myEnv={java.naming.factory.initial=com.sun.enterprise.naming.impl.SerialInitContextFactory, java.naming.factory.state=com.sun.corba.ee.impl.presentation.rmi.JNDIStateFactoryImpl, java.naming.factory.url.pkgs=com.sun.enterprise.naming} [Root exception is javax.naming.NamingException: Invocation exception: Got null ComponentInvocation ]" type="javax.persistence.PersistenceException">javax.persistence.PersistenceException: Exception [EclipseLink-7060] (Eclipse Persistence Services - 2.5.2.v20140319-9ad6abd): org.eclipse.persistence.exceptions.ValidationException
Exception Description: Cannot acquire data source [java:app/APHP].
Internal Exception: javax.naming.NamingException: Lookup failed for &apos;java:app/APHP&apos; in SerialContext[myEnv={java.naming.factory.initial=com.sun.enterprise.naming.impl.SerialInitContextFactory, java.naming.factory.state=com.sun.corba.ee.impl.presentation.rmi.JNDIStateFactoryImpl, java.naming.factory.url.pkgs=com.sun.enterprise.naming} [Root exception is javax.naming.NamingException: Invocation exception: Got null ComponentInvocation ]
	at org.eclipse.persistence.internal.jpa.EntityManagerSetupImpl.deploy(EntityManagerSetupImpl.java:766)
	at org.eclipse.persistence.internal.jpa.EntityManagerFactoryDelegate.getAbstractSession(EntityManagerFactoryDelegate.java:204)
	at org.eclipse.persistence.internal.jpa.EntityManagerFactoryDelegate.getDatabaseSession(EntityManagerFactoryDelegate.java:182)
	at org.eclipse.persistence.internal.jpa.EntityManagerFactoryImpl.getDatabaseSession(EntityManagerFactoryImpl.java:527)
	at org.eclipse.persistence.jpa.PersistenceProvider.createEntityManagerFactoryImpl(PersistenceProvider.java:140)
	at org.eclipse.persistence.jpa.PersistenceProvider.createEntityManagerFactory(PersistenceProvider.java:177)
	at javax.persistence.Persistence.createEntityManagerFactory(Persistence.java:79)
	at javax.persistence.Persistence.createEntityManagerFactory(Persistence.java:54)
	at fr.devsquad.minutemed.database.JPADataManager.&lt;init&gt;(JPADataManager.java:41)
	at fr.devsquad.minutemed.database.JPADataManagerUnitTest.testGetAllHospitals(JPADataManagerUnitTest.java:182)
	at sun.reflect.NativeMethodAccessorImpl.invoke0(Native Method)
	at sun.reflect.NativeMethodAccessorImpl.invoke(NativeMethodAccessorImpl.java:62)
	at sun.reflect.DelegatingMethodAccessorImpl.invoke(DelegatingMethodAccessorImpl.java:43)
	at java.lang.reflect.Method.invoke(Method.java:498)
	at org.junit.runners.model.FrameworkMethod$1.runReflectiveCall(FrameworkMethod.java:50)
	at org.junit.internal.runners.model.ReflectiveCallable.run(ReflectiveCallable.java:12)
	at org.junit.runners.model.FrameworkMethod.invokeExplosively(FrameworkMethod.java:47)
	at org.junit.internal.runners.statements.InvokeMethod.evaluate(InvokeMethod.java:17)
	at org.junit.runners.ParentRunner.runLeaf(ParentRunner.java:325)
	at org.junit.runners.BlockJUnit4ClassRunner.runChild(BlockJUnit4ClassRunner.java:78)
	at org.junit.runners.BlockJUnit4ClassRunner.runChild(BlockJUnit4ClassRunner.java:57)
	at org.junit.runners.ParentRunner$3.run(ParentRunner.java:290)
	at org.junit.runners.ParentRunner$1.schedule(ParentRunner.java:71)
	at org.junit.runners.ParentRunner.runChildren(ParentRunner.java:288)
	at org.junit.runners.ParentRunner.access$000(ParentRunner.java:58)
	at org.junit.runners.ParentRunner$2.evaluate(ParentRunner.java:268)
	at org.junit.runners.ParentRunner.run(ParentRunner.java:363)
	at org.mockito.internal.runners.JUnit45AndHigherRunnerImpl.run(JUnit45AndHigherRunnerImpl.java:37)
	at org.mockito.runners.MockitoJUnitRunner.run(MockitoJUnitRunner.java:62)
	at org.apache.maven.surefire.junit4.JUnit4TestSet.execute(JUnit4TestSet.java:53)
	at org.apache.maven.surefire.junit4.JUnit4Provider.executeTestSet(JUnit4Provider.java:123)
	at org.apache.maven.surefire.junit4.JUnit4Provider.invoke(JUnit4Provider.java:104)
	at sun.reflect.NativeMethodAccessorImpl.invoke0(Native Method)
	at sun.reflect.NativeMethodAccessorImpl.invoke(NativeMethodAccessorImpl.java:62)
	at sun.reflect.DelegatingMethodAccessorImpl.invoke(DelegatingMethodAccessorImpl.java:43)
	at java.lang.reflect.Method.invoke(Method.java:498)
	at org.apache.maven.surefire.util.ReflectionUtils.invokeMethodWithArray(ReflectionUtils.java:164)
	at org.apache.maven.surefire.booter.ProviderFactory$ProviderProxy.invoke(ProviderFactory.java:110)
	at org.apache.maven.surefire.booter.SurefireStarter.invokeProvider(SurefireStarter.java:175)
	at org.apache.maven.surefire.booter.SurefireStarter.runSuitesInProcessWhenForked(SurefireStarter.java:107)
	at org.apache.maven.surefire.booter.ForkedBooter.main(ForkedBooter.java:68)
Caused by: Exception [EclipseLink-7060] (Eclipse Persistence Services - 2.5.2.v20140319-9ad6abd): org.eclipse.persistence.exceptions.ValidationException
Exception Description: Cannot acquire data source [java:app/APHP].
Internal Exception: javax.naming.NamingException: Lookup failed for &apos;java:app/APHP&apos; in SerialContext[myEnv={java.naming.factory.initial=com.sun.enterprise.naming.impl.SerialInitContextFactory, java.naming.factory.state=com.sun.corba.ee.impl.presentation.rmi.JNDIStateFactoryImpl, java.naming.factory.url.pkgs=com.sun.enterprise.naming} [Root exception is javax.naming.NamingException: Invocation exception: Got null ComponentInvocation ]
	at org.eclipse.persistence.exceptions.ValidationException.cannotAcquireDataSource(ValidationException.java:520)
	at org.eclipse.persistence.sessions.JNDIConnector.connect(JNDIConnector.java:109)
	at org.eclipse.persistence.sessions.DatasourceLogin.connectToDatasource(DatasourceLogin.java:162)
	at org.eclipse.persistence.internal.sessions.DatabaseSessionImpl.setOrDetectDatasource(DatabaseSessionImpl.java:204)
	at org.eclipse.persistence.internal.sessions.DatabaseSessionImpl.loginAndDetectDatasource(DatabaseSessionImpl.java:741)
	at org.eclipse.persistence.internal.jpa.EntityManagerFactoryProvider.login(EntityManagerFactoryProvider.java:239)
	at org.eclipse.persistence.internal.jpa.EntityManagerSetupImpl.deploy(EntityManagerSetupImpl.java:685)
	... 40 more
Caused by: javax.naming.NamingException: Lookup failed for &apos;java:app/APHP&apos; in SerialContext[myEnv={java.naming.factory.initial=com.sun.enterprise.naming.impl.SerialInitContextFactory, java.naming.factory.state=com.sun.corba.ee.impl.presentation.rmi.JNDIStateFactoryImpl, java.naming.factory.url.pkgs=com.sun.enterprise.naming} [Root exception is javax.naming.NamingException: Invocation exception: Got null ComponentInvocation ]
	at com.sun.enterprise.naming.impl.SerialContext.lookup(SerialContext.java:491)
	at com.sun.enterprise.naming.impl.SerialContext.lookup(SerialContext.java:438)
	at com.sun.enterprise.naming.impl.SerialContext.lookup(SerialContext.java:622)
	at javax.naming.InitialContext.lookup(InitialContext.java:421)
	at org.eclipse.persistence.sessions.JNDIConnector.connect(JNDIConnector.java:103)
	... 45 more
Caused by: javax.naming.NamingException: Invocation exception: Got null ComponentInvocation 
	at com.sun.enterprise.naming.impl.GlassfishNamingManagerImpl.getComponentId(GlassfishNamingManagerImpl.java:842)
	at com.sun.enterprise.naming.impl.GlassfishNamingManagerImpl.lookup(GlassfishNamingManagerImpl.java:714)
	at com.sun.enterprise.naming.impl.JavaURLContext.lookup(JavaURLContext.java:167)
	at com.sun.enterprise.naming.impl.SerialContext.lookup(SerialContext.java:471)
	... 49 more
</error>
    <system-out>[EL Info]: 2018-02-01 15:06:42.628--ServerSession(559998250)--EclipseLink, version: Eclipse Persistence Services - 2.5.2.v20140319-9ad6abd
[EL Severe]: ejb: 2018-02-01 15:06:42.628--ServerSession(559998250)--Exception [EclipseLink-7060] (Eclipse Persistence Services - 2.5.2.v20140319-9ad6abd): org.eclipse.persistence.exceptions.ValidationException
Exception Description: Cannot acquire data source [java:app/APHP].
Internal Exception: javax.naming.NamingException: Lookup failed for &apos;java:app/APHP&apos; in SerialContext[myEnv={java.naming.factory.initial=com.sun.enterprise.naming.impl.SerialInitContextFactory, java.naming.factory.state=com.sun.corba.ee.impl.presentation.rmi.JNDIStateFactoryImpl, java.naming.factory.url.pkgs=com.sun.enterprise.naming} [Root exception is javax.naming.NamingException: Invocation exception: Got null ComponentInvocation ]
</system-out>
  </testcase>
  <testcase classname="fr.devsquad.minutemed.database.JPADataManagerUnitTest" name="testCreateService" time="0.296">
    <error message="Exception [EclipseLink-7060] (Eclipse Persistence Services - 2.5.2.v20140319-9ad6abd): org.eclipse.persistence.exceptions.ValidationException
Exception Description: Cannot acquire data source [java:app/APHP].
Internal Exception: javax.naming.NamingException: Lookup failed for &apos;java:app/APHP&apos; in SerialContext[myEnv={java.naming.factory.initial=com.sun.enterprise.naming.impl.SerialInitContextFactory, java.naming.factory.state=com.sun.corba.ee.impl.presentation.rmi.JNDIStateFactoryImpl, java.naming.factory.url.pkgs=com.sun.enterprise.naming} [Root exception is javax.naming.NamingException: Invocation exception: Got null ComponentInvocation ]" type="javax.persistence.PersistenceException">javax.persistence.PersistenceException: Exception [EclipseLink-7060] (Eclipse Persistence Services - 2.5.2.v20140319-9ad6abd): org.eclipse.persistence.exceptions.ValidationException
Exception Description: Cannot acquire data source [java:app/APHP].
Internal Exception: javax.naming.NamingException: Lookup failed for &apos;java:app/APHP&apos; in SerialContext[myEnv={java.naming.factory.initial=com.sun.enterprise.naming.impl.SerialInitContextFactory, java.naming.factory.state=com.sun.corba.ee.impl.presentation.rmi.JNDIStateFactoryImpl, java.naming.factory.url.pkgs=com.sun.enterprise.naming} [Root exception is javax.naming.NamingException: Invocation exception: Got null ComponentInvocation ]
	at org.eclipse.persistence.internal.jpa.EntityManagerSetupImpl.deploy(EntityManagerSetupImpl.java:766)
	at org.eclipse.persistence.internal.jpa.EntityManagerFactoryDelegate.getAbstractSession(EntityManagerFactoryDelegate.java:204)
	at org.eclipse.persistence.internal.jpa.EntityManagerFactoryDelegate.getDatabaseSession(EntityManagerFactoryDelegate.java:182)
	at org.eclipse.persistence.internal.jpa.EntityManagerFactoryImpl.getDatabaseSession(EntityManagerFactoryImpl.java:527)
	at org.eclipse.persistence.jpa.PersistenceProvider.createEntityManagerFactoryImpl(PersistenceProvider.java:140)
	at org.eclipse.persistence.jpa.PersistenceProvider.createEntityManagerFactory(PersistenceProvider.java:177)
	at javax.persistence.Persistence.createEntityManagerFactory(Persistence.java:79)
	at javax.persistence.Persistence.createEntityManagerFactory(Persistence.java:54)
	at fr.devsquad.minutemed.database.JPADataManager.&lt;init&gt;(JPADataManager.java:41)
	at fr.devsquad.minutemed.database.JPADataManagerUnitTest.testCreateService(JPADataManagerUnitTest.java:317)
	at sun.reflect.NativeMethodAccessorImpl.invoke0(Native Method)
	at sun.reflect.NativeMethodAccessorImpl.invoke(NativeMethodAccessorImpl.java:62)
	at sun.reflect.DelegatingMethodAccessorImpl.invoke(DelegatingMethodAccessorImpl.java:43)
	at java.lang.reflect.Method.invoke(Method.java:498)
	at org.junit.runners.model.FrameworkMethod$1.runReflectiveCall(FrameworkMethod.java:50)
	at org.junit.internal.runners.model.ReflectiveCallable.run(ReflectiveCallable.java:12)
	at org.junit.runners.model.FrameworkMethod.invokeExplosively(FrameworkMethod.java:47)
	at org.junit.internal.runners.statements.InvokeMethod.evaluate(InvokeMethod.java:17)
	at org.junit.runners.ParentRunner.runLeaf(ParentRunner.java:325)
	at org.junit.runners.BlockJUnit4ClassRunner.runChild(BlockJUnit4ClassRunner.java:78)
	at org.junit.runners.BlockJUnit4ClassRunner.runChild(BlockJUnit4ClassRunner.java:57)
	at org.junit.runners.ParentRunner$3.run(ParentRunner.java:290)
	at org.junit.runners.ParentRunner$1.schedule(ParentRunner.java:71)
	at org.junit.runners.ParentRunner.runChildren(ParentRunner.java:288)
	at org.junit.runners.ParentRunner.access$000(ParentRunner.java:58)
	at org.junit.runners.ParentRunner$2.evaluate(ParentRunner.java:268)
	at org.junit.runners.ParentRunner.run(ParentRunner.java:363)
	at org.mockito.internal.runners.JUnit45AndHigherRunnerImpl.run(JUnit45AndHigherRunnerImpl.java:37)
	at org.mockito.runners.MockitoJUnitRunner.run(MockitoJUnitRunner.java:62)
	at org.apache.maven.surefire.junit4.JUnit4TestSet.execute(JUnit4TestSet.java:53)
	at org.apache.maven.surefire.junit4.JUnit4Provider.executeTestSet(JUnit4Provider.java:123)
	at org.apache.maven.surefire.junit4.JUnit4Provider.invoke(JUnit4Provider.java:104)
	at sun.reflect.NativeMethodAccessorImpl.invoke0(Native Method)
	at sun.reflect.NativeMethodAccessorImpl.invoke(NativeMethodAccessorImpl.java:62)
	at sun.reflect.DelegatingMethodAccessorImpl.invoke(DelegatingMethodAccessorImpl.java:43)
	at java.lang.reflect.Method.invoke(Method.java:498)
	at org.apache.maven.surefire.util.ReflectionUtils.invokeMethodWithArray(ReflectionUtils.java:164)
	at org.apache.maven.surefire.booter.ProviderFactory$ProviderProxy.invoke(ProviderFactory.java:110)
	at org.apache.maven.surefire.booter.SurefireStarter.invokeProvider(SurefireStarter.java:175)
	at org.apache.maven.surefire.booter.SurefireStarter.runSuitesInProcessWhenForked(SurefireStarter.java:107)
	at org.apache.maven.surefire.booter.ForkedBooter.main(ForkedBooter.java:68)
Caused by: Exception [EclipseLink-7060] (Eclipse Persistence Services - 2.5.2.v20140319-9ad6abd): org.eclipse.persistence.exceptions.ValidationException
Exception Description: Cannot acquire data source [java:app/APHP].
Internal Exception: javax.naming.NamingException: Lookup failed for &apos;java:app/APHP&apos; in SerialContext[myEnv={java.naming.factory.initial=com.sun.enterprise.naming.impl.SerialInitContextFactory, java.naming.factory.state=com.sun.corba.ee.impl.presentation.rmi.JNDIStateFactoryImpl, java.naming.factory.url.pkgs=com.sun.enterprise.naming} [Root exception is javax.naming.NamingException: Invocation exception: Got null ComponentInvocation ]
	at org.eclipse.persistence.exceptions.ValidationException.cannotAcquireDataSource(ValidationException.java:520)
	at org.eclipse.persistence.sessions.JNDIConnector.connect(JNDIConnector.java:109)
	at org.eclipse.persistence.sessions.DatasourceLogin.connectToDatasource(DatasourceLogin.java:162)
	at org.eclipse.persistence.internal.sessions.DatabaseSessionImpl.setOrDetectDatasource(DatabaseSessionImpl.java:204)
	at org.eclipse.persistence.internal.sessions.DatabaseSessionImpl.loginAndDetectDatasource(DatabaseSessionImpl.java:741)
	at org.eclipse.persistence.internal.jpa.EntityManagerFactoryProvider.login(EntityManagerFactoryProvider.java:239)
	at org.eclipse.persistence.internal.jpa.EntityManagerSetupImpl.deploy(EntityManagerSetupImpl.java:685)
	... 40 more
Caused by: javax.naming.NamingException: Lookup failed for &apos;java:app/APHP&apos; in SerialContext[myEnv={java.naming.factory.initial=com.sun.enterprise.naming.impl.SerialInitContextFactory, java.naming.factory.state=com.sun.corba.ee.impl.presentation.rmi.JNDIStateFactoryImpl, java.naming.factory.url.pkgs=com.sun.enterprise.naming} [Root exception is javax.naming.NamingException: Invocation exception: Got null ComponentInvocation ]
	at com.sun.enterprise.naming.impl.SerialContext.lookup(SerialContext.java:491)
	at com.sun.enterprise.naming.impl.SerialContext.lookup(SerialContext.java:438)
	at com.sun.enterprise.naming.impl.SerialContext.lookup(SerialContext.java:622)
	at javax.naming.InitialContext.lookup(InitialContext.java:421)
	at org.eclipse.persistence.sessions.JNDIConnector.connect(JNDIConnector.java:103)
	... 45 more
Caused by: javax.naming.NamingException: Invocation exception: Got null ComponentInvocation 
	at com.sun.enterprise.naming.impl.GlassfishNamingManagerImpl.getComponentId(GlassfishNamingManagerImpl.java:842)
	at com.sun.enterprise.naming.impl.GlassfishNamingManagerImpl.lookup(GlassfishNamingManagerImpl.java:714)
	at com.sun.enterprise.naming.impl.JavaURLContext.lookup(JavaURLContext.java:167)
	at com.sun.enterprise.naming.impl.SerialContext.lookup(SerialContext.java:471)
	... 49 more
</error>
    <system-out>[EL Info]: 2018-02-01 15:06:42.92--ServerSession(197855654)--EclipseLink, version: Eclipse Persistence Services - 2.5.2.v20140319-9ad6abd
[EL Severe]: ejb: 2018-02-01 15:06:42.924--ServerSession(197855654)--Exception [EclipseLink-7060] (Eclipse Persistence Services - 2.5.2.v20140319-9ad6abd): org.eclipse.persistence.exceptions.ValidationException
Exception Description: Cannot acquire data source [java:app/APHP].
Internal Exception: javax.naming.NamingException: Lookup failed for &apos;java:app/APHP&apos; in SerialContext[myEnv={java.naming.factory.initial=com.sun.enterprise.naming.impl.SerialInitContextFactory, java.naming.factory.state=com.sun.corba.ee.impl.presentation.rmi.JNDIStateFactoryImpl, java.naming.factory.url.pkgs=com.sun.enterprise.naming} [Root exception is javax.naming.NamingException: Invocation exception: Got null ComponentInvocation ]
</system-out>
  </testcase>
  <testcase classname="fr.devsquad.minutemed.database.JPADataManagerUnitTest" name="testRemoveAccount" time="0.276">
    <error message="Exception [EclipseLink-7060] (Eclipse Persistence Services - 2.5.2.v20140319-9ad6abd): org.eclipse.persistence.exceptions.ValidationException
Exception Description: Cannot acquire data source [java:app/APHP].
Internal Exception: javax.naming.NamingException: Lookup failed for &apos;java:app/APHP&apos; in SerialContext[myEnv={java.naming.factory.initial=com.sun.enterprise.naming.impl.SerialInitContextFactory, java.naming.factory.state=com.sun.corba.ee.impl.presentation.rmi.JNDIStateFactoryImpl, java.naming.factory.url.pkgs=com.sun.enterprise.naming} [Root exception is javax.naming.NamingException: Invocation exception: Got null ComponentInvocation ]" type="javax.persistence.PersistenceException">javax.persistence.PersistenceException: Exception [EclipseLink-7060] (Eclipse Persistence Services - 2.5.2.v20140319-9ad6abd): org.eclipse.persistence.exceptions.ValidationException
Exception Description: Cannot acquire data source [java:app/APHP].
Internal Exception: javax.naming.NamingException: Lookup failed for &apos;java:app/APHP&apos; in SerialContext[myEnv={java.naming.factory.initial=com.sun.enterprise.naming.impl.SerialInitContextFactory, java.naming.factory.state=com.sun.corba.ee.impl.presentation.rmi.JNDIStateFactoryImpl, java.naming.factory.url.pkgs=com.sun.enterprise.naming} [Root exception is javax.naming.NamingException: Invocation exception: Got null ComponentInvocation ]
	at org.eclipse.persistence.internal.jpa.EntityManagerSetupImpl.deploy(EntityManagerSetupImpl.java:766)
	at org.eclipse.persistence.internal.jpa.EntityManagerFactoryDelegate.getAbstractSession(EntityManagerFactoryDelegate.java:204)
	at org.eclipse.persistence.internal.jpa.EntityManagerFactoryDelegate.getDatabaseSession(EntityManagerFactoryDelegate.java:182)
	at org.eclipse.persistence.internal.jpa.EntityManagerFactoryImpl.getDatabaseSession(EntityManagerFactoryImpl.java:527)
	at org.eclipse.persistence.jpa.PersistenceProvider.createEntityManagerFactoryImpl(PersistenceProvider.java:140)
	at org.eclipse.persistence.jpa.PersistenceProvider.createEntityManagerFactory(PersistenceProvider.java:177)
	at javax.persistence.Persistence.createEntityManagerFactory(Persistence.java:79)
	at javax.persistence.Persistence.createEntityManagerFactory(Persistence.java:54)
	at fr.devsquad.minutemed.database.JPADataManager.&lt;init&gt;(JPADataManager.java:41)
	at fr.devsquad.minutemed.database.JPADataManagerUnitTest.testRemoveAccount(JPADataManagerUnitTest.java:89)
	at sun.reflect.NativeMethodAccessorImpl.invoke0(Native Method)
	at sun.reflect.NativeMethodAccessorImpl.invoke(NativeMethodAccessorImpl.java:62)
	at sun.reflect.DelegatingMethodAccessorImpl.invoke(DelegatingMethodAccessorImpl.java:43)
	at java.lang.reflect.Method.invoke(Method.java:498)
	at org.junit.runners.model.FrameworkMethod$1.runReflectiveCall(FrameworkMethod.java:50)
	at org.junit.internal.runners.model.ReflectiveCallable.run(ReflectiveCallable.java:12)
	at org.junit.runners.model.FrameworkMethod.invokeExplosively(FrameworkMethod.java:47)
	at org.junit.internal.runners.statements.InvokeMethod.evaluate(InvokeMethod.java:17)
	at org.junit.runners.ParentRunner.runLeaf(ParentRunner.java:325)
	at org.junit.runners.BlockJUnit4ClassRunner.runChild(BlockJUnit4ClassRunner.java:78)
	at org.junit.runners.BlockJUnit4ClassRunner.runChild(BlockJUnit4ClassRunner.java:57)
	at org.junit.runners.ParentRunner$3.run(ParentRunner.java:290)
	at org.junit.runners.ParentRunner$1.schedule(ParentRunner.java:71)
	at org.junit.runners.ParentRunner.runChildren(ParentRunner.java:288)
	at org.junit.runners.ParentRunner.access$000(ParentRunner.java:58)
	at org.junit.runners.ParentRunner$2.evaluate(ParentRunner.java:268)
	at org.junit.runners.ParentRunner.run(ParentRunner.java:363)
	at org.mockito.internal.runners.JUnit45AndHigherRunnerImpl.run(JUnit45AndHigherRunnerImpl.java:37)
	at org.mockito.runners.MockitoJUnitRunner.run(MockitoJUnitRunner.java:62)
	at org.apache.maven.surefire.junit4.JUnit4TestSet.execute(JUnit4TestSet.java:53)
	at org.apache.maven.surefire.junit4.JUnit4Provider.executeTestSet(JUnit4Provider.java:123)
	at org.apache.maven.surefire.junit4.JUnit4Provider.invoke(JUnit4Provider.java:104)
	at sun.reflect.NativeMethodAccessorImpl.invoke0(Native Method)
	at sun.reflect.NativeMethodAccessorImpl.invoke(NativeMethodAccessorImpl.java:62)
	at sun.reflect.DelegatingMethodAccessorImpl.invoke(DelegatingMethodAccessorImpl.java:43)
	at java.lang.reflect.Method.invoke(Method.java:498)
	at org.apache.maven.surefire.util.ReflectionUtils.invokeMethodWithArray(ReflectionUtils.java:164)
	at org.apache.maven.surefire.booter.ProviderFactory$ProviderProxy.invoke(ProviderFactory.java:110)
	at org.apache.maven.surefire.booter.SurefireStarter.invokeProvider(SurefireStarter.java:175)
	at org.apache.maven.surefire.booter.SurefireStarter.runSuitesInProcessWhenForked(SurefireStarter.java:107)
	at org.apache.maven.surefire.booter.ForkedBooter.main(ForkedBooter.java:68)
Caused by: Exception [EclipseLink-7060] (Eclipse Persistence Services - 2.5.2.v20140319-9ad6abd): org.eclipse.persistence.exceptions.ValidationException
Exception Description: Cannot acquire data source [java:app/APHP].
Internal Exception: javax.naming.NamingException: Lookup failed for &apos;java:app/APHP&apos; in SerialContext[myEnv={java.naming.factory.initial=com.sun.enterprise.naming.impl.SerialInitContextFactory, java.naming.factory.state=com.sun.corba.ee.impl.presentation.rmi.JNDIStateFactoryImpl, java.naming.factory.url.pkgs=com.sun.enterprise.naming} [Root exception is javax.naming.NamingException: Invocation exception: Got null ComponentInvocation ]
	at org.eclipse.persistence.exceptions.ValidationException.cannotAcquireDataSource(ValidationException.java:520)
	at org.eclipse.persistence.sessions.JNDIConnector.connect(JNDIConnector.java:109)
	at org.eclipse.persistence.sessions.DatasourceLogin.connectToDatasource(DatasourceLogin.java:162)
	at org.eclipse.persistence.internal.sessions.DatabaseSessionImpl.setOrDetectDatasource(DatabaseSessionImpl.java:204)
	at org.eclipse.persistence.internal.sessions.DatabaseSessionImpl.loginAndDetectDatasource(DatabaseSessionImpl.java:741)
	at org.eclipse.persistence.internal.jpa.EntityManagerFactoryProvider.login(EntityManagerFactoryProvider.java:239)
	at org.eclipse.persistence.internal.jpa.EntityManagerSetupImpl.deploy(EntityManagerSetupImpl.java:685)
	... 40 more
Caused by: javax.naming.NamingException: Lookup failed for &apos;java:app/APHP&apos; in SerialContext[myEnv={java.naming.factory.initial=com.sun.enterprise.naming.impl.SerialInitContextFactory, java.naming.factory.state=com.sun.corba.ee.impl.presentation.rmi.JNDIStateFactoryImpl, java.naming.factory.url.pkgs=com.sun.enterprise.naming} [Root exception is javax.naming.NamingException: Invocation exception: Got null ComponentInvocation ]
	at com.sun.enterprise.naming.impl.SerialContext.lookup(SerialContext.java:491)
	at com.sun.enterprise.naming.impl.SerialContext.lookup(SerialContext.java:438)
	at com.sun.enterprise.naming.impl.SerialContext.lookup(SerialContext.java:622)
	at javax.naming.InitialContext.lookup(InitialContext.java:421)
	at org.eclipse.persistence.sessions.JNDIConnector.connect(JNDIConnector.java:103)
	... 45 more
Caused by: javax.naming.NamingException: Invocation exception: Got null ComponentInvocation 
	at com.sun.enterprise.naming.impl.GlassfishNamingManagerImpl.getComponentId(GlassfishNamingManagerImpl.java:842)
	at com.sun.enterprise.naming.impl.GlassfishNamingManagerImpl.lookup(GlassfishNamingManagerImpl.java:714)
	at com.sun.enterprise.naming.impl.JavaURLContext.lookup(JavaURLContext.java:167)
	at com.sun.enterprise.naming.impl.SerialContext.lookup(SerialContext.java:471)
	... 49 more
</error>
    <system-out>[EL Info]: 2018-02-01 15:06:43.2--ServerSession(1226298219)--EclipseLink, version: Eclipse Persistence Services - 2.5.2.v20140319-9ad6abd
[EL Severe]: ejb: 2018-02-01 15:06:43.2--ServerSession(1226298219)--Exception [EclipseLink-7060] (Eclipse Persistence Services - 2.5.2.v20140319-9ad6abd): org.eclipse.persistence.exceptions.ValidationException
Exception Description: Cannot acquire data source [java:app/APHP].
Internal Exception: javax.naming.NamingException: Lookup failed for &apos;java:app/APHP&apos; in SerialContext[myEnv={java.naming.factory.initial=com.sun.enterprise.naming.impl.SerialInitContextFactory, java.naming.factory.state=com.sun.corba.ee.impl.presentation.rmi.JNDIStateFactoryImpl, java.naming.factory.url.pkgs=com.sun.enterprise.naming} [Root exception is javax.naming.NamingException: Invocation exception: Got null ComponentInvocation ]
</system-out>
  </testcase>
  <testcase classname="fr.devsquad.minutemed.database.JPADataManagerUnitTest" name="testCreateDoctor" time="0.26">
    <error message="Exception [EclipseLink-7060] (Eclipse Persistence Services - 2.5.2.v20140319-9ad6abd): org.eclipse.persistence.exceptions.ValidationException
Exception Description: Cannot acquire data source [java:app/APHP].
Internal Exception: javax.naming.NamingException: Lookup failed for &apos;java:app/APHP&apos; in SerialContext[myEnv={java.naming.factory.initial=com.sun.enterprise.naming.impl.SerialInitContextFactory, java.naming.factory.state=com.sun.corba.ee.impl.presentation.rmi.JNDIStateFactoryImpl, java.naming.factory.url.pkgs=com.sun.enterprise.naming} [Root exception is javax.naming.NamingException: Invocation exception: Got null ComponentInvocation ]" type="javax.persistence.PersistenceException">javax.persistence.PersistenceException: Exception [EclipseLink-7060] (Eclipse Persistence Services - 2.5.2.v20140319-9ad6abd): org.eclipse.persistence.exceptions.ValidationException
Exception Description: Cannot acquire data source [java:app/APHP].
Internal Exception: javax.naming.NamingException: Lookup failed for &apos;java:app/APHP&apos; in SerialContext[myEnv={java.naming.factory.initial=com.sun.enterprise.naming.impl.SerialInitContextFactory, java.naming.factory.state=com.sun.corba.ee.impl.presentation.rmi.JNDIStateFactoryImpl, java.naming.factory.url.pkgs=com.sun.enterprise.naming} [Root exception is javax.naming.NamingException: Invocation exception: Got null ComponentInvocation ]
	at org.eclipse.persistence.internal.jpa.EntityManagerSetupImpl.deploy(EntityManagerSetupImpl.java:766)
	at org.eclipse.persistence.internal.jpa.EntityManagerFactoryDelegate.getAbstractSession(EntityManagerFactoryDelegate.java:204)
	at org.eclipse.persistence.internal.jpa.EntityManagerFactoryDelegate.getDatabaseSession(EntityManagerFactoryDelegate.java:182)
	at org.eclipse.persistence.internal.jpa.EntityManagerFactoryImpl.getDatabaseSession(EntityManagerFactoryImpl.java:527)
	at org.eclipse.persistence.jpa.PersistenceProvider.createEntityManagerFactoryImpl(PersistenceProvider.java:140)
	at org.eclipse.persistence.jpa.PersistenceProvider.createEntityManagerFactory(PersistenceProvider.java:177)
	at javax.persistence.Persistence.createEntityManagerFactory(Persistence.java:79)
	at javax.persistence.Persistence.createEntityManagerFactory(Persistence.java:54)
	at fr.devsquad.minutemed.database.JPADataManager.&lt;init&gt;(JPADataManager.java:41)
	at fr.devsquad.minutemed.database.JPADataManagerUnitTest.testCreateDoctor(JPADataManagerUnitTest.java:752)
	at sun.reflect.NativeMethodAccessorImpl.invoke0(Native Method)
	at sun.reflect.NativeMethodAccessorImpl.invoke(NativeMethodAccessorImpl.java:62)
	at sun.reflect.DelegatingMethodAccessorImpl.invoke(DelegatingMethodAccessorImpl.java:43)
	at java.lang.reflect.Method.invoke(Method.java:498)
	at org.junit.runners.model.FrameworkMethod$1.runReflectiveCall(FrameworkMethod.java:50)
	at org.junit.internal.runners.model.ReflectiveCallable.run(ReflectiveCallable.java:12)
	at org.junit.runners.model.FrameworkMethod.invokeExplosively(FrameworkMethod.java:47)
	at org.junit.internal.runners.statements.InvokeMethod.evaluate(InvokeMethod.java:17)
	at org.junit.runners.ParentRunner.runLeaf(ParentRunner.java:325)
	at org.junit.runners.BlockJUnit4ClassRunner.runChild(BlockJUnit4ClassRunner.java:78)
	at org.junit.runners.BlockJUnit4ClassRunner.runChild(BlockJUnit4ClassRunner.java:57)
	at org.junit.runners.ParentRunner$3.run(ParentRunner.java:290)
	at org.junit.runners.ParentRunner$1.schedule(ParentRunner.java:71)
	at org.junit.runners.ParentRunner.runChildren(ParentRunner.java:288)
	at org.junit.runners.ParentRunner.access$000(ParentRunner.java:58)
	at org.junit.runners.ParentRunner$2.evaluate(ParentRunner.java:268)
	at org.junit.runners.ParentRunner.run(ParentRunner.java:363)
	at org.mockito.internal.runners.JUnit45AndHigherRunnerImpl.run(JUnit45AndHigherRunnerImpl.java:37)
	at org.mockito.runners.MockitoJUnitRunner.run(MockitoJUnitRunner.java:62)
	at org.apache.maven.surefire.junit4.JUnit4TestSet.execute(JUnit4TestSet.java:53)
	at org.apache.maven.surefire.junit4.JUnit4Provider.executeTestSet(JUnit4Provider.java:123)
	at org.apache.maven.surefire.junit4.JUnit4Provider.invoke(JUnit4Provider.java:104)
	at sun.reflect.NativeMethodAccessorImpl.invoke0(Native Method)
	at sun.reflect.NativeMethodAccessorImpl.invoke(NativeMethodAccessorImpl.java:62)
	at sun.reflect.DelegatingMethodAccessorImpl.invoke(DelegatingMethodAccessorImpl.java:43)
	at java.lang.reflect.Method.invoke(Method.java:498)
	at org.apache.maven.surefire.util.ReflectionUtils.invokeMethodWithArray(ReflectionUtils.java:164)
	at org.apache.maven.surefire.booter.ProviderFactory$ProviderProxy.invoke(ProviderFactory.java:110)
	at org.apache.maven.surefire.booter.SurefireStarter.invokeProvider(SurefireStarter.java:175)
	at org.apache.maven.surefire.booter.SurefireStarter.runSuitesInProcessWhenForked(SurefireStarter.java:107)
	at org.apache.maven.surefire.booter.ForkedBooter.main(ForkedBooter.java:68)
Caused by: Exception [EclipseLink-7060] (Eclipse Persistence Services - 2.5.2.v20140319-9ad6abd): org.eclipse.persistence.exceptions.ValidationException
Exception Description: Cannot acquire data source [java:app/APHP].
Internal Exception: javax.naming.NamingException: Lookup failed for &apos;java:app/APHP&apos; in SerialContext[myEnv={java.naming.factory.initial=com.sun.enterprise.naming.impl.SerialInitContextFactory, java.naming.factory.state=com.sun.corba.ee.impl.presentation.rmi.JNDIStateFactoryImpl, java.naming.factory.url.pkgs=com.sun.enterprise.naming} [Root exception is javax.naming.NamingException: Invocation exception: Got null ComponentInvocation ]
	at org.eclipse.persistence.exceptions.ValidationException.cannotAcquireDataSource(ValidationException.java:520)
	at org.eclipse.persistence.sessions.JNDIConnector.connect(JNDIConnector.java:109)
	at org.eclipse.persistence.sessions.DatasourceLogin.connectToDatasource(DatasourceLogin.java:162)
	at org.eclipse.persistence.internal.sessions.DatabaseSessionImpl.setOrDetectDatasource(DatabaseSessionImpl.java:204)
	at org.eclipse.persistence.internal.sessions.DatabaseSessionImpl.loginAndDetectDatasource(DatabaseSessionImpl.java:741)
	at org.eclipse.persistence.internal.jpa.EntityManagerFactoryProvider.login(EntityManagerFactoryProvider.java:239)
	at org.eclipse.persistence.internal.jpa.EntityManagerSetupImpl.deploy(EntityManagerSetupImpl.java:685)
	... 40 more
Caused by: javax.naming.NamingException: Lookup failed for &apos;java:app/APHP&apos; in SerialContext[myEnv={java.naming.factory.initial=com.sun.enterprise.naming.impl.SerialInitContextFactory, java.naming.factory.state=com.sun.corba.ee.impl.presentation.rmi.JNDIStateFactoryImpl, java.naming.factory.url.pkgs=com.sun.enterprise.naming} [Root exception is javax.naming.NamingException: Invocation exception: Got null ComponentInvocation ]
	at com.sun.enterprise.naming.impl.SerialContext.lookup(SerialContext.java:491)
	at com.sun.enterprise.naming.impl.SerialContext.lookup(SerialContext.java:438)
	at com.sun.enterprise.naming.impl.SerialContext.lookup(SerialContext.java:622)
	at javax.naming.InitialContext.lookup(InitialContext.java:421)
	at org.eclipse.persistence.sessions.JNDIConnector.connect(JNDIConnector.java:103)
	... 45 more
Caused by: javax.naming.NamingException: Invocation exception: Got null ComponentInvocation 
	at com.sun.enterprise.naming.impl.GlassfishNamingManagerImpl.getComponentId(GlassfishNamingManagerImpl.java:842)
	at com.sun.enterprise.naming.impl.GlassfishNamingManagerImpl.lookup(GlassfishNamingManagerImpl.java:714)
	at com.sun.enterprise.naming.impl.JavaURLContext.lookup(JavaURLContext.java:167)
	at com.sun.enterprise.naming.impl.SerialContext.lookup(SerialContext.java:471)
	... 49 more
</error>
    <system-out>[EL Info]: 2018-02-01 15:06:43.464--ServerSession(1682157864)--EclipseLink, version: Eclipse Persistence Services - 2.5.2.v20140319-9ad6abd
[EL Severe]: ejb: 2018-02-01 15:06:43.464--ServerSession(1682157864)--Exception [EclipseLink-7060] (Eclipse Persistence Services - 2.5.2.v20140319-9ad6abd): org.eclipse.persistence.exceptions.ValidationException
Exception Description: Cannot acquire data source [java:app/APHP].
Internal Exception: javax.naming.NamingException: Lookup failed for &apos;java:app/APHP&apos; in SerialContext[myEnv={java.naming.factory.initial=com.sun.enterprise.naming.impl.SerialInitContextFactory, java.naming.factory.state=com.sun.corba.ee.impl.presentation.rmi.JNDIStateFactoryImpl, java.naming.factory.url.pkgs=com.sun.enterprise.naming} [Root exception is javax.naming.NamingException: Invocation exception: Got null ComponentInvocation ]
</system-out>
  </testcase>
</testsuite>